<?xml version="1.0" encoding="UTF-8"?>
<robot generator="Robot 6.0.1 (Python 3.11.1 on win32)" generated="20230106 10:46:38.098" rpa="false" schemaversion="3">
<suite id="s1" name="TaxReliefProject" source="C:\Users\ECQ1046\PycharmProjects\TaxReliefProject">
<suite id="s1-s1" name="OppenheimerUS1" source="C:\Users\ECQ1046\PycharmProjects\TaxReliefProject\OppenheimerUS1">
<suite id="s1-s1-s1" name="TC 01 Insert Single Person VALID" source="C:\Users\ECQ1046\PycharmProjects\TaxReliefProject\OppenheimerUS1\TC_01_Insert_Single_Person_VALID.robot">
<test id="s1-s1-s1-t1" name="TC_01:Insert_Single_Person_VALID" line="12">
<kw name="Create Session" library="RequestsLibrary">
<arg>session</arg>
<arg>${base_url}</arg>
<doc>Create Session: create a HTTP session to a server</doc>
<msg timestamp="20230106 10:46:38.228" level="INFO">Creating Session using : alias=session, url=http://localhost:8080, headers={},                     cookies={}, auth=None, timeout=None, proxies=None, verify=False,                     debug=0 </msg>
<status status="PASS" starttime="20230106 10:46:38.228" endtime="20230106 10:46:38.228"/>
</kw>
<kw name="Create Dictionary" library="BuiltIn">
<var>${body}</var>
<arg>birthday=17061995</arg>
<arg>gender=M</arg>
<arg>name=Lewies</arg>
<arg>natid=s9520789h</arg>
<arg>salary=4000</arg>
<arg>tax=300</arg>
<doc>Creates and returns a dictionary based on the given ``items``.</doc>
<msg timestamp="20230106 10:46:38.228" level="INFO">${body} = {'birthday': '17061995', 'gender': 'M', 'name': 'Lewies', 'natid': 's9520789h', 'salary': '4000', 'tax': '300'}</msg>
<status status="PASS" starttime="20230106 10:46:38.228" endtime="20230106 10:46:38.228"/>
</kw>
<kw name="Create Dictionary" library="BuiltIn">
<var>${header}</var>
<arg>Content-Type=application/json</arg>
<doc>Creates and returns a dictionary based on the given ``items``.</doc>
<msg timestamp="20230106 10:46:38.228" level="INFO">${header} = {'Content-Type': 'application/json'}</msg>
<status status="PASS" starttime="20230106 10:46:38.228" endtime="20230106 10:46:38.228"/>
</kw>
<kw name="POST On Session" library="RequestsLibrary">
<var>${response}</var>
<arg>session</arg>
<arg>/calculator/insert</arg>
<arg>json=${body}</arg>
<arg>headers=${header}</arg>
<doc>Sends a POST request on a previously created HTTP Session.</doc>
<msg timestamp="20230106 10:46:38.228" level="INFO">POST Request : url=http://localhost:8080/calculator/insert 
 path_url=/calculator/insert 
 headers={'User-Agent': 'python-requests/2.28.1', 'Accept-Encoding': 'gzip, deflate', 'Accept': '*/*', 'Connection': 'keep-alive', 'Content-Type': 'application/json', 'Content-Length': '111'} 
 body=b'{"birthday": "17061995", "gender": "M", "name": "Lewies", "natid": "s9520789h", "salary": "4000", "tax": "300"}' 
 </msg>
<msg timestamp="20230106 10:46:38.228" level="INFO">POST Response : url=http://localhost:8080/calculator/insert 
 status=202, reason= 
 headers={'Content-Type': 'text/plain;charset=UTF-8', 'Content-Length': '7', 'Date': 'Fri, 06 Jan 2023 02:46:38 GMT'} 
 body=Alright 
 </msg>
<msg timestamp="20230106 10:46:38.228" level="INFO">${response} = &lt;Response [202]&gt;</msg>
<status status="PASS" starttime="20230106 10:46:38.228" endtime="20230106 10:46:38.228"/>
</kw>
<kw name="Convert To String" library="BuiltIn">
<var>${status_code}</var>
<arg>${response.status_code}</arg>
<doc>Converts the given item to a Unicode string.</doc>
<msg timestamp="20230106 10:46:38.243" level="INFO">${status_code} = 202</msg>
<status status="PASS" starttime="20230106 10:46:38.243" endtime="20230106 10:46:38.243"/>
</kw>
<kw name="Convert To String" library="BuiltIn">
<var>${res_body}</var>
<arg>${response.content}</arg>
<doc>Converts the given item to a Unicode string.</doc>
<msg timestamp="20230106 10:46:38.243" level="INFO">${res_body} = Alright</msg>
<status status="PASS" starttime="20230106 10:46:38.243" endtime="20230106 10:46:38.243"/>
</kw>
<kw name="Should Contain" library="BuiltIn">
<arg>${res_body}</arg>
<arg>Alright</arg>
<doc>Fails if ``container`` does not contain ``item`` one or more times.</doc>
<status status="PASS" starttime="20230106 10:46:38.243" endtime="20230106 10:46:38.243"/>
</kw>
<kw name="Should Be Equal" library="BuiltIn">
<arg>${status_code}</arg>
<arg>202</arg>
<doc>Fails if the given objects are unequal.</doc>
<status status="PASS" starttime="20230106 10:46:38.243" endtime="20230106 10:46:38.243"/>
</kw>
<kw name="POST On Session" library="RequestsLibrary" type="TEARDOWN">
<arg>session</arg>
<arg>/calculator/rakeDatabase</arg>
<doc>Sends a POST request on a previously created HTTP Session.</doc>
<msg timestamp="20230106 10:46:38.243" level="INFO">POST Request : url=http://localhost:8080/calculator/rakeDatabase 
 path_url=/calculator/rakeDatabase 
 headers={'User-Agent': 'python-requests/2.28.1', 'Accept-Encoding': 'gzip, deflate', 'Accept': '*/*', 'Connection': 'keep-alive', 'Content-Length': '0'} 
 body=None 
 </msg>
<msg timestamp="20230106 10:46:38.243" level="INFO">POST Response : url=http://localhost:8080/calculator/rakeDatabase 
 status=200, reason= 
 headers={'Content-Type': 'text/plain;charset=UTF-8', 'Content-Length': '21', 'Date': 'Fri, 06 Jan 2023 02:46:38 GMT'} 
 body=Successfully raked DB 
 </msg>
<status status="PASS" starttime="20230106 10:46:38.243" endtime="20230106 10:46:38.243"/>
</kw>
<doc>The tests in this directory are for testing the POST request http://localhost:8080/calculator/insert for both valid and invalid input data</doc>
<tag>Functional</tag>
<tag>Smoke</tag>
<status status="PASS" starttime="20230106 10:46:38.228" endtime="20230106 10:46:38.250"/>
</test>
<status status="PASS" starttime="20230106 10:46:38.150" endtime="20230106 10:46:38.250"/>
</suite>
<suite id="s1-s1-s2" name="TC 02 Insert Single Person INVALID NoData" source="C:\Users\ECQ1046\PycharmProjects\TaxReliefProject\OppenheimerUS1\TC_02_Insert_Single_Person_INVALID_NoData.robot">
<test id="s1-s1-s2-t1" name="TC_02:Insert_Single_Person_INVALID_NoData" line="11">
<kw name="Create Session" library="RequestsLibrary">
<arg>session</arg>
<arg>${base_url}</arg>
<doc>Create Session: create a HTTP session to a server</doc>
<msg timestamp="20230106 10:46:38.250" level="INFO">Creating Session using : alias=session, url=http://localhost:8080, headers={},                     cookies={}, auth=None, timeout=None, proxies=None, verify=False,                     debug=0 </msg>
<status status="PASS" starttime="20230106 10:46:38.250" endtime="20230106 10:46:38.250"/>
</kw>
<kw name="Create Dictionary" library="BuiltIn">
<var>${body}</var>
<doc>Creates and returns a dictionary based on the given ``items``.</doc>
<msg timestamp="20230106 10:46:38.250" level="INFO">${body} = {}</msg>
<status status="PASS" starttime="20230106 10:46:38.250" endtime="20230106 10:46:38.250"/>
</kw>
<kw name="Create Dictionary" library="BuiltIn">
<var>${header}</var>
<arg>Content-Type=application/json</arg>
<doc>Creates and returns a dictionary based on the given ``items``.</doc>
<msg timestamp="20230106 10:46:38.250" level="INFO">${header} = {'Content-Type': 'application/json'}</msg>
<status status="PASS" starttime="20230106 10:46:38.250" endtime="20230106 10:46:38.250"/>
</kw>
<kw name="POST On Session" library="RequestsLibrary">
<var>${response}</var>
<arg>session</arg>
<arg>/calculator/insert</arg>
<arg>json=${body}</arg>
<arg>headers=${header}</arg>
<arg>expected_status=500</arg>
<doc>Sends a POST request on a previously created HTTP Session.</doc>
<msg timestamp="20230106 10:46:38.250" level="INFO">POST Request : url=http://localhost:8080/calculator/insert 
 path_url=/calculator/insert 
 headers={'User-Agent': 'python-requests/2.28.1', 'Accept-Encoding': 'gzip, deflate', 'Accept': '*/*', 'Connection': 'keep-alive', 'Content-Type': 'application/json', 'Content-Length': '2'} 
 body=b'{}' 
 </msg>
<msg timestamp="20230106 10:46:38.250" level="INFO">POST Response : url=http://localhost:8080/calculator/insert 
 status=500, reason= 
 headers={'Content-Type': 'application/json;charset=UTF-8', 'Transfer-Encoding': 'chunked', 'Date': 'Fri, 06 Jan 2023 02:46:38 GMT', 'Connection': 'close'} 
 body={"timestamp":"2023-01-06T02:46:38.249+0000","status":500,"error":"Internal Server Error","message":"text","path":"/calculator/insert"} 
 </msg>
<msg timestamp="20230106 10:46:38.265" level="INFO">${response} = &lt;Response [500]&gt;</msg>
<status status="PASS" starttime="20230106 10:46:38.250" endtime="20230106 10:46:38.265"/>
</kw>
<kw name="Convert To String" library="BuiltIn">
<var>${status_code}</var>
<arg>${response.status_code}</arg>
<doc>Converts the given item to a Unicode string.</doc>
<msg timestamp="20230106 10:46:38.265" level="INFO">${status_code} = 500</msg>
<status status="PASS" starttime="20230106 10:46:38.265" endtime="20230106 10:46:38.265"/>
</kw>
<kw name="Should Be Equal" library="BuiltIn">
<arg>${status_code}</arg>
<arg>500</arg>
<doc>Fails if the given objects are unequal.</doc>
<status status="PASS" starttime="20230106 10:46:38.265" endtime="20230106 10:46:38.265"/>
</kw>
<kw name="POST On Session" library="RequestsLibrary" type="TEARDOWN">
<arg>session</arg>
<arg>/calculator/rakeDatabase</arg>
<doc>Sends a POST request on a previously created HTTP Session.</doc>
<msg timestamp="20230106 10:46:38.265" level="INFO">POST Request : url=http://localhost:8080/calculator/rakeDatabase 
 path_url=/calculator/rakeDatabase 
 headers={'User-Agent': 'python-requests/2.28.1', 'Accept-Encoding': 'gzip, deflate', 'Accept': '*/*', 'Connection': 'keep-alive', 'Content-Length': '0'} 
 body=None 
 </msg>
<msg timestamp="20230106 10:46:38.265" level="INFO">POST Response : url=http://localhost:8080/calculator/rakeDatabase 
 status=200, reason= 
 headers={'Content-Type': 'text/plain;charset=UTF-8', 'Content-Length': '21', 'Date': 'Fri, 06 Jan 2023 02:46:38 GMT'} 
 body=Successfully raked DB 
 </msg>
<status status="PASS" starttime="20230106 10:46:38.265" endtime="20230106 10:46:38.265"/>
</kw>
<tag>Functional</tag>
<status status="PASS" starttime="20230106 10:46:38.250" endtime="20230106 10:46:38.265"/>
</test>
<status status="PASS" starttime="20230106 10:46:38.250" endtime="20230106 10:46:38.265"/>
</suite>
<suite id="s1-s1-s3" name="TC 03 Insert Single Person INVALID InvalidDataEnum" source="C:\Users\ECQ1046\PycharmProjects\TaxReliefProject\OppenheimerUS1\TC_03_Insert_Single_Person_INVALID_InvalidDataEnum.robot">
<test id="s1-s1-s3-t1" name="TC_03:Insert_Single_Person_INVALID_InvalidDataEnum" line="12">
<kw name="Create Session" library="RequestsLibrary">
<arg>session</arg>
<arg>${base_url}</arg>
<doc>Create Session: create a HTTP session to a server</doc>
<msg timestamp="20230106 10:46:38.265" level="INFO">Creating Session using : alias=session, url=http://localhost:8080, headers={},                     cookies={}, auth=None, timeout=None, proxies=None, verify=False,                     debug=0 </msg>
<status status="PASS" starttime="20230106 10:46:38.265" endtime="20230106 10:46:38.265"/>
</kw>
<kw name="Create Dictionary" library="BuiltIn">
<var>${body}</var>
<arg>birthday=17061995</arg>
<arg>gender=Male</arg>
<arg>name=Lewies</arg>
<arg>natid=s9520789h</arg>
<arg>salary=4000</arg>
<arg>tax=300</arg>
<doc>Creates and returns a dictionary based on the given ``items``.</doc>
<msg timestamp="20230106 10:46:38.265" level="INFO">${body} = {'birthday': '17061995', 'gender': 'Male', 'name': 'Lewies', 'natid': 's9520789h', 'salary': '4000', 'tax': '300'}</msg>
<status status="PASS" starttime="20230106 10:46:38.265" endtime="20230106 10:46:38.265"/>
</kw>
<kw name="Create Dictionary" library="BuiltIn">
<var>${header}</var>
<arg>Content-Type=application/json</arg>
<doc>Creates and returns a dictionary based on the given ``items``.</doc>
<msg timestamp="20230106 10:46:38.281" level="INFO">${header} = {'Content-Type': 'application/json'}</msg>
<status status="PASS" starttime="20230106 10:46:38.281" endtime="20230106 10:46:38.281"/>
</kw>
<kw name="POST On Session" library="RequestsLibrary">
<var>${response}</var>
<arg>session</arg>
<arg>/calculator/insert</arg>
<arg>json=${body}</arg>
<arg>headers=${header}</arg>
<arg>expected_status=500</arg>
<doc>Sends a POST request on a previously created HTTP Session.</doc>
<msg timestamp="20230106 10:46:38.281" level="INFO">POST Request : url=http://localhost:8080/calculator/insert 
 path_url=/calculator/insert 
 headers={'User-Agent': 'python-requests/2.28.1', 'Accept-Encoding': 'gzip, deflate', 'Accept': '*/*', 'Connection': 'keep-alive', 'Content-Type': 'application/json', 'Content-Length': '114'} 
 body=b'{"birthday": "17061995", "gender": "Male", "name": "Lewies", "natid": "s9520789h", "salary": "4000", "tax": "300"}' 
 </msg>
<msg timestamp="20230106 10:46:38.281" level="INFO">POST Response : url=http://localhost:8080/calculator/insert 
 status=500, reason= 
 headers={'Content-Type': 'application/json;charset=UTF-8', 'Transfer-Encoding': 'chunked', 'Date': 'Fri, 06 Jan 2023 02:46:38 GMT', 'Connection': 'close'} 
 body={"timestamp":"2023-01-06T02:46:38.281+0000","status":500,"error":"Internal Server Error","message":"could not execute statement; SQL [n/a]; nested exception is org.hibernate.exception.DataException: could not execute statement","path":"/calculator/insert"} 
 </msg>
<msg timestamp="20230106 10:46:38.281" level="INFO">${response} = &lt;Response [500]&gt;</msg>
<status status="PASS" starttime="20230106 10:46:38.281" endtime="20230106 10:46:38.281"/>
</kw>
<kw name="Convert To String" library="BuiltIn">
<var>${status_code}</var>
<arg>${response.status_code}</arg>
<doc>Converts the given item to a Unicode string.</doc>
<msg timestamp="20230106 10:46:38.281" level="INFO">${status_code} = 500</msg>
<status status="PASS" starttime="20230106 10:46:38.281" endtime="20230106 10:46:38.281"/>
</kw>
<kw name="Should Be Equal" library="BuiltIn">
<arg>${status_code}</arg>
<arg>500</arg>
<doc>Fails if the given objects are unequal.</doc>
<status status="PASS" starttime="20230106 10:46:38.281" endtime="20230106 10:46:38.281"/>
</kw>
<kw name="POST On Session" library="RequestsLibrary" type="TEARDOWN">
<arg>session</arg>
<arg>/calculator/rakeDatabase</arg>
<doc>Sends a POST request on a previously created HTTP Session.</doc>
<msg timestamp="20230106 10:46:38.281" level="INFO">POST Request : url=http://localhost:8080/calculator/rakeDatabase 
 path_url=/calculator/rakeDatabase 
 headers={'User-Agent': 'python-requests/2.28.1', 'Accept-Encoding': 'gzip, deflate', 'Accept': '*/*', 'Connection': 'keep-alive', 'Content-Length': '0'} 
 body=None 
 </msg>
<msg timestamp="20230106 10:46:38.281" level="INFO">POST Response : url=http://localhost:8080/calculator/rakeDatabase 
 status=200, reason= 
 headers={'Content-Type': 'text/plain;charset=UTF-8', 'Content-Length': '21', 'Date': 'Fri, 06 Jan 2023 02:46:38 GMT'} 
 body=Successfully raked DB 
 </msg>
<status status="PASS" starttime="20230106 10:46:38.281" endtime="20230106 10:46:38.281"/>
</kw>
<tag>Functional</tag>
<status status="PASS" starttime="20230106 10:46:38.265" endtime="20230106 10:46:38.281"/>
</test>
<status status="PASS" starttime="20230106 10:46:38.265" endtime="20230106 10:46:38.297"/>
</suite>
<suite id="s1-s1-s4" name="TC 04 Insert Single Person INVALID AdditionalField" source="C:\Users\ECQ1046\PycharmProjects\TaxReliefProject\OppenheimerUS1\TC_04_Insert_Single_Person_INVALID_AdditionalField.robot">
<test id="s1-s1-s4-t1" name="TC_04:Insert_Single_Person_INVALID_AdditionalField" line="12">
<kw name="Create Session" library="RequestsLibrary">
<arg>session</arg>
<arg>${base_url}</arg>
<doc>Create Session: create a HTTP session to a server</doc>
<msg timestamp="20230106 10:46:38.297" level="INFO">Creating Session using : alias=session, url=http://localhost:8080, headers={},                     cookies={}, auth=None, timeout=None, proxies=None, verify=False,                     debug=0 </msg>
<status status="PASS" starttime="20230106 10:46:38.297" endtime="20230106 10:46:38.297"/>
</kw>
<kw name="Create Dictionary" library="BuiltIn">
<var>${body}</var>
<arg>birthday=17061995</arg>
<arg>gender=M</arg>
<arg>name=Lewies</arg>
<arg>natid=s9520789h</arg>
<arg>salary=4000</arg>
<arg>tax=300</arg>
<arg>extrafield=extra</arg>
<doc>Creates and returns a dictionary based on the given ``items``.</doc>
<msg timestamp="20230106 10:46:38.297" level="INFO">${body} = {'birthday': '17061995', 'gender': 'M', 'name': 'Lewies', 'natid': 's9520789h', 'salary': '4000', 'tax': '300', 'extrafield': 'extra'}</msg>
<status status="PASS" starttime="20230106 10:46:38.297" endtime="20230106 10:46:38.297"/>
</kw>
<kw name="Create Dictionary" library="BuiltIn">
<var>${header}</var>
<arg>Content-Type=application/json</arg>
<doc>Creates and returns a dictionary based on the given ``items``.</doc>
<msg timestamp="20230106 10:46:38.297" level="INFO">${header} = {'Content-Type': 'application/json'}</msg>
<status status="PASS" starttime="20230106 10:46:38.297" endtime="20230106 10:46:38.297"/>
</kw>
<kw name="POST On Session" library="RequestsLibrary">
<var>${response}</var>
<arg>session</arg>
<arg>/calculator/insert</arg>
<arg>json=${body}</arg>
<arg>headers=${header}</arg>
<arg>expected_status=500</arg>
<doc>Sends a POST request on a previously created HTTP Session.</doc>
<msg timestamp="20230106 10:46:38.297" level="INFO">POST Request : url=http://localhost:8080/calculator/insert 
 path_url=/calculator/insert 
 headers={'User-Agent': 'python-requests/2.28.1', 'Accept-Encoding': 'gzip, deflate', 'Accept': '*/*', 'Connection': 'keep-alive', 'Content-Type': 'application/json', 'Content-Length': '134'} 
 body=b'{"birthday": "17061995", "gender": "M", "name": "Lewies", "natid": "s9520789h", "salary": "4000", "tax": "300", "extrafield": "extra"}' 
 </msg>
<msg timestamp="20230106 10:46:38.297" level="INFO">POST Response : url=http://localhost:8080/calculator/insert 
 status=202, reason= 
 headers={'Content-Type': 'text/plain;charset=UTF-8', 'Content-Length': '7', 'Date': 'Fri, 06 Jan 2023 02:46:38 GMT'} 
 body=Alright 
 </msg>
<msg timestamp="20230106 10:46:38.297" level="FAIL">Url: http://localhost:8080/calculator/insert Expected status: 202 != 500</msg>
<status status="FAIL" starttime="20230106 10:46:38.297" endtime="20230106 10:46:38.297"/>
</kw>
<kw name="Convert To String" library="BuiltIn">
<var>${status_code}</var>
<arg>${response.status_code}</arg>
<doc>Converts the given item to a Unicode string.</doc>
<status status="NOT RUN" starttime="20230106 10:46:38.297" endtime="20230106 10:46:38.297"/>
</kw>
<kw name="Should Be Equal" library="BuiltIn">
<arg>${status_code}</arg>
<arg>500</arg>
<doc>Fails if the given objects are unequal.</doc>
<status status="NOT RUN" starttime="20230106 10:46:38.297" endtime="20230106 10:46:38.297"/>
</kw>
<kw name="POST On Session" library="RequestsLibrary" type="TEARDOWN">
<arg>session</arg>
<arg>/calculator/rakeDatabase</arg>
<doc>Sends a POST request on a previously created HTTP Session.</doc>
<msg timestamp="20230106 10:46:38.313" level="INFO">POST Request : url=http://localhost:8080/calculator/rakeDatabase 
 path_url=/calculator/rakeDatabase 
 headers={'User-Agent': 'python-requests/2.28.1', 'Accept-Encoding': 'gzip, deflate', 'Accept': '*/*', 'Connection': 'keep-alive', 'Content-Length': '0'} 
 body=None 
 </msg>
<msg timestamp="20230106 10:46:38.313" level="INFO">POST Response : url=http://localhost:8080/calculator/rakeDatabase 
 status=200, reason= 
 headers={'Content-Type': 'text/plain;charset=UTF-8', 'Content-Length': '21', 'Date': 'Fri, 06 Jan 2023 02:46:38 GMT'} 
 body=Successfully raked DB 
 </msg>
<status status="PASS" starttime="20230106 10:46:38.297" endtime="20230106 10:46:38.313"/>
</kw>
<tag>Functional</tag>
<status status="FAIL" starttime="20230106 10:46:38.297" endtime="20230106 10:46:38.313">Url: http://localhost:8080/calculator/insert Expected status: 202 != 500</status>
</test>
<status status="FAIL" starttime="20230106 10:46:38.297" endtime="20230106 10:46:38.313"/>
</suite>
<suite id="s1-s1-s5" name="TC 05 Insert Single Person INVALID MissingDataBirthday" source="C:\Users\ECQ1046\PycharmProjects\TaxReliefProject\OppenheimerUS1\TC_05_Insert_Single_Person_INVALID_MissingDataBirthday.robot">
<test id="s1-s1-s5-t1" name="TC_05:Insert_Single_Person_INVALID_MissingDataBirthday" line="12">
<kw name="Create Session" library="RequestsLibrary">
<arg>session</arg>
<arg>${base_url}</arg>
<doc>Create Session: create a HTTP session to a server</doc>
<msg timestamp="20230106 10:46:38.313" level="INFO">Creating Session using : alias=session, url=http://localhost:8080, headers={},                     cookies={}, auth=None, timeout=None, proxies=None, verify=False,                     debug=0 </msg>
<status status="PASS" starttime="20230106 10:46:38.313" endtime="20230106 10:46:38.313"/>
</kw>
<kw name="Create Dictionary" library="BuiltIn">
<var>${body}</var>
<arg>gender=M</arg>
<arg>name=Lewies</arg>
<arg>natid=s9520789h</arg>
<arg>salary=4000</arg>
<arg>tax=300</arg>
<doc>Creates and returns a dictionary based on the given ``items``.</doc>
<msg timestamp="20230106 10:46:38.313" level="INFO">${body} = {'gender': 'M', 'name': 'Lewies', 'natid': 's9520789h', 'salary': '4000', 'tax': '300'}</msg>
<status status="PASS" starttime="20230106 10:46:38.313" endtime="20230106 10:46:38.313"/>
</kw>
<kw name="Create Dictionary" library="BuiltIn">
<var>${header}</var>
<arg>Content-Type=application/json</arg>
<doc>Creates and returns a dictionary based on the given ``items``.</doc>
<msg timestamp="20230106 10:46:38.313" level="INFO">${header} = {'Content-Type': 'application/json'}</msg>
<status status="PASS" starttime="20230106 10:46:38.313" endtime="20230106 10:46:38.313"/>
</kw>
<kw name="POST On Session" library="RequestsLibrary">
<var>${response}</var>
<arg>session</arg>
<arg>/calculator/insert</arg>
<arg>json=${body}</arg>
<arg>headers=${header}</arg>
<arg>expected_status=500</arg>
<doc>Sends a POST request on a previously created HTTP Session.</doc>
<msg timestamp="20230106 10:46:38.329" level="INFO">POST Request : url=http://localhost:8080/calculator/insert 
 path_url=/calculator/insert 
 headers={'User-Agent': 'python-requests/2.28.1', 'Accept-Encoding': 'gzip, deflate', 'Accept': '*/*', 'Connection': 'keep-alive', 'Content-Type': 'application/json', 'Content-Length': '87'} 
 body=b'{"gender": "M", "name": "Lewies", "natid": "s9520789h", "salary": "4000", "tax": "300"}' 
 </msg>
<msg timestamp="20230106 10:46:38.329" level="INFO">POST Response : url=http://localhost:8080/calculator/insert 
 status=500, reason= 
 headers={'Content-Type': 'application/json;charset=UTF-8', 'Transfer-Encoding': 'chunked', 'Date': 'Fri, 06 Jan 2023 02:46:38 GMT', 'Connection': 'close'} 
 body={"timestamp":"2023-01-06T02:46:38.328+0000","status":500,"error":"Internal Server Error","message":"text","path":"/calculator/insert"} 
 </msg>
<msg timestamp="20230106 10:46:38.329" level="INFO">${response} = &lt;Response [500]&gt;</msg>
<status status="PASS" starttime="20230106 10:46:38.313" endtime="20230106 10:46:38.329"/>
</kw>
<kw name="Convert To String" library="BuiltIn">
<var>${status_code}</var>
<arg>${response.status_code}</arg>
<doc>Converts the given item to a Unicode string.</doc>
<msg timestamp="20230106 10:46:38.329" level="INFO">${status_code} = 500</msg>
<status status="PASS" starttime="20230106 10:46:38.329" endtime="20230106 10:46:38.329"/>
</kw>
<kw name="Should Be Equal" library="BuiltIn">
<arg>${status_code}</arg>
<arg>500</arg>
<doc>Fails if the given objects are unequal.</doc>
<status status="PASS" starttime="20230106 10:46:38.329" endtime="20230106 10:46:38.329"/>
</kw>
<kw name="POST On Session" library="RequestsLibrary" type="TEARDOWN">
<arg>session</arg>
<arg>/calculator/rakeDatabase</arg>
<doc>Sends a POST request on a previously created HTTP Session.</doc>
<msg timestamp="20230106 10:46:38.329" level="INFO">POST Request : url=http://localhost:8080/calculator/rakeDatabase 
 path_url=/calculator/rakeDatabase 
 headers={'User-Agent': 'python-requests/2.28.1', 'Accept-Encoding': 'gzip, deflate', 'Accept': '*/*', 'Connection': 'keep-alive', 'Content-Length': '0'} 
 body=None 
 </msg>
<msg timestamp="20230106 10:46:38.329" level="INFO">POST Response : url=http://localhost:8080/calculator/rakeDatabase 
 status=200, reason= 
 headers={'Content-Type': 'text/plain;charset=UTF-8', 'Content-Length': '21', 'Date': 'Fri, 06 Jan 2023 02:46:38 GMT'} 
 body=Successfully raked DB 
 </msg>
<status status="PASS" starttime="20230106 10:46:38.329" endtime="20230106 10:46:38.329"/>
</kw>
<tag>Functional</tag>
<status status="PASS" starttime="20230106 10:46:38.313" endtime="20230106 10:46:38.329"/>
</test>
<status status="PASS" starttime="20230106 10:46:38.313" endtime="20230106 10:46:38.329"/>
</suite>
<suite id="s1-s1-s6" name="TC 06 Insert Single Person INVALID MissingDataGender" source="C:\Users\ECQ1046\PycharmProjects\TaxReliefProject\OppenheimerUS1\TC_06_Insert_Single_Person_INVALID_MissingDataGender.robot">
<test id="s1-s1-s6-t1" name="TC_06:Insert_Single_Person_INVALID_MissingDataGender" line="12">
<kw name="Create Session" library="RequestsLibrary">
<arg>session</arg>
<arg>${base_url}</arg>
<doc>Create Session: create a HTTP session to a server</doc>
<msg timestamp="20230106 10:46:38.344" level="INFO">Creating Session using : alias=session, url=http://localhost:8080, headers={},                     cookies={}, auth=None, timeout=None, proxies=None, verify=False,                     debug=0 </msg>
<status status="PASS" starttime="20230106 10:46:38.344" endtime="20230106 10:46:38.344"/>
</kw>
<kw name="Create Dictionary" library="BuiltIn">
<var>${body}</var>
<arg>birthday=17061995</arg>
<arg>name=Lewies</arg>
<arg>natid=s9520789h</arg>
<arg>salary=4000</arg>
<arg>tax=300</arg>
<doc>Creates and returns a dictionary based on the given ``items``.</doc>
<msg timestamp="20230106 10:46:38.344" level="INFO">${body} = {'birthday': '17061995', 'name': 'Lewies', 'natid': 's9520789h', 'salary': '4000', 'tax': '300'}</msg>
<status status="PASS" starttime="20230106 10:46:38.344" endtime="20230106 10:46:38.344"/>
</kw>
<kw name="Create Dictionary" library="BuiltIn">
<var>${header}</var>
<arg>Content-Type=application/json</arg>
<doc>Creates and returns a dictionary based on the given ``items``.</doc>
<msg timestamp="20230106 10:46:38.344" level="INFO">${header} = {'Content-Type': 'application/json'}</msg>
<status status="PASS" starttime="20230106 10:46:38.344" endtime="20230106 10:46:38.344"/>
</kw>
<kw name="POST On Session" library="RequestsLibrary">
<var>${response}</var>
<arg>session</arg>
<arg>/calculator/insert</arg>
<arg>json=${body}</arg>
<arg>headers=${header}</arg>
<arg>expected_status=500</arg>
<doc>Sends a POST request on a previously created HTTP Session.</doc>
<msg timestamp="20230106 10:46:38.350" level="INFO">POST Request : url=http://localhost:8080/calculator/insert 
 path_url=/calculator/insert 
 headers={'User-Agent': 'python-requests/2.28.1', 'Accept-Encoding': 'gzip, deflate', 'Accept': '*/*', 'Connection': 'keep-alive', 'Content-Type': 'application/json', 'Content-Length': '96'} 
 body=b'{"birthday": "17061995", "name": "Lewies", "natid": "s9520789h", "salary": "4000", "tax": "300"}' 
 </msg>
<msg timestamp="20230106 10:46:38.350" level="INFO">POST Response : url=http://localhost:8080/calculator/insert 
 status=202, reason= 
 headers={'Content-Type': 'text/plain;charset=UTF-8', 'Content-Length': '7', 'Date': 'Fri, 06 Jan 2023 02:46:38 GMT'} 
 body=Alright 
 </msg>
<msg timestamp="20230106 10:46:38.350" level="FAIL">Url: http://localhost:8080/calculator/insert Expected status: 202 != 500</msg>
<status status="FAIL" starttime="20230106 10:46:38.344" endtime="20230106 10:46:38.350"/>
</kw>
<kw name="Convert To String" library="BuiltIn">
<var>${status_code}</var>
<arg>${response.status_code}</arg>
<doc>Converts the given item to a Unicode string.</doc>
<status status="NOT RUN" starttime="20230106 10:46:38.350" endtime="20230106 10:46:38.350"/>
</kw>
<kw name="Should Be Equal" library="BuiltIn">
<arg>${status_code}</arg>
<arg>500</arg>
<doc>Fails if the given objects are unequal.</doc>
<status status="NOT RUN" starttime="20230106 10:46:38.350" endtime="20230106 10:46:38.350"/>
</kw>
<kw name="POST On Session" library="RequestsLibrary" type="TEARDOWN">
<arg>session</arg>
<arg>/calculator/rakeDatabase</arg>
<doc>Sends a POST request on a previously created HTTP Session.</doc>
<msg timestamp="20230106 10:46:38.350" level="INFO">POST Request : url=http://localhost:8080/calculator/rakeDatabase 
 path_url=/calculator/rakeDatabase 
 headers={'User-Agent': 'python-requests/2.28.1', 'Accept-Encoding': 'gzip, deflate', 'Accept': '*/*', 'Connection': 'keep-alive', 'Content-Length': '0'} 
 body=None 
 </msg>
<msg timestamp="20230106 10:46:38.350" level="INFO">POST Response : url=http://localhost:8080/calculator/rakeDatabase 
 status=200, reason= 
 headers={'Content-Type': 'text/plain;charset=UTF-8', 'Content-Length': '21', 'Date': 'Fri, 06 Jan 2023 02:46:38 GMT'} 
 body=Successfully raked DB 
 </msg>
<status status="PASS" starttime="20230106 10:46:38.350" endtime="20230106 10:46:38.350"/>
</kw>
<tag>Functional</tag>
<status status="FAIL" starttime="20230106 10:46:38.344" endtime="20230106 10:46:38.350">Url: http://localhost:8080/calculator/insert Expected status: 202 != 500</status>
</test>
<status status="FAIL" starttime="20230106 10:46:38.329" endtime="20230106 10:46:38.350"/>
</suite>
<suite id="s1-s1-s7" name="TC 07 Insert Single Person INVALID MissingDataName" source="C:\Users\ECQ1046\PycharmProjects\TaxReliefProject\OppenheimerUS1\TC_07_Insert_Single_Person_INVALID_MissingDataName.robot">
<test id="s1-s1-s7-t1" name="TC_07:Insert_Single_Person_INVALID_MissingDataName" line="12">
<kw name="Create Session" library="RequestsLibrary">
<arg>session</arg>
<arg>${base_url}</arg>
<doc>Create Session: create a HTTP session to a server</doc>
<msg timestamp="20230106 10:46:38.350" level="INFO">Creating Session using : alias=session, url=http://localhost:8080, headers={},                     cookies={}, auth=None, timeout=None, proxies=None, verify=False,                     debug=0 </msg>
<status status="PASS" starttime="20230106 10:46:38.350" endtime="20230106 10:46:38.365"/>
</kw>
<kw name="Create Dictionary" library="BuiltIn">
<var>${body}</var>
<arg>birthday=17061995</arg>
<arg>gender=M</arg>
<arg>natid=s9520789h</arg>
<arg>salary=4000</arg>
<arg>tax=300</arg>
<doc>Creates and returns a dictionary based on the given ``items``.</doc>
<msg timestamp="20230106 10:46:38.365" level="INFO">${body} = {'birthday': '17061995', 'gender': 'M', 'natid': 's9520789h', 'salary': '4000', 'tax': '300'}</msg>
<status status="PASS" starttime="20230106 10:46:38.365" endtime="20230106 10:46:38.365"/>
</kw>
<kw name="Create Dictionary" library="BuiltIn">
<var>${header}</var>
<arg>Content-Type=application/json</arg>
<doc>Creates and returns a dictionary based on the given ``items``.</doc>
<msg timestamp="20230106 10:46:38.365" level="INFO">${header} = {'Content-Type': 'application/json'}</msg>
<status status="PASS" starttime="20230106 10:46:38.365" endtime="20230106 10:46:38.365"/>
</kw>
<kw name="POST On Session" library="RequestsLibrary">
<var>${response}</var>
<arg>session</arg>
<arg>/calculator/insert</arg>
<arg>json=${body}</arg>
<arg>headers=${header}</arg>
<arg>expected_status=500</arg>
<doc>Sends a POST request on a previously created HTTP Session.</doc>
<msg timestamp="20230106 10:46:38.365" level="INFO">POST Request : url=http://localhost:8080/calculator/insert 
 path_url=/calculator/insert 
 headers={'User-Agent': 'python-requests/2.28.1', 'Accept-Encoding': 'gzip, deflate', 'Accept': '*/*', 'Connection': 'keep-alive', 'Content-Type': 'application/json', 'Content-Length': '93'} 
 body=b'{"birthday": "17061995", "gender": "M", "natid": "s9520789h", "salary": "4000", "tax": "300"}' 
 </msg>
<msg timestamp="20230106 10:46:38.365" level="INFO">POST Response : url=http://localhost:8080/calculator/insert 
 status=500, reason= 
 headers={'Content-Type': 'application/json;charset=UTF-8', 'Transfer-Encoding': 'chunked', 'Date': 'Fri, 06 Jan 2023 02:46:38 GMT', 'Connection': 'close'} 
 body={"timestamp":"2023-01-06T02:46:38.365+0000","status":500,"error":"Internal Server Error","message":"could not execute statement; SQL [n/a]; constraint [null]; nested exception is org.hibernate.exception.ConstraintViolationException: could not execute statement","path":"/calculator/insert"} 
 </msg>
<msg timestamp="20230106 10:46:38.365" level="INFO">${response} = &lt;Response [500]&gt;</msg>
<status status="PASS" starttime="20230106 10:46:38.365" endtime="20230106 10:46:38.365"/>
</kw>
<kw name="Convert To String" library="BuiltIn">
<var>${status_code}</var>
<arg>${response.status_code}</arg>
<doc>Converts the given item to a Unicode string.</doc>
<msg timestamp="20230106 10:46:38.365" level="INFO">${status_code} = 500</msg>
<status status="PASS" starttime="20230106 10:46:38.365" endtime="20230106 10:46:38.365"/>
</kw>
<kw name="Should Be Equal" library="BuiltIn">
<arg>${status_code}</arg>
<arg>500</arg>
<doc>Fails if the given objects are unequal.</doc>
<status status="PASS" starttime="20230106 10:46:38.365" endtime="20230106 10:46:38.365"/>
</kw>
<kw name="POST On Session" library="RequestsLibrary" type="TEARDOWN">
<arg>session</arg>
<arg>/calculator/rakeDatabase</arg>
<doc>Sends a POST request on a previously created HTTP Session.</doc>
<msg timestamp="20230106 10:46:38.365" level="INFO">POST Request : url=http://localhost:8080/calculator/rakeDatabase 
 path_url=/calculator/rakeDatabase 
 headers={'User-Agent': 'python-requests/2.28.1', 'Accept-Encoding': 'gzip, deflate', 'Accept': '*/*', 'Connection': 'keep-alive', 'Content-Length': '0'} 
 body=None 
 </msg>
<msg timestamp="20230106 10:46:38.365" level="INFO">POST Response : url=http://localhost:8080/calculator/rakeDatabase 
 status=200, reason= 
 headers={'Content-Type': 'text/plain;charset=UTF-8', 'Content-Length': '21', 'Date': 'Fri, 06 Jan 2023 02:46:38 GMT'} 
 body=Successfully raked DB 
 </msg>
<status status="PASS" starttime="20230106 10:46:38.365" endtime="20230106 10:46:38.365"/>
</kw>
<tag>Functional</tag>
<status status="PASS" starttime="20230106 10:46:38.350" endtime="20230106 10:46:38.381"/>
</test>
<status status="PASS" starttime="20230106 10:46:38.350" endtime="20230106 10:46:38.381"/>
</suite>
<suite id="s1-s1-s8" name="TC 08 Insert Single Person INVALID MissingDataNatid" source="C:\Users\ECQ1046\PycharmProjects\TaxReliefProject\OppenheimerUS1\TC_08_Insert_Single_Person_INVALID_MissingDataNatid.robot">
<test id="s1-s1-s8-t1" name="TC_08:Insert_Single_Person_INVALID_MissingDataNatid" line="12">
<kw name="Create Session" library="RequestsLibrary">
<arg>session</arg>
<arg>${base_url}</arg>
<doc>Create Session: create a HTTP session to a server</doc>
<msg timestamp="20230106 10:46:38.381" level="INFO">Creating Session using : alias=session, url=http://localhost:8080, headers={},                     cookies={}, auth=None, timeout=None, proxies=None, verify=False,                     debug=0 </msg>
<status status="PASS" starttime="20230106 10:46:38.381" endtime="20230106 10:46:38.381"/>
</kw>
<kw name="Create Dictionary" library="BuiltIn">
<var>${body}</var>
<arg>birthday=17061995</arg>
<arg>gender=M</arg>
<arg>name=Lewies</arg>
<arg>salary=4000</arg>
<arg>tax=300</arg>
<doc>Creates and returns a dictionary based on the given ``items``.</doc>
<msg timestamp="20230106 10:46:38.381" level="INFO">${body} = {'birthday': '17061995', 'gender': 'M', 'name': 'Lewies', 'salary': '4000', 'tax': '300'}</msg>
<status status="PASS" starttime="20230106 10:46:38.381" endtime="20230106 10:46:38.381"/>
</kw>
<kw name="Create Dictionary" library="BuiltIn">
<var>${header}</var>
<arg>Content-Type=application/json</arg>
<doc>Creates and returns a dictionary based on the given ``items``.</doc>
<msg timestamp="20230106 10:46:38.381" level="INFO">${header} = {'Content-Type': 'application/json'}</msg>
<status status="PASS" starttime="20230106 10:46:38.381" endtime="20230106 10:46:38.381"/>
</kw>
<kw name="POST On Session" library="RequestsLibrary">
<var>${response}</var>
<arg>session</arg>
<arg>/calculator/insert</arg>
<arg>json=${body}</arg>
<arg>headers=${header}</arg>
<arg>expected_status=500</arg>
<doc>Sends a POST request on a previously created HTTP Session.</doc>
<msg timestamp="20230106 10:46:38.397" level="INFO">POST Request : url=http://localhost:8080/calculator/insert 
 path_url=/calculator/insert 
 headers={'User-Agent': 'python-requests/2.28.1', 'Accept-Encoding': 'gzip, deflate', 'Accept': '*/*', 'Connection': 'keep-alive', 'Content-Type': 'application/json', 'Content-Length': '89'} 
 body=b'{"birthday": "17061995", "gender": "M", "name": "Lewies", "salary": "4000", "tax": "300"}' 
 </msg>
<msg timestamp="20230106 10:46:38.397" level="INFO">POST Response : url=http://localhost:8080/calculator/insert 
 status=500, reason= 
 headers={'Content-Type': 'application/json;charset=UTF-8', 'Transfer-Encoding': 'chunked', 'Date': 'Fri, 06 Jan 2023 02:46:38 GMT', 'Connection': 'close'} 
 body={"timestamp":"2023-01-06T02:46:38.381+0000","status":500,"error":"Internal Server Error","message":"could not execute statement; SQL [n/a]; constraint [null]; nested exception is org.hibernate.exception.ConstraintViolationException: could not execute statement","path":"/calculator/insert"} 
 </msg>
<msg timestamp="20230106 10:46:38.397" level="INFO">${response} = &lt;Response [500]&gt;</msg>
<status status="PASS" starttime="20230106 10:46:38.381" endtime="20230106 10:46:38.397"/>
</kw>
<kw name="Convert To String" library="BuiltIn">
<var>${status_code}</var>
<arg>${response.status_code}</arg>
<doc>Converts the given item to a Unicode string.</doc>
<msg timestamp="20230106 10:46:38.397" level="INFO">${status_code} = 500</msg>
<status status="PASS" starttime="20230106 10:46:38.397" endtime="20230106 10:46:38.397"/>
</kw>
<kw name="Should Be Equal" library="BuiltIn">
<arg>${status_code}</arg>
<arg>500</arg>
<doc>Fails if the given objects are unequal.</doc>
<status status="PASS" starttime="20230106 10:46:38.397" endtime="20230106 10:46:38.397"/>
</kw>
<kw name="POST On Session" library="RequestsLibrary" type="TEARDOWN">
<arg>session</arg>
<arg>/calculator/rakeDatabase</arg>
<doc>Sends a POST request on a previously created HTTP Session.</doc>
<msg timestamp="20230106 10:46:38.397" level="INFO">POST Request : url=http://localhost:8080/calculator/rakeDatabase 
 path_url=/calculator/rakeDatabase 
 headers={'User-Agent': 'python-requests/2.28.1', 'Accept-Encoding': 'gzip, deflate', 'Accept': '*/*', 'Connection': 'keep-alive', 'Content-Length': '0'} 
 body=None 
 </msg>
<msg timestamp="20230106 10:46:38.397" level="INFO">POST Response : url=http://localhost:8080/calculator/rakeDatabase 
 status=200, reason= 
 headers={'Content-Type': 'text/plain;charset=UTF-8', 'Content-Length': '21', 'Date': 'Fri, 06 Jan 2023 02:46:38 GMT'} 
 body=Successfully raked DB 
 </msg>
<status status="PASS" starttime="20230106 10:46:38.397" endtime="20230106 10:46:38.397"/>
</kw>
<tag>Functional</tag>
<status status="PASS" starttime="20230106 10:46:38.381" endtime="20230106 10:46:38.397"/>
</test>
<status status="PASS" starttime="20230106 10:46:38.381" endtime="20230106 10:46:38.397"/>
</suite>
<suite id="s1-s1-s9" name="TC 09 Insert Single Person INVALID MissingDataSalary" source="C:\Users\ECQ1046\PycharmProjects\TaxReliefProject\OppenheimerUS1\TC_09_Insert_Single_Person_INVALID_MissingDataSalary.robot">
<test id="s1-s1-s9-t1" name="TC_09:Insert_Single_Person_INVALID_MissingDataSalary" line="12">
<kw name="Create Session" library="RequestsLibrary">
<arg>session</arg>
<arg>${base_url}</arg>
<doc>Create Session: create a HTTP session to a server</doc>
<msg timestamp="20230106 10:46:38.397" level="INFO">Creating Session using : alias=session, url=http://localhost:8080, headers={},                     cookies={}, auth=None, timeout=None, proxies=None, verify=False,                     debug=0 </msg>
<status status="PASS" starttime="20230106 10:46:38.397" endtime="20230106 10:46:38.397"/>
</kw>
<kw name="Create Dictionary" library="BuiltIn">
<var>${body}</var>
<arg>birthday=17061995</arg>
<arg>gender=M</arg>
<arg>name=Lewies</arg>
<arg>natid=s9520789h</arg>
<arg>tax=300</arg>
<doc>Creates and returns a dictionary based on the given ``items``.</doc>
<msg timestamp="20230106 10:46:38.413" level="INFO">${body} = {'birthday': '17061995', 'gender': 'M', 'name': 'Lewies', 'natid': 's9520789h', 'tax': '300'}</msg>
<status status="PASS" starttime="20230106 10:46:38.413" endtime="20230106 10:46:38.413"/>
</kw>
<kw name="Create Dictionary" library="BuiltIn">
<var>${header}</var>
<arg>Content-Type=application/json</arg>
<doc>Creates and returns a dictionary based on the given ``items``.</doc>
<msg timestamp="20230106 10:46:38.413" level="INFO">${header} = {'Content-Type': 'application/json'}</msg>
<status status="PASS" starttime="20230106 10:46:38.413" endtime="20230106 10:46:38.413"/>
</kw>
<kw name="POST On Session" library="RequestsLibrary">
<var>${response}</var>
<arg>session</arg>
<arg>/calculator/insert</arg>
<arg>json=${body}</arg>
<arg>headers=${header}</arg>
<arg>expected_status=500</arg>
<doc>Sends a POST request on a previously created HTTP Session.</doc>
<msg timestamp="20230106 10:46:38.413" level="INFO">POST Request : url=http://localhost:8080/calculator/insert 
 path_url=/calculator/insert 
 headers={'User-Agent': 'python-requests/2.28.1', 'Accept-Encoding': 'gzip, deflate', 'Accept': '*/*', 'Connection': 'keep-alive', 'Content-Type': 'application/json', 'Content-Length': '93'} 
 body=b'{"birthday": "17061995", "gender": "M", "name": "Lewies", "natid": "s9520789h", "tax": "300"}' 
 </msg>
<msg timestamp="20230106 10:46:38.413" level="INFO">POST Response : url=http://localhost:8080/calculator/insert 
 status=500, reason= 
 headers={'Content-Type': 'application/json;charset=UTF-8', 'Transfer-Encoding': 'chunked', 'Date': 'Fri, 06 Jan 2023 02:46:38 GMT', 'Connection': 'close'} 
 body={"timestamp":"2023-01-06T02:46:38.412+0000","status":500,"error":"Internal Server Error","message":"Cannot invoke \"String.toCharArray()\" because \"val\" is null","path":"/calculator/insert"} 
 </msg>
<msg timestamp="20230106 10:46:38.413" level="INFO">${response} = &lt;Response [500]&gt;</msg>
<status status="PASS" starttime="20230106 10:46:38.413" endtime="20230106 10:46:38.413"/>
</kw>
<kw name="Convert To String" library="BuiltIn">
<var>${status_code}</var>
<arg>${response.status_code}</arg>
<doc>Converts the given item to a Unicode string.</doc>
<msg timestamp="20230106 10:46:38.413" level="INFO">${status_code} = 500</msg>
<status status="PASS" starttime="20230106 10:46:38.413" endtime="20230106 10:46:38.413"/>
</kw>
<kw name="Should Be Equal" library="BuiltIn">
<arg>${status_code}</arg>
<arg>500</arg>
<doc>Fails if the given objects are unequal.</doc>
<status status="PASS" starttime="20230106 10:46:38.413" endtime="20230106 10:46:38.413"/>
</kw>
<kw name="POST On Session" library="RequestsLibrary" type="TEARDOWN">
<arg>session</arg>
<arg>/calculator/rakeDatabase</arg>
<doc>Sends a POST request on a previously created HTTP Session.</doc>
<msg timestamp="20230106 10:46:38.413" level="INFO">POST Request : url=http://localhost:8080/calculator/rakeDatabase 
 path_url=/calculator/rakeDatabase 
 headers={'User-Agent': 'python-requests/2.28.1', 'Accept-Encoding': 'gzip, deflate', 'Accept': '*/*', 'Connection': 'keep-alive', 'Content-Length': '0'} 
 body=None 
 </msg>
<msg timestamp="20230106 10:46:38.413" level="INFO">POST Response : url=http://localhost:8080/calculator/rakeDatabase 
 status=200, reason= 
 headers={'Content-Type': 'text/plain;charset=UTF-8', 'Content-Length': '21', 'Date': 'Fri, 06 Jan 2023 02:46:38 GMT'} 
 body=Successfully raked DB 
 </msg>
<status status="PASS" starttime="20230106 10:46:38.413" endtime="20230106 10:46:38.413"/>
</kw>
<tag>Functional</tag>
<status status="PASS" starttime="20230106 10:46:38.397" endtime="20230106 10:46:38.413"/>
</test>
<status status="PASS" starttime="20230106 10:46:38.397" endtime="20230106 10:46:38.429"/>
</suite>
<suite id="s1-s1-s10" name="TC 10 Insert Single Person INVALID MissingDataTax" source="C:\Users\ECQ1046\PycharmProjects\TaxReliefProject\OppenheimerUS1\TC_10_Insert_Single_Person_INVALID_MissingDataTax.robot">
<test id="s1-s1-s10-t1" name="TC_10:Insert_Single_Person_INVALID_MissingDataTax" line="12">
<kw name="Create Session" library="RequestsLibrary">
<arg>session</arg>
<arg>${base_url}</arg>
<doc>Create Session: create a HTTP session to a server</doc>
<msg timestamp="20230106 10:46:38.429" level="INFO">Creating Session using : alias=session, url=http://localhost:8080, headers={},                     cookies={}, auth=None, timeout=None, proxies=None, verify=False,                     debug=0 </msg>
<status status="PASS" starttime="20230106 10:46:38.429" endtime="20230106 10:46:38.429"/>
</kw>
<kw name="Create Dictionary" library="BuiltIn">
<var>${body}</var>
<arg>birthday=17061995</arg>
<arg>gender=M</arg>
<arg>name=Lewies</arg>
<arg>natid=s9520789h</arg>
<arg>salary=4000</arg>
<doc>Creates and returns a dictionary based on the given ``items``.</doc>
<msg timestamp="20230106 10:46:38.429" level="INFO">${body} = {'birthday': '17061995', 'gender': 'M', 'name': 'Lewies', 'natid': 's9520789h', 'salary': '4000'}</msg>
<status status="PASS" starttime="20230106 10:46:38.429" endtime="20230106 10:46:38.429"/>
</kw>
<kw name="Create Dictionary" library="BuiltIn">
<var>${header}</var>
<arg>Content-Type=application/json</arg>
<doc>Creates and returns a dictionary based on the given ``items``.</doc>
<msg timestamp="20230106 10:46:38.429" level="INFO">${header} = {'Content-Type': 'application/json'}</msg>
<status status="PASS" starttime="20230106 10:46:38.429" endtime="20230106 10:46:38.429"/>
</kw>
<kw name="POST On Session" library="RequestsLibrary">
<var>${response}</var>
<arg>session</arg>
<arg>/calculator/insert</arg>
<arg>json=${body}</arg>
<arg>headers=${header}</arg>
<arg>expected_status=500</arg>
<doc>Sends a POST request on a previously created HTTP Session.</doc>
<msg timestamp="20230106 10:46:38.429" level="INFO">POST Request : url=http://localhost:8080/calculator/insert 
 path_url=/calculator/insert 
 headers={'User-Agent': 'python-requests/2.28.1', 'Accept-Encoding': 'gzip, deflate', 'Accept': '*/*', 'Connection': 'keep-alive', 'Content-Type': 'application/json', 'Content-Length': '97'} 
 body=b'{"birthday": "17061995", "gender": "M", "name": "Lewies", "natid": "s9520789h", "salary": "4000"}' 
 </msg>
<msg timestamp="20230106 10:46:38.429" level="INFO">POST Response : url=http://localhost:8080/calculator/insert 
 status=500, reason= 
 headers={'Content-Type': 'application/json;charset=UTF-8', 'Transfer-Encoding': 'chunked', 'Date': 'Fri, 06 Jan 2023 02:46:38 GMT', 'Connection': 'close'} 
 body={"timestamp":"2023-01-06T02:46:38.428+0000","status":500,"error":"Internal Server Error","message":"Cannot invoke \"String.toCharArray()\" because \"val\" is null","path":"/calculator/insert"} 
 </msg>
<msg timestamp="20230106 10:46:38.429" level="INFO">${response} = &lt;Response [500]&gt;</msg>
<status status="PASS" starttime="20230106 10:46:38.429" endtime="20230106 10:46:38.429"/>
</kw>
<kw name="Convert To String" library="BuiltIn">
<var>${status_code}</var>
<arg>${response.status_code}</arg>
<doc>Converts the given item to a Unicode string.</doc>
<msg timestamp="20230106 10:46:38.429" level="INFO">${status_code} = 500</msg>
<status status="PASS" starttime="20230106 10:46:38.429" endtime="20230106 10:46:38.429"/>
</kw>
<kw name="Should Be Equal" library="BuiltIn">
<arg>${status_code}</arg>
<arg>500</arg>
<doc>Fails if the given objects are unequal.</doc>
<status status="PASS" starttime="20230106 10:46:38.429" endtime="20230106 10:46:38.429"/>
</kw>
<kw name="POST On Session" library="RequestsLibrary" type="TEARDOWN">
<arg>session</arg>
<arg>/calculator/rakeDatabase</arg>
<doc>Sends a POST request on a previously created HTTP Session.</doc>
<msg timestamp="20230106 10:46:38.444" level="INFO">POST Request : url=http://localhost:8080/calculator/rakeDatabase 
 path_url=/calculator/rakeDatabase 
 headers={'User-Agent': 'python-requests/2.28.1', 'Accept-Encoding': 'gzip, deflate', 'Accept': '*/*', 'Connection': 'keep-alive', 'Content-Length': '0'} 
 body=None 
 </msg>
<msg timestamp="20230106 10:46:38.444" level="INFO">POST Response : url=http://localhost:8080/calculator/rakeDatabase 
 status=200, reason= 
 headers={'Content-Type': 'text/plain;charset=UTF-8', 'Content-Length': '21', 'Date': 'Fri, 06 Jan 2023 02:46:38 GMT'} 
 body=Successfully raked DB 
 </msg>
<status status="PASS" starttime="20230106 10:46:38.444" endtime="20230106 10:46:38.444"/>
</kw>
<tag>Functional</tag>
<status status="PASS" starttime="20230106 10:46:38.429" endtime="20230106 10:46:38.444"/>
</test>
<status status="PASS" starttime="20230106 10:46:38.429" endtime="20230106 10:46:38.450"/>
</suite>
<suite id="s1-s1-s11" name="TC 11 Insert Single Person INVALID InvalidHeaderType" source="C:\Users\ECQ1046\PycharmProjects\TaxReliefProject\OppenheimerUS1\TC_11_Insert_Single_Person_INVALID_InvalidHeaderType.robot">
<test id="s1-s1-s11-t1" name="TC_11:Insert_Single_Person_INVALID_InvalidHeaderType" line="12">
<kw name="Create Session" library="RequestsLibrary">
<arg>session</arg>
<arg>${base_url}</arg>
<doc>Create Session: create a HTTP session to a server</doc>
<msg timestamp="20230106 10:46:38.450" level="INFO">Creating Session using : alias=session, url=http://localhost:8080, headers={},                     cookies={}, auth=None, timeout=None, proxies=None, verify=False,                     debug=0 </msg>
<status status="PASS" starttime="20230106 10:46:38.450" endtime="20230106 10:46:38.450"/>
</kw>
<kw name="Create Dictionary" library="BuiltIn">
<var>${body}</var>
<arg>birthday=17061995</arg>
<arg>gender=M</arg>
<arg>name=Lewies</arg>
<arg>natid=s9520789h</arg>
<arg>salary=4000</arg>
<arg>tax=300</arg>
<doc>Creates and returns a dictionary based on the given ``items``.</doc>
<msg timestamp="20230106 10:46:38.450" level="INFO">${body} = {'birthday': '17061995', 'gender': 'M', 'name': 'Lewies', 'natid': 's9520789h', 'salary': '4000', 'tax': '300'}</msg>
<status status="PASS" starttime="20230106 10:46:38.450" endtime="20230106 10:46:38.450"/>
</kw>
<kw name="Create Dictionary" library="BuiltIn">
<var>${header}</var>
<arg>Content-Type=application/xml</arg>
<doc>Creates and returns a dictionary based on the given ``items``.</doc>
<msg timestamp="20230106 10:46:38.450" level="INFO">${header} = {'Content-Type': 'application/xml'}</msg>
<status status="PASS" starttime="20230106 10:46:38.450" endtime="20230106 10:46:38.450"/>
</kw>
<kw name="POST On Session" library="RequestsLibrary">
<var>${response}</var>
<arg>session</arg>
<arg>/calculator/insert</arg>
<arg>json=${body}</arg>
<arg>headers=${header}</arg>
<arg>expected_status=415</arg>
<doc>Sends a POST request on a previously created HTTP Session.</doc>
<msg timestamp="20230106 10:46:38.450" level="INFO">POST Request : url=http://localhost:8080/calculator/insert 
 path_url=/calculator/insert 
 headers={'User-Agent': 'python-requests/2.28.1', 'Accept-Encoding': 'gzip, deflate', 'Accept': '*/*', 'Connection': 'keep-alive', 'Content-Type': 'application/xml', 'Content-Length': '111'} 
 body=b'{"birthday": "17061995", "gender": "M", "name": "Lewies", "natid": "s9520789h", "salary": "4000", "tax": "300"}' 
 </msg>
<msg timestamp="20230106 10:46:38.450" level="INFO">POST Response : url=http://localhost:8080/calculator/insert 
 status=415, reason= 
 headers={'Content-Type': 'application/json;charset=UTF-8', 'Transfer-Encoding': 'chunked', 'Date': 'Fri, 06 Jan 2023 02:46:38 GMT'} 
 body={"timestamp":"2023-01-06T02:46:38.449+0000","status":415,"error":"Unsupported Media Type","message":"Content type 'application/xml;charset=UTF-8' not supported","path":"/calculator/insert"} 
 </msg>
<msg timestamp="20230106 10:46:38.450" level="INFO">${response} = &lt;Response [415]&gt;</msg>
<status status="PASS" starttime="20230106 10:46:38.450" endtime="20230106 10:46:38.450"/>
</kw>
<kw name="Convert To String" library="BuiltIn">
<var>${status_code}</var>
<arg>${response.status_code}</arg>
<doc>Converts the given item to a Unicode string.</doc>
<msg timestamp="20230106 10:46:38.450" level="INFO">${status_code} = 415</msg>
<status status="PASS" starttime="20230106 10:46:38.450" endtime="20230106 10:46:38.450"/>
</kw>
<kw name="Should Be Equal" library="BuiltIn">
<arg>${status_code}</arg>
<arg>415</arg>
<doc>Fails if the given objects are unequal.</doc>
<status status="PASS" starttime="20230106 10:46:38.465" endtime="20230106 10:46:38.465"/>
</kw>
<kw name="POST On Session" library="RequestsLibrary" type="TEARDOWN">
<arg>session</arg>
<arg>/calculator/rakeDatabase</arg>
<doc>Sends a POST request on a previously created HTTP Session.</doc>
<msg timestamp="20230106 10:46:38.465" level="INFO">POST Request : url=http://localhost:8080/calculator/rakeDatabase 
 path_url=/calculator/rakeDatabase 
 headers={'User-Agent': 'python-requests/2.28.1', 'Accept-Encoding': 'gzip, deflate', 'Accept': '*/*', 'Connection': 'keep-alive', 'Content-Length': '0'} 
 body=None 
 </msg>
<msg timestamp="20230106 10:46:38.465" level="INFO">POST Response : url=http://localhost:8080/calculator/rakeDatabase 
 status=200, reason= 
 headers={'Content-Type': 'text/plain;charset=UTF-8', 'Content-Length': '21', 'Date': 'Fri, 06 Jan 2023 02:46:38 GMT'} 
 body=Successfully raked DB 
 </msg>
<status status="PASS" starttime="20230106 10:46:38.465" endtime="20230106 10:46:38.465"/>
</kw>
<tag>Functional</tag>
<status status="PASS" starttime="20230106 10:46:38.450" endtime="20230106 10:46:38.465"/>
</test>
<status status="PASS" starttime="20230106 10:46:38.450" endtime="20230106 10:46:38.465"/>
</suite>
<suite id="s1-s1-s12" name="TC 12 Insert Single Person INVALID LogicalErrorTaxHigherThanSalary" source="C:\Users\ECQ1046\PycharmProjects\TaxReliefProject\OppenheimerUS1\TC_12_Insert_Single_Person_INVALID_LogicalErrorTaxHigherThanSalary.robot">
<test id="s1-s1-s12-t1" name="TC_12:Insert_Single_Person_INVALID_LogicalErrorTaxHigherThanSalary" line="12">
<kw name="Create Session" library="RequestsLibrary">
<arg>session</arg>
<arg>${base_url}</arg>
<doc>Create Session: create a HTTP session to a server</doc>
<msg timestamp="20230106 10:46:38.465" level="INFO">Creating Session using : alias=session, url=http://localhost:8080, headers={},                     cookies={}, auth=None, timeout=None, proxies=None, verify=False,                     debug=0 </msg>
<status status="PASS" starttime="20230106 10:46:38.465" endtime="20230106 10:46:38.465"/>
</kw>
<kw name="Create Dictionary" library="BuiltIn">
<var>${body}</var>
<arg>birthday=17061995</arg>
<arg>gender=M</arg>
<arg>name=Lewies</arg>
<arg>natid=s9520789h</arg>
<arg>salary=4000</arg>
<arg>tax=40000</arg>
<doc>Creates and returns a dictionary based on the given ``items``.</doc>
<msg timestamp="20230106 10:46:38.465" level="INFO">${body} = {'birthday': '17061995', 'gender': 'M', 'name': 'Lewies', 'natid': 's9520789h', 'salary': '4000', 'tax': '40000'}</msg>
<status status="PASS" starttime="20230106 10:46:38.465" endtime="20230106 10:46:38.465"/>
</kw>
<kw name="Create Dictionary" library="BuiltIn">
<var>${header}</var>
<arg>Content-Type=application/json</arg>
<doc>Creates and returns a dictionary based on the given ``items``.</doc>
<msg timestamp="20230106 10:46:38.481" level="INFO">${header} = {'Content-Type': 'application/json'}</msg>
<status status="PASS" starttime="20230106 10:46:38.465" endtime="20230106 10:46:38.481"/>
</kw>
<kw name="POST On Session" library="RequestsLibrary">
<var>${response}</var>
<arg>session</arg>
<arg>/calculator/insert</arg>
<arg>json=${body}</arg>
<arg>headers=${header}</arg>
<arg>expected_status=500</arg>
<doc>Sends a POST request on a previously created HTTP Session.</doc>
<msg timestamp="20230106 10:46:38.497" level="INFO">POST Request : url=http://localhost:8080/calculator/insert 
 path_url=/calculator/insert 
 headers={'User-Agent': 'python-requests/2.28.1', 'Accept-Encoding': 'gzip, deflate', 'Accept': '*/*', 'Connection': 'keep-alive', 'Content-Type': 'application/json', 'Content-Length': '113'} 
 body=b'{"birthday": "17061995", "gender": "M", "name": "Lewies", "natid": "s9520789h", "salary": "4000", "tax": "40000"}' 
 </msg>
<msg timestamp="20230106 10:46:38.497" level="INFO">POST Response : url=http://localhost:8080/calculator/insert 
 status=202, reason= 
 headers={'Content-Type': 'text/plain;charset=UTF-8', 'Content-Length': '7', 'Date': 'Fri, 06 Jan 2023 02:46:38 GMT'} 
 body=Alright 
 </msg>
<msg timestamp="20230106 10:46:38.497" level="FAIL">Url: http://localhost:8080/calculator/insert Expected status: 202 != 500</msg>
<status status="FAIL" starttime="20230106 10:46:38.481" endtime="20230106 10:46:38.497"/>
</kw>
<kw name="Convert To String" library="BuiltIn">
<var>${status_code}</var>
<arg>${response.status_code}</arg>
<doc>Converts the given item to a Unicode string.</doc>
<status status="NOT RUN" starttime="20230106 10:46:38.497" endtime="20230106 10:46:38.497"/>
</kw>
<kw name="Should Be Equal" library="BuiltIn">
<arg>${status_code}</arg>
<arg>500</arg>
<doc>Fails if the given objects are unequal.</doc>
<status status="NOT RUN" starttime="20230106 10:46:38.497" endtime="20230106 10:46:38.497"/>
</kw>
<kw name="POST On Session" library="RequestsLibrary" type="TEARDOWN">
<arg>session</arg>
<arg>/calculator/rakeDatabase</arg>
<doc>Sends a POST request on a previously created HTTP Session.</doc>
<msg timestamp="20230106 10:46:38.497" level="INFO">POST Request : url=http://localhost:8080/calculator/rakeDatabase 
 path_url=/calculator/rakeDatabase 
 headers={'User-Agent': 'python-requests/2.28.1', 'Accept-Encoding': 'gzip, deflate', 'Accept': '*/*', 'Connection': 'keep-alive', 'Content-Length': '0'} 
 body=None 
 </msg>
<msg timestamp="20230106 10:46:38.497" level="INFO">POST Response : url=http://localhost:8080/calculator/rakeDatabase 
 status=200, reason= 
 headers={'Content-Type': 'text/plain;charset=UTF-8', 'Content-Length': '21', 'Date': 'Fri, 06 Jan 2023 02:46:38 GMT'} 
 body=Successfully raked DB 
 </msg>
<status status="PASS" starttime="20230106 10:46:38.497" endtime="20230106 10:46:38.497"/>
</kw>
<doc>The REST request should be able to identify an anomalous data in that the tax a person paid should not be higher than salary earned</doc>
<tag>Functional</tag>
<status status="FAIL" starttime="20230106 10:46:38.465" endtime="20230106 10:46:38.497">Url: http://localhost:8080/calculator/insert Expected status: 202 != 500</status>
</test>
<status status="FAIL" starttime="20230106 10:46:38.465" endtime="20230106 10:46:38.497"/>
</suite>
<suite id="s1-s1-s13" name="TC 13 Insert Single Person INVALID InvalidDataFormatDate" source="C:\Users\ECQ1046\PycharmProjects\TaxReliefProject\OppenheimerUS1\TC_13_Insert_Single_Person_INVALID_InvalidDataFormatDate.robot">
<test id="s1-s1-s13-t1" name="TC_13:Insert_Single_Person_INVALID_InvalidDataFormatDate" line="12">
<kw name="Create Session" library="RequestsLibrary">
<arg>session</arg>
<arg>${base_url}</arg>
<doc>Create Session: create a HTTP session to a server</doc>
<msg timestamp="20230106 10:46:38.497" level="INFO">Creating Session using : alias=session, url=http://localhost:8080, headers={},                     cookies={}, auth=None, timeout=None, proxies=None, verify=False,                     debug=0 </msg>
<status status="PASS" starttime="20230106 10:46:38.497" endtime="20230106 10:46:38.497"/>
</kw>
<kw name="Create Dictionary" library="BuiltIn">
<var>${body}</var>
<arg>birthday=19950617</arg>
<arg>gender=M</arg>
<arg>name=Lewies</arg>
<arg>natid=s9520789h</arg>
<arg>salary=4000</arg>
<arg>tax=300</arg>
<doc>Creates and returns a dictionary based on the given ``items``.</doc>
<msg timestamp="20230106 10:46:38.512" level="INFO">${body} = {'birthday': '19950617', 'gender': 'M', 'name': 'Lewies', 'natid': 's9520789h', 'salary': '4000', 'tax': '300'}</msg>
<status status="PASS" starttime="20230106 10:46:38.512" endtime="20230106 10:46:38.512"/>
</kw>
<kw name="Create Dictionary" library="BuiltIn">
<var>${header}</var>
<arg>Content-Type=application/json</arg>
<doc>Creates and returns a dictionary based on the given ``items``.</doc>
<msg timestamp="20230106 10:46:38.512" level="INFO">${header} = {'Content-Type': 'application/json'}</msg>
<status status="PASS" starttime="20230106 10:46:38.512" endtime="20230106 10:46:38.512"/>
</kw>
<kw name="POST On Session" library="RequestsLibrary">
<var>${response}</var>
<arg>session</arg>
<arg>/calculator/insert</arg>
<arg>json=${body}</arg>
<arg>headers=${header}</arg>
<arg>expected_status=500</arg>
<doc>Sends a POST request on a previously created HTTP Session.</doc>
<msg timestamp="20230106 10:46:38.512" level="INFO">POST Request : url=http://localhost:8080/calculator/insert 
 path_url=/calculator/insert 
 headers={'User-Agent': 'python-requests/2.28.1', 'Accept-Encoding': 'gzip, deflate', 'Accept': '*/*', 'Connection': 'keep-alive', 'Content-Type': 'application/json', 'Content-Length': '111'} 
 body=b'{"birthday": "19950617", "gender": "M", "name": "Lewies", "natid": "s9520789h", "salary": "4000", "tax": "300"}' 
 </msg>
<msg timestamp="20230106 10:46:38.512" level="INFO">POST Response : url=http://localhost:8080/calculator/insert 
 status=500, reason= 
 headers={'Content-Type': 'application/json;charset=UTF-8', 'Transfer-Encoding': 'chunked', 'Date': 'Fri, 06 Jan 2023 02:46:38 GMT', 'Connection': 'close'} 
 body={"timestamp":"2023-01-06T02:46:38.512+0000","status":500,"error":"Internal Server Error","message":"Text '19950617' could not be parsed: Invalid value for MonthOfYear (valid values 1 - 12): 95","path":"/calculator/insert"} 
 </msg>
<msg timestamp="20230106 10:46:38.512" level="INFO">${response} = &lt;Response [500]&gt;</msg>
<status status="PASS" starttime="20230106 10:46:38.512" endtime="20230106 10:46:38.512"/>
</kw>
<kw name="Convert To String" library="BuiltIn">
<var>${status_code}</var>
<arg>${response.status_code}</arg>
<doc>Converts the given item to a Unicode string.</doc>
<msg timestamp="20230106 10:46:38.512" level="INFO">${status_code} = 500</msg>
<status status="PASS" starttime="20230106 10:46:38.512" endtime="20230106 10:46:38.512"/>
</kw>
<kw name="Should Be Equal" library="BuiltIn">
<arg>${status_code}</arg>
<arg>500</arg>
<doc>Fails if the given objects are unequal.</doc>
<status status="PASS" starttime="20230106 10:46:38.512" endtime="20230106 10:46:38.512"/>
</kw>
<kw name="POST On Session" library="RequestsLibrary" type="TEARDOWN">
<arg>session</arg>
<arg>/calculator/rakeDatabase</arg>
<doc>Sends a POST request on a previously created HTTP Session.</doc>
<msg timestamp="20230106 10:46:38.512" level="INFO">POST Request : url=http://localhost:8080/calculator/rakeDatabase 
 path_url=/calculator/rakeDatabase 
 headers={'User-Agent': 'python-requests/2.28.1', 'Accept-Encoding': 'gzip, deflate', 'Accept': '*/*', 'Connection': 'keep-alive', 'Content-Length': '0'} 
 body=None 
 </msg>
<msg timestamp="20230106 10:46:38.512" level="INFO">POST Response : url=http://localhost:8080/calculator/rakeDatabase 
 status=200, reason= 
 headers={'Content-Type': 'text/plain;charset=UTF-8', 'Content-Length': '21', 'Date': 'Fri, 06 Jan 2023 02:46:38 GMT'} 
 body=Successfully raked DB 
 </msg>
<status status="PASS" starttime="20230106 10:46:38.512" endtime="20230106 10:46:38.512"/>
</kw>
<tag>Functional</tag>
<status status="PASS" starttime="20230106 10:46:38.497" endtime="20230106 10:46:38.512"/>
</test>
<status status="PASS" starttime="20230106 10:46:38.497" endtime="20230106 10:46:38.528"/>
</suite>
<suite id="s1-s1-s14" name="TC 14 Insert Single Person INVALID LogicalErrorNatidAlreadyExists" source="C:\Users\ECQ1046\PycharmProjects\TaxReliefProject\OppenheimerUS1\TC_14_Insert_Single_Person_INVALID_LogicalErrorNatidAlreadyExists.robot">
<test id="s1-s1-s14-t1" name="TC_14:Insert_Single_Person_INVALID_LogicalErrorNatidAlreadyExists" line="12">
<kw name="Create Session" library="RequestsLibrary">
<arg>session</arg>
<arg>${base_url}</arg>
<doc>Create Session: create a HTTP session to a server</doc>
<msg timestamp="20230106 10:46:38.528" level="INFO">Creating Session using : alias=session, url=http://localhost:8080, headers={},                     cookies={}, auth=None, timeout=None, proxies=None, verify=False,                     debug=0 </msg>
<status status="PASS" starttime="20230106 10:46:38.528" endtime="20230106 10:46:38.528"/>
</kw>
<kw name="Create Dictionary" library="BuiltIn">
<var>${body}</var>
<arg>birthday=17061995</arg>
<arg>gender=M</arg>
<arg>name=Lewies</arg>
<arg>natid=s9520789h</arg>
<arg>salary=4000</arg>
<arg>tax=300</arg>
<doc>Creates and returns a dictionary based on the given ``items``.</doc>
<msg timestamp="20230106 10:46:38.528" level="INFO">${body} = {'birthday': '17061995', 'gender': 'M', 'name': 'Lewies', 'natid': 's9520789h', 'salary': '4000', 'tax': '300'}</msg>
<status status="PASS" starttime="20230106 10:46:38.528" endtime="20230106 10:46:38.528"/>
</kw>
<kw name="Create Dictionary" library="BuiltIn">
<var>${header}</var>
<arg>Content-Type=application/json</arg>
<doc>Creates and returns a dictionary based on the given ``items``.</doc>
<msg timestamp="20230106 10:46:38.528" level="INFO">${header} = {'Content-Type': 'application/json'}</msg>
<status status="PASS" starttime="20230106 10:46:38.528" endtime="20230106 10:46:38.528"/>
</kw>
<kw name="POST On Session" library="RequestsLibrary">
<var>${response}</var>
<arg>session</arg>
<arg>/calculator/insert</arg>
<arg>json=${body}</arg>
<arg>headers=${header}</arg>
<doc>Sends a POST request on a previously created HTTP Session.</doc>
<msg timestamp="20230106 10:46:38.528" level="INFO">POST Request : url=http://localhost:8080/calculator/insert 
 path_url=/calculator/insert 
 headers={'User-Agent': 'python-requests/2.28.1', 'Accept-Encoding': 'gzip, deflate', 'Accept': '*/*', 'Connection': 'keep-alive', 'Content-Type': 'application/json', 'Content-Length': '111'} 
 body=b'{"birthday": "17061995", "gender": "M", "name": "Lewies", "natid": "s9520789h", "salary": "4000", "tax": "300"}' 
 </msg>
<msg timestamp="20230106 10:46:38.528" level="INFO">POST Response : url=http://localhost:8080/calculator/insert 
 status=202, reason= 
 headers={'Content-Type': 'text/plain;charset=UTF-8', 'Content-Length': '7', 'Date': 'Fri, 06 Jan 2023 02:46:38 GMT'} 
 body=Alright 
 </msg>
<msg timestamp="20230106 10:46:38.528" level="INFO">${response} = &lt;Response [202]&gt;</msg>
<status status="PASS" starttime="20230106 10:46:38.528" endtime="20230106 10:46:38.528"/>
</kw>
<kw name="POST On Session" library="RequestsLibrary">
<var>${response2}</var>
<arg>session</arg>
<arg>/calculator/insert</arg>
<arg>json=${body}</arg>
<arg>headers=${header}</arg>
<doc>Sends a POST request on a previously created HTTP Session.</doc>
<msg timestamp="20230106 10:46:38.543" level="INFO">POST Request : url=http://localhost:8080/calculator/insert 
 path_url=/calculator/insert 
 headers={'User-Agent': 'python-requests/2.28.1', 'Accept-Encoding': 'gzip, deflate', 'Accept': '*/*', 'Connection': 'keep-alive', 'Content-Type': 'application/json', 'Content-Length': '111'} 
 body=b'{"birthday": "17061995", "gender": "M", "name": "Lewies", "natid": "s9520789h", "salary": "4000", "tax": "300"}' 
 </msg>
<msg timestamp="20230106 10:46:38.543" level="INFO">POST Response : url=http://localhost:8080/calculator/insert 
 status=202, reason= 
 headers={'Content-Type': 'text/plain;charset=UTF-8', 'Content-Length': '7', 'Date': 'Fri, 06 Jan 2023 02:46:38 GMT'} 
 body=Alright 
 </msg>
<msg timestamp="20230106 10:46:38.543" level="INFO">${response2} = &lt;Response [202]&gt;</msg>
<status status="PASS" starttime="20230106 10:46:38.528" endtime="20230106 10:46:38.543"/>
</kw>
<kw name="Convert To String" library="BuiltIn">
<var>${status_code}</var>
<arg>${response2.status_code}</arg>
<doc>Converts the given item to a Unicode string.</doc>
<msg timestamp="20230106 10:46:38.543" level="INFO">${status_code} = 202</msg>
<status status="PASS" starttime="20230106 10:46:38.543" endtime="20230106 10:46:38.543"/>
</kw>
<kw name="Should Be Equal" library="BuiltIn">
<arg>${status_code}</arg>
<arg>500</arg>
<doc>Fails if the given objects are unequal.</doc>
<msg timestamp="20230106 10:46:38.543" level="FAIL">202 != 500</msg>
<status status="FAIL" starttime="20230106 10:46:38.543" endtime="20230106 10:46:38.543"/>
</kw>
<kw name="POST On Session" library="RequestsLibrary" type="TEARDOWN">
<arg>session</arg>
<arg>/calculator/rakeDatabase</arg>
<doc>Sends a POST request on a previously created HTTP Session.</doc>
<msg timestamp="20230106 10:46:38.550" level="INFO">POST Request : url=http://localhost:8080/calculator/rakeDatabase 
 path_url=/calculator/rakeDatabase 
 headers={'User-Agent': 'python-requests/2.28.1', 'Accept-Encoding': 'gzip, deflate', 'Accept': '*/*', 'Connection': 'keep-alive', 'Content-Length': '0'} 
 body=None 
 </msg>
<msg timestamp="20230106 10:46:38.550" level="INFO">POST Response : url=http://localhost:8080/calculator/rakeDatabase 
 status=200, reason= 
 headers={'Content-Type': 'text/plain;charset=UTF-8', 'Content-Length': '21', 'Date': 'Fri, 06 Jan 2023 02:46:38 GMT'} 
 body=Successfully raked DB 
 </msg>
<status status="PASS" starttime="20230106 10:46:38.543" endtime="20230106 10:46:38.550"/>
</kw>
<doc>The REST request should be able to identify that a particular record already exists in the table, ideally using natid. It should then throw a warning or refuse the request</doc>
<tag>Functional</tag>
<status status="FAIL" starttime="20230106 10:46:38.528" endtime="20230106 10:46:38.552">202 != 500</status>
</test>
<status status="FAIL" starttime="20230106 10:46:38.528" endtime="20230106 10:46:38.552"/>
</suite>
<suite id="s1-s1-s15" name="TC 15 Insert Single Person INVALID LogicalErrorBirthdateInFuture" source="C:\Users\ECQ1046\PycharmProjects\TaxReliefProject\OppenheimerUS1\TC_15_Insert_Single_Person_INVALID_LogicalErrorBirthdateInFuture.robot">
<test id="s1-s1-s15-t1" name="TC_15:Insert_Single_Person_INVALID_LogicalErrorBirthdateInFuture" line="12">
<kw name="Create Session" library="RequestsLibrary">
<arg>session</arg>
<arg>${base_url}</arg>
<doc>Create Session: create a HTTP session to a server</doc>
<msg timestamp="20230106 10:46:38.560" level="INFO">Creating Session using : alias=session, url=http://localhost:8080, headers={},                     cookies={}, auth=None, timeout=None, proxies=None, verify=False,                     debug=0 </msg>
<status status="PASS" starttime="20230106 10:46:38.560" endtime="20230106 10:46:38.560"/>
</kw>
<kw name="Create Dictionary" library="BuiltIn">
<var>${body}</var>
<arg>birthday=17062030</arg>
<arg>gender=M</arg>
<arg>name=Lewies</arg>
<arg>natid=s9520789h</arg>
<arg>salary=4000</arg>
<arg>tax=300</arg>
<doc>Creates and returns a dictionary based on the given ``items``.</doc>
<msg timestamp="20230106 10:46:38.560" level="INFO">${body} = {'birthday': '17062030', 'gender': 'M', 'name': 'Lewies', 'natid': 's9520789h', 'salary': '4000', 'tax': '300'}</msg>
<status status="PASS" starttime="20230106 10:46:38.560" endtime="20230106 10:46:38.560"/>
</kw>
<kw name="Create Dictionary" library="BuiltIn">
<var>${header}</var>
<arg>Content-Type=application/json</arg>
<doc>Creates and returns a dictionary based on the given ``items``.</doc>
<msg timestamp="20230106 10:46:38.560" level="INFO">${header} = {'Content-Type': 'application/json'}</msg>
<status status="PASS" starttime="20230106 10:46:38.560" endtime="20230106 10:46:38.560"/>
</kw>
<kw name="POST On Session" library="RequestsLibrary">
<var>${response}</var>
<arg>session</arg>
<arg>/calculator/insert</arg>
<arg>json=${body}</arg>
<arg>headers=${header}</arg>
<doc>Sends a POST request on a previously created HTTP Session.</doc>
<msg timestamp="20230106 10:46:38.560" level="INFO">POST Request : url=http://localhost:8080/calculator/insert 
 path_url=/calculator/insert 
 headers={'User-Agent': 'python-requests/2.28.1', 'Accept-Encoding': 'gzip, deflate', 'Accept': '*/*', 'Connection': 'keep-alive', 'Content-Type': 'application/json', 'Content-Length': '111'} 
 body=b'{"birthday": "17062030", "gender": "M", "name": "Lewies", "natid": "s9520789h", "salary": "4000", "tax": "300"}' 
 </msg>
<msg timestamp="20230106 10:46:38.560" level="INFO">POST Response : url=http://localhost:8080/calculator/insert 
 status=202, reason= 
 headers={'Content-Type': 'text/plain;charset=UTF-8', 'Content-Length': '7', 'Date': 'Fri, 06 Jan 2023 02:46:38 GMT'} 
 body=Alright 
 </msg>
<msg timestamp="20230106 10:46:38.560" level="INFO">${response} = &lt;Response [202]&gt;</msg>
<status status="PASS" starttime="20230106 10:46:38.560" endtime="20230106 10:46:38.560"/>
</kw>
<kw name="Convert To String" library="BuiltIn">
<var>${status_code}</var>
<arg>${response.status_code}</arg>
<doc>Converts the given item to a Unicode string.</doc>
<msg timestamp="20230106 10:46:38.560" level="INFO">${status_code} = 202</msg>
<status status="PASS" starttime="20230106 10:46:38.560" endtime="20230106 10:46:38.560"/>
</kw>
<kw name="Should Be Equal" library="BuiltIn">
<arg>${status_code}</arg>
<arg>500</arg>
<doc>Fails if the given objects are unequal.</doc>
<msg timestamp="20230106 10:46:38.560" level="FAIL">202 != 500</msg>
<status status="FAIL" starttime="20230106 10:46:38.560" endtime="20230106 10:46:38.560"/>
</kw>
<kw name="POST On Session" library="RequestsLibrary" type="TEARDOWN">
<arg>session</arg>
<arg>/calculator/rakeDatabase</arg>
<doc>Sends a POST request on a previously created HTTP Session.</doc>
<msg timestamp="20230106 10:46:38.570" level="INFO">POST Request : url=http://localhost:8080/calculator/rakeDatabase 
 path_url=/calculator/rakeDatabase 
 headers={'User-Agent': 'python-requests/2.28.1', 'Accept-Encoding': 'gzip, deflate', 'Accept': '*/*', 'Connection': 'keep-alive', 'Content-Length': '0'} 
 body=None 
 </msg>
<msg timestamp="20230106 10:46:38.570" level="INFO">POST Response : url=http://localhost:8080/calculator/rakeDatabase 
 status=200, reason= 
 headers={'Content-Type': 'text/plain;charset=UTF-8', 'Content-Length': '21', 'Date': 'Fri, 06 Jan 2023 02:46:38 GMT'} 
 body=Successfully raked DB 
 </msg>
<status status="PASS" starttime="20230106 10:46:38.560" endtime="20230106 10:46:38.570"/>
</kw>
<doc>The REST request should be able to identify invalid birthdates such as those in the future or in very recent years</doc>
<tag>Functional</tag>
<status status="FAIL" starttime="20230106 10:46:38.552" endtime="20230106 10:46:38.570">202 != 500</status>
</test>
<status status="FAIL" starttime="20230106 10:46:38.552" endtime="20230106 10:46:38.570"/>
</suite>
<status status="FAIL" starttime="20230106 10:46:38.150" endtime="20230106 10:46:38.570"/>
</suite>
<suite id="s1-s2" name="OppenheimerUS2" source="C:\Users\ECQ1046\PycharmProjects\TaxReliefProject\OppenheimerUS2">
<suite id="s1-s2-s1" name="TC 01 Insert Multiple Persons VALID" source="C:\Users\ECQ1046\PycharmProjects\TaxReliefProject\OppenheimerUS2\TC_01_Insert_Multiple_Persons_VALID.robot">
<test id="s1-s2-s1-t1" name="TC_01:Insert_Multiple_Persons_VALID" line="12">
<kw name="Create Session" library="RequestsLibrary">
<arg>session</arg>
<arg>${base_url}</arg>
<doc>Create Session: create a HTTP session to a server</doc>
<msg timestamp="20230106 10:46:38.570" level="INFO">Creating Session using : alias=session, url=http://localhost:8080, headers={},                     cookies={}, auth=None, timeout=None, proxies=None, verify=False,                     debug=0 </msg>
<status status="PASS" starttime="20230106 10:46:38.570" endtime="20230106 10:46:38.570"/>
</kw>
<kw name="Create List" library="BuiltIn">
<var>${list}</var>
<doc>Returns a list containing given items.</doc>
<msg timestamp="20230106 10:46:38.570" level="INFO">${list} = []</msg>
<status status="PASS" starttime="20230106 10:46:38.570" endtime="20230106 10:46:38.570"/>
</kw>
<kw name="Create Dictionary" library="BuiltIn">
<var>${body1}</var>
<arg>birthday=17061995</arg>
<arg>gender=M</arg>
<arg>name=Lewies</arg>
<arg>natid=s12345678h</arg>
<arg>salary=4000</arg>
<arg>tax=400</arg>
<doc>Creates and returns a dictionary based on the given ``items``.</doc>
<msg timestamp="20230106 10:46:38.570" level="INFO">${body1} = {'birthday': '17061995', 'gender': 'M', 'name': 'Lewies', 'natid': 's12345678h', 'salary': '4000', 'tax': '400'}</msg>
<status status="PASS" starttime="20230106 10:46:38.570" endtime="20230106 10:46:38.570"/>
</kw>
<kw name="Append To List" library="Collections">
<arg>${list}</arg>
<arg>${body1}</arg>
<doc>Adds ``values`` to the end of ``list``.</doc>
<status status="PASS" starttime="20230106 10:46:38.570" endtime="20230106 10:46:38.570"/>
</kw>
<kw name="Create Dictionary" library="BuiltIn">
<var>${body2}</var>
<arg>birthday=04071997</arg>
<arg>gender=F</arg>
<arg>name=TesterB</arg>
<arg>natid=s87654321a</arg>
<arg>salary=3000</arg>
<arg>tax=250</arg>
<doc>Creates and returns a dictionary based on the given ``items``.</doc>
<msg timestamp="20230106 10:46:38.586" level="INFO">${body2} = {'birthday': '04071997', 'gender': 'F', 'name': 'TesterB', 'natid': 's87654321a', 'salary': '3000', 'tax': '250'}</msg>
<status status="PASS" starttime="20230106 10:46:38.570" endtime="20230106 10:46:38.586"/>
</kw>
<kw name="Append To List" library="Collections">
<arg>${list}</arg>
<arg>${body2}</arg>
<doc>Adds ``values`` to the end of ``list``.</doc>
<status status="PASS" starttime="20230106 10:46:38.586" endtime="20230106 10:46:38.586"/>
</kw>
<kw name="Create Dictionary" library="BuiltIn">
<var>${body3}</var>
<arg>birthday=01011960</arg>
<arg>gender=F</arg>
<arg>name=TesterC</arg>
<arg>natid=s11223344d</arg>
<arg>salary=8000</arg>
<arg>tax=2000</arg>
<doc>Creates and returns a dictionary based on the given ``items``.</doc>
<msg timestamp="20230106 10:46:38.586" level="INFO">${body3} = {'birthday': '01011960', 'gender': 'F', 'name': 'TesterC', 'natid': 's11223344d', 'salary': '8000', 'tax': '2000'}</msg>
<status status="PASS" starttime="20230106 10:46:38.586" endtime="20230106 10:46:38.586"/>
</kw>
<kw name="Append To List" library="Collections">
<arg>${list}</arg>
<arg>${body3}</arg>
<doc>Adds ``values`` to the end of ``list``.</doc>
<status status="PASS" starttime="20230106 10:46:38.586" endtime="20230106 10:46:38.586"/>
</kw>
<kw name="Create Dictionary" library="BuiltIn">
<var>${header}</var>
<arg>Content-Type=application/json</arg>
<doc>Creates and returns a dictionary based on the given ``items``.</doc>
<msg timestamp="20230106 10:46:38.586" level="INFO">${header} = {'Content-Type': 'application/json'}</msg>
<status status="PASS" starttime="20230106 10:46:38.586" endtime="20230106 10:46:38.586"/>
</kw>
<kw name="POST On Session" library="RequestsLibrary">
<var>${response}</var>
<arg>session</arg>
<arg>/calculator/insertMultiple</arg>
<arg>json=${list}</arg>
<arg>headers=${header}</arg>
<doc>Sends a POST request on a previously created HTTP Session.</doc>
<msg timestamp="20230106 10:46:38.586" level="INFO">POST Request : url=http://localhost:8080/calculator/insertMultiple 
 path_url=/calculator/insertMultiple 
 headers={'User-Agent': 'python-requests/2.28.1', 'Accept-Encoding': 'gzip, deflate', 'Accept': '*/*', 'Connection': 'keep-alive', 'Content-Type': 'application/json', 'Content-Length': '345'} 
 body=b'[{"birthday": "17061995", "gender": "M", "name": "Lewies", "natid": "s12345678h", "salary": "4000", "tax": "400"}, {"birthday": "04071997", "gender": "F", "name": "TesterB", "natid": "s87654321a", "salary": "3000", "tax": "250"}, {"birthday": "01011960", "gender": "F", "name": "TesterC", "natid": "s11223344d", "salary": "8000", "tax": "2000"}]' 
 </msg>
<msg timestamp="20230106 10:46:38.586" level="INFO">POST Response : url=http://localhost:8080/calculator/insertMultiple 
 status=202, reason= 
[...]
<status status="PASS" starttime="20230106 10:51:37.618" endtime="20230106 10:51:37.623"/>
</kw>
<kw name="Call Method" library="BuiltIn">
<var>${button_color}</var>
<arg>${button_element}</arg>
<arg>value_of_css_property</arg>
<arg>background-color</arg>
<doc>Calls the named method of the given object with the provided arguments.</doc>
<msg timestamp="20230106 10:51:37.629" level="INFO">${button_color} = rgba(220, 53, 69, 1)</msg>
<status status="PASS" starttime="20230106 10:51:37.624" endtime="20230106 10:51:37.629"/>
</kw>
<kw name="Convert To String" library="BuiltIn">
<var>${button_string}</var>
<arg>${button_color}</arg>
<doc>Converts the given item to a Unicode string.</doc>
<msg timestamp="20230106 10:51:37.630" level="INFO">${button_string} = rgba(220, 53, 69, 1)</msg>
<status status="PASS" starttime="20230106 10:51:37.630" endtime="20230106 10:51:37.630"/>
</kw>
<kw name="Get Substring" library="String">
<var>${button_string}</var>
<arg>${button_string}</arg>
<arg>5</arg>
<doc>Returns a substring from ``start`` index to ``end`` index.</doc>
<msg timestamp="20230106 10:51:37.631" level="INFO">${button_string} = 220, 53, 69, 1)</msg>
<status status="PASS" starttime="20230106 10:51:37.631" endtime="20230106 10:51:37.631"/>
</kw>
<kw name="Get Substring" library="String">
<var>${button_string}</var>
<arg>${button_string}</arg>
<arg>0</arg>
<arg>-1</arg>
<doc>Returns a substring from ``start`` index to ``end`` index.</doc>
<msg timestamp="20230106 10:51:37.632" level="INFO">${button_string} = 220, 53, 69, 1</msg>
<status status="PASS" starttime="20230106 10:51:37.632" endtime="20230106 10:51:37.632"/>
</kw>
<kw name="Split String" library="String">
<var>${rgb_list}</var>
<arg>${button_string}</arg>
<arg>,</arg>
<doc>Splits the ``string`` using ``separator`` as a delimiter string.</doc>
<msg timestamp="20230106 10:51:37.633" level="INFO">${rgb_list} = ['220', ' 53', ' 69', ' 1']</msg>
<status status="PASS" starttime="20230106 10:51:37.633" endtime="20230106 10:51:37.633"/>
</kw>
<kw name="Get From List" library="Collections">
<var>${color_r}</var>
<arg>${rgb_list}</arg>
<arg>0</arg>
<doc>Returns the value specified with an ``index`` from ``list``.</doc>
<msg timestamp="20230106 10:51:37.634" level="INFO">${color_r} = 220</msg>
<status status="PASS" starttime="20230106 10:51:37.634" endtime="20230106 10:51:37.634"/>
</kw>
<kw name="Get From List" library="Collections">
<var>${color_g}</var>
<arg>${rgb_list}</arg>
<arg>1</arg>
<doc>Returns the value specified with an ``index`` from ``list``.</doc>
<msg timestamp="20230106 10:51:37.635" level="INFO">${color_g} =  53</msg>
<status status="PASS" starttime="20230106 10:51:37.635" endtime="20230106 10:51:37.635"/>
</kw>
<kw name="Get From List" library="Collections">
<var>${color_b}</var>
<arg>${rgb_list}</arg>
<arg>2</arg>
<doc>Returns the value specified with an ``index`` from ``list``.</doc>
<msg timestamp="20230106 10:51:37.636" level="INFO">${color_b} =  69</msg>
<status status="PASS" starttime="20230106 10:51:37.635" endtime="20230106 10:51:37.636"/>
</kw>
<kw name="Should Be True" library="BuiltIn">
<arg>(${color_r}&lt;=255 and ${color_r}&gt;=160) and (${color_b}&lt;=75 and ${color_b}&gt;=0) and (${color_g}&lt;=75 and ${color_g}&gt;=0)</arg>
<doc>Fails if the given condition is not true.</doc>
<status status="PASS" starttime="20230106 10:51:37.636" endtime="20230106 10:51:37.637"/>
</kw>
<kw name="Set Variable" library="BuiltIn">
<var>${button_element_text}</var>
<arg>${button_element.text}</arg>
<doc>Returns the given values which can then be assigned to a variables.</doc>
<msg timestamp="20230106 10:51:37.645" level="INFO">${button_element_text} = Dispense Now</msg>
<status status="PASS" starttime="20230106 10:51:37.637" endtime="20230106 10:51:37.645"/>
</kw>
<kw name="Should Be Equal" library="BuiltIn">
<arg>${button_element_text}</arg>
<arg>Dispense Now</arg>
<doc>Fails if the given objects are unequal.</doc>
<status status="PASS" starttime="20230106 10:51:37.646" endtime="20230106 10:51:37.647"/>
</kw>
<kw name="Click Element" library="SeleniumLibrary">
<arg>xpath:/html/body/div/div[2]/div/a[2]</arg>
<doc>Click the element identified by ``locator``.</doc>
<msg timestamp="20230106 10:51:37.647" level="INFO">Clicking element 'xpath:/html/body/div/div[2]/div/a[2]'.</msg>
<status status="PASS" starttime="20230106 10:51:37.647" endtime="20230106 10:51:37.813"/>
</kw>
<kw name="Wait Until Element Is Visible" library="SeleniumLibrary">
<arg>xpath:/html/body/div/div/div/main/div/div/div</arg>
<arg>timeout=5</arg>
<doc>Waits until the element ``locator`` is visible.</doc>
<status status="PASS" starttime="20230106 10:51:37.814" endtime="20230106 10:51:37.834"/>
</kw>
<kw name="Get WebElement" library="SeleniumLibrary">
<var>${text_element}</var>
<arg>xpath:/html/body/div/div/div/main/div/div/div</arg>
<doc>Returns the first WebElement matching the given ``locator``.</doc>
<msg timestamp="20230106 10:51:37.836" level="INFO">${text_element} = &lt;selenium.webdriver.remote.webelement.WebElement (session="01359ac67e5967b7dad823a5f225f08e", element="6af2b138-d917-4bd1-84c8-73c9d732774d")&gt;</msg>
<status status="PASS" starttime="20230106 10:51:37.835" endtime="20230106 10:51:37.836"/>
</kw>
<kw name="Set Variable" library="BuiltIn">
<var>${text_element_text}</var>
<arg>${text_element.text}</arg>
<doc>Returns the given values which can then be assigned to a variables.</doc>
<msg timestamp="20230106 10:51:37.836" level="INFO">${text_element_text} = Cash dispensed</msg>
<status status="PASS" starttime="20230106 10:51:37.836" endtime="20230106 10:51:37.836"/>
</kw>
<kw name="Should Be Equal" library="BuiltIn">
<arg>${text_element_text}</arg>
<arg>Cash dispensed</arg>
<doc>Fails if the given objects are unequal.</doc>
<status status="PASS" starttime="20230106 10:51:37.836" endtime="20230106 10:51:37.836"/>
</kw>
<kw name="Run Keyword" library="BuiltIn" type="TEARDOWN">
<arg>Teardown</arg>
<doc>Executes the given keyword with the given arguments.</doc>
<kw name="Teardown">
<kw name="POST On Session" library="RequestsLibrary">
<arg>session</arg>
<arg>/calculator/rakeDatabase</arg>
<doc>Sends a POST request on a previously created HTTP Session.</doc>
<msg timestamp="20230106 10:51:37.852" level="INFO">POST Request : url=http://localhost:8080/calculator/rakeDatabase 
 path_url=/calculator/rakeDatabase 
 headers={'User-Agent': 'python-requests/2.28.1', 'Accept-Encoding': 'gzip, deflate', 'Accept': '*/*', 'Connection': 'keep-alive', 'Content-Length': '0'} 
 body=None 
 </msg>
<msg timestamp="20230106 10:51:37.852" level="INFO">POST Response : url=http://localhost:8080/calculator/rakeDatabase 
 status=200, reason= 
 headers={'Content-Type': 'text/plain;charset=UTF-8', 'Content-Length': '21', 'Date': 'Fri, 06 Jan 2023 02:51:37 GMT'} 
 body=Successfully raked DB 
 </msg>
<status status="PASS" starttime="20230106 10:51:37.852" endtime="20230106 10:51:37.852"/>
</kw>
<kw name="Close Browser" library="SeleniumLibrary">
<doc>Closes the current browser.</doc>
<status status="PASS" starttime="20230106 10:51:37.852" endtime="20230106 10:51:39.945"/>
</kw>
<status status="PASS" starttime="20230106 10:51:37.852" endtime="20230106 10:51:39.945"/>
</kw>
<status status="PASS" starttime="20230106 10:51:37.852" endtime="20230106 10:51:39.945"/>
</kw>
<tag>Functional</tag>
<tag>Portability-E</tag>
<tag>Smoke</tag>
<status status="PASS" starttime="20230106 10:51:36.102" endtime="20230106 10:51:39.945"/>
</test>
<status status="PASS" starttime="20230106 10:51:36.087" endtime="20230106 10:51:39.945"/>
</suite>
<status status="PASS" starttime="20230106 10:51:23.073" endtime="20230106 10:51:39.945"/>
</suite>
<status status="FAIL" starttime="20230106 10:46:38.140" endtime="20230106 10:51:39.945"/>
</suite>
<statistics>
<total>
<stat pass="67" fail="27" skip="0">All Tests</stat>
</total>
<tag>
<stat pass="67" fail="27" skip="0">Functional</stat>
<stat pass="13" fail="5" skip="0">Portability-C</stat>
<stat pass="13" fail="5" skip="0">Portability-E</stat>
<stat pass="13" fail="5" skip="0">Portability-FF</stat>
<stat pass="15" fail="1" skip="0">Smoke</stat>
</tag>
<suite>
<stat pass="67" fail="27" skip="0" id="s1" name="TaxReliefProject">TaxReliefProject</stat>
<stat pass="10" fail="5" skip="0" id="s1-s1" name="OppenheimerUS1">TaxReliefProject.OppenheimerUS1</stat>
<stat pass="1" fail="0" skip="0" id="s1-s1-s1" name="TC 01 Insert Single Person VALID">TaxReliefProject.OppenheimerUS1.TC 01 Insert Single Person VALID</stat>
<stat pass="1" fail="0" skip="0" id="s1-s1-s2" name="TC 02 Insert Single Person INVALID NoData">TaxReliefProject.OppenheimerUS1.TC 02 Insert Single Person INVALID NoData</stat>
<stat pass="1" fail="0" skip="0" id="s1-s1-s3" name="TC 03 Insert Single Person INVALID InvalidDataEnum">TaxReliefProject.OppenheimerUS1.TC 03 Insert Single Person INVALID InvalidDataEnum</stat>
<stat pass="0" fail="1" skip="0" id="s1-s1-s4" name="TC 04 Insert Single Person INVALID AdditionalField">TaxReliefProject.OppenheimerUS1.TC 04 Insert Single Person INVALID AdditionalField</stat>
<stat pass="1" fail="0" skip="0" id="s1-s1-s5" name="TC 05 Insert Single Person INVALID MissingDataBirthday">TaxReliefProject.OppenheimerUS1.TC 05 Insert Single Person INVALID MissingDataBirthday</stat>
<stat pass="0" fail="1" skip="0" id="s1-s1-s6" name="TC 06 Insert Single Person INVALID MissingDataGender">TaxReliefProject.OppenheimerUS1.TC 06 Insert Single Person INVALID MissingDataGender</stat>
<stat pass="1" fail="0" skip="0" id="s1-s1-s7" name="TC 07 Insert Single Person INVALID MissingDataName">TaxReliefProject.OppenheimerUS1.TC 07 Insert Single Person INVALID MissingDataName</stat>
<stat pass="1" fail="0" skip="0" id="s1-s1-s8" name="TC 08 Insert Single Person INVALID MissingDataNatid">TaxReliefProject.OppenheimerUS1.TC 08 Insert Single Person INVALID MissingDataNatid</stat>
<stat pass="1" fail="0" skip="0" id="s1-s1-s9" name="TC 09 Insert Single Person INVALID MissingDataSalary">TaxReliefProject.OppenheimerUS1.TC 09 Insert Single Person INVALID MissingDataSalary</stat>
<stat pass="1" fail="0" skip="0" id="s1-s1-s10" name="TC 10 Insert Single Person INVALID MissingDataTax">TaxReliefProject.OppenheimerUS1.TC 10 Insert Single Person INVALID MissingDataTax</stat>
<stat pass="1" fail="0" skip="0" id="s1-s1-s11" name="TC 11 Insert Single Person INVALID InvalidHeaderType">TaxReliefProject.OppenheimerUS1.TC 11 Insert Single Person INVALID InvalidHeaderType</stat>
<stat pass="0" fail="1" skip="0" id="s1-s1-s12" name="TC 12 Insert Single Person INVALID LogicalErrorTaxHigherThanSalary">TaxReliefProject.OppenheimerUS1.TC 12 Insert Single Person INVALID LogicalErrorTaxHigherThanSalary</stat>
<stat pass="1" fail="0" skip="0" id="s1-s1-s13" name="TC 13 Insert Single Person INVALID InvalidDataFormatDate">TaxReliefProject.OppenheimerUS1.TC 13 Insert Single Person INVALID InvalidDataFormatDate</stat>
<stat pass="0" fail="1" skip="0" id="s1-s1-s14" name="TC 14 Insert Single Person INVALID LogicalErrorNatidAlreadyExists">TaxReliefProject.OppenheimerUS1.TC 14 Insert Single Person INVALID LogicalErrorNatidAlreadyExists</stat>
<stat pass="0" fail="1" skip="0" id="s1-s1-s15" name="TC 15 Insert Single Person INVALID LogicalErrorBirthdateInFuture">TaxReliefProject.OppenheimerUS1.TC 15 Insert Single Person INVALID LogicalErrorBirthdateInFuture</stat>
<stat pass="11" fail="6" skip="0" id="s1-s2" name="OppenheimerUS2">TaxReliefProject.OppenheimerUS2</stat>
<stat pass="1" fail="0" skip="0" id="s1-s2-s1" name="TC 01 Insert Multiple Persons VALID">TaxReliefProject.OppenheimerUS2.TC 01 Insert Multiple Persons VALID</stat>
<stat pass="0" fail="1" skip="0" id="s1-s2-s2" name="TC 02 Insert Multiple Persons INVALID EmptyList">TaxReliefProject.OppenheimerUS2.TC 02 Insert Multiple Persons INVALID EmptyList</stat>
<stat pass="1" fail="0" skip="0" id="s1-s2-s3" name="TC 03 Insert Multiple Persons INVALID EmptyJSON">TaxReliefProject.OppenheimerUS2.TC 03 Insert Multiple Persons INVALID EmptyJSON</stat>
<stat pass="1" fail="0" skip="0" id="s1-s2-s4" name="TC 04 Insert Multiple Persons INVALID ListWithValidAndEmptyJSON">TaxReliefProject.OppenheimerUS2.TC 04 Insert Multiple Persons INVALID ListWithValidAndEmptyJSON</stat>
<stat pass="1" fail="0" skip="0" id="s1-s2-s5" name="TC 05 Insert Multiple Persons INVALID InvalidDataEnum">TaxReliefProject.OppenheimerUS2.TC 05 Insert Multiple Persons INVALID InvalidDataEnum</stat>
<stat pass="1" fail="0" skip="0" id="s1-s2-s6" name="TC 06 Insert Multiple Persons INVALID InvalidDataFormat">TaxReliefProject.OppenheimerUS2.TC 06 Insert Multiple Persons INVALID InvalidDataFormat</stat>
<stat pass="0" fail="1" skip="0" id="s1-s2-s7" name="TC 07 Insert Multiple Persons INVALID AdditionalField">TaxReliefProject.OppenheimerUS2.TC 07 Insert Multiple Persons INVALID AdditionalField</stat>
<stat pass="1" fail="0" skip="0" id="s1-s2-s8" name="TC 08 Insert Multiple Persons INVALID MissingFieldBirthday">TaxReliefProject.OppenheimerUS2.TC 08 Insert Multiple Persons INVALID MissingFieldBirthday</stat>
<stat pass="0" fail="1" skip="0" id="s1-s2-s9" name="TC 09 Insert Multiple Persons INVALID MissingFieldGender">TaxReliefProject.OppenheimerUS2.TC 09 Insert Multiple Persons INVALID MissingFieldGender</stat>
<stat pass="1" fail="0" skip="0" id="s1-s2-s10" name="TC 10 Insert Multiple Persons INVALID MissingFieldName">TaxReliefProject.OppenheimerUS2.TC 10 Insert Multiple Persons INVALID MissingFieldName</stat>
<stat pass="1" fail="0" skip="0" id="s1-s2-s11" name="TC 11 Insert Multiple Persons INVALID MissingFieldNatid">TaxReliefProject.OppenheimerUS2.TC 11 Insert Multiple Persons INVALID MissingFieldNatid</stat>
<stat pass="1" fail="0" skip="0" id="s1-s2-s12" name="TC 12 Insert Multiple Persons INVALID MissingFieldSalary">TaxReliefProject.OppenheimerUS2.TC 12 Insert Multiple Persons INVALID MissingFieldSalary</stat>
<stat pass="1" fail="0" skip="0" id="s1-s2-s13" name="TC 13 Insert Multiple Persons INVALID MissingFieldTax">TaxReliefProject.OppenheimerUS2.TC 13 Insert Multiple Persons INVALID MissingFieldTax</stat>
<stat pass="1" fail="0" skip="0" id="s1-s2-s14" name="TC 14 Insert Multiple Persons INVALID InvalidHeaderType">TaxReliefProject.OppenheimerUS2.TC 14 Insert Multiple Persons INVALID InvalidHeaderType</stat>
<stat pass="0" fail="1" skip="0" id="s1-s2-s15" name="TC 15 Insert Multiple Persons INVALID LogicalErrorTaxHigherThanSalary">TaxReliefProject.OppenheimerUS2.TC 15 Insert Multiple Persons INVALID LogicalErrorTaxHigherThanSalary</stat>
<stat pass="0" fail="1" skip="0" id="s1-s2-s16" name="TC 16 Insert Multiple Persons INVALID LogicalErrorNatidAlreadyExists">TaxReliefProject.OppenheimerUS2.TC 16 Insert Multiple Persons INVALID LogicalErrorNatidAlreadyExists</stat>
<stat pass="0" fail="1" skip="0" id="s1-s2-s17" name="TC 17 Insert Multiple Persons INVALID LogicalErrorBirthdateInFuture">TaxReliefProject.OppenheimerUS2.TC 17 Insert Multiple Persons INVALID LogicalErrorBirthdateInFuture</stat>
<stat pass="36" fail="15" skip="0" id="s1-s3" name="OppenheimerUS3">TaxReliefProject.OppenheimerUS3</stat>
<stat pass="1" fail="0" skip="0" id="s1-s3-s1" name="TC 01 Insert CSV File Chrome">TaxReliefProject.OppenheimerUS3.TC 01 Insert CSV File Chrome</stat>
<stat pass="1" fail="0" skip="0" id="s1-s3-s2" name="TC 02 Insert CSV File Firefox">TaxReliefProject.OppenheimerUS3.TC 02 Insert CSV File Firefox</stat>
<stat pass="1" fail="0" skip="0" id="s1-s3-s3" name="TC 03 Insert CSV File Edge">TaxReliefProject.OppenheimerUS3.TC 03 Insert CSV File Edge</stat>
<stat pass="3" fail="0" skip="0" id="s1-s3-s4" name="TS 04 Insert CSV File INVALID EmptyRows">TaxReliefProject.OppenheimerUS3.TS 04 Insert CSV File INVALID EmptyRows</stat>
<stat pass="3" fail="0" skip="0" id="s1-s3-s5" name="TS 05 Insert CSV File INVALID EmptyFile">TaxReliefProject.OppenheimerUS3.TS 05 Insert CSV File INVALID EmptyFile</stat>
<stat pass="0" fail="3" skip="0" id="s1-s3-s6" name="TS 06 Insert CSV File INVALID PdfFormat">TaxReliefProject.OppenheimerUS3.TS 06 Insert CSV File INVALID PdfFormat</stat>
<stat pass="0" fail="3" skip="0" id="s1-s3-s7" name="TS 07 Insert CSV File INVALID XlsFormat">TaxReliefProject.OppenheimerUS3.TS 07 Insert CSV File INVALID XlsFormat</stat>
<stat pass="3" fail="0" skip="0" id="s1-s3-s8" name="TS 08 Insert CSV File INVALID MissingData">TaxReliefProject.OppenheimerUS3.TS 08 Insert CSV File INVALID MissingData</stat>
<stat pass="3" fail="0" skip="0" id="s1-s3-s9" name="TS 09 Insert CSV File INVALID MissingNatid">TaxReliefProject.OppenheimerUS3.TS 09 Insert CSV File INVALID MissingNatid</stat>
<stat pass="3" fail="0" skip="0" id="s1-s3-s10" name="TS 10 Insert CSV File INVALID MissingName">TaxReliefProject.OppenheimerUS3.TS 10 Insert CSV File INVALID MissingName</stat>
<stat pass="3" fail="0" skip="0" id="s1-s3-s11" name="TS 11 Insert CSV File INVALID MissingGender">TaxReliefProject.OppenheimerUS3.TS 11 Insert CSV File INVALID MissingGender</stat>
<stat pass="3" fail="0" skip="0" id="s1-s3-s12" name="TS 12 Insert CSV File INVALID MissingBirthday">TaxReliefProject.OppenheimerUS3.TS 12 Insert CSV File INVALID MissingBirthday</stat>
<stat pass="3" fail="0" skip="0" id="s1-s3-s13" name="TS 13 Insert CSV File INVALID MissingSalary">TaxReliefProject.OppenheimerUS3.TS 13 Insert CSV File INVALID MissingSalary</stat>
<stat pass="3" fail="0" skip="0" id="s1-s3-s14" name="TS 14 Insert CSV File INVALID MissingTax">TaxReliefProject.OppenheimerUS3.TS 14 Insert CSV File INVALID MissingTax</stat>
<stat pass="3" fail="0" skip="0" id="s1-s3-s15" name="TS 15 Insert CSV File INVALID ExtraColumn">TaxReliefProject.OppenheimerUS3.TS 15 Insert CSV File INVALID ExtraColumn</stat>
<stat pass="3" fail="0" skip="0" id="s1-s3-s16" name="TS 16 Insert CSV File INVALID DateInvalidFormat">TaxReliefProject.OppenheimerUS3.TS 16 Insert CSV File INVALID DateInvalidFormat</stat>
<stat pass="0" fail="3" skip="0" id="s1-s3-s17" name="TS 17 Insert CSV File INVALID TaxGreaterThanSalary">TaxReliefProject.OppenheimerUS3.TS 17 Insert CSV File INVALID TaxGreaterThanSalary</stat>
<stat pass="0" fail="3" skip="0" id="s1-s3-s18" name="TS 18 Insert CSV File INVALID IllogicalBirthdate">TaxReliefProject.OppenheimerUS3.TS 18 Insert CSV File INVALID IllogicalBirthdate</stat>
<stat pass="0" fail="3" skip="0" id="s1-s3-s19" name="TS 19 Insert CSV File INVALID RecordAlreadyExists">TaxReliefProject.OppenheimerUS3.TS 19 Insert CSV File INVALID RecordAlreadyExists</stat>
<stat pass="7" fail="1" skip="0" id="s1-s4" name="OppenheimerUS4">TaxReliefProject.OppenheimerUS4</stat>
<stat pass="5" fail="0" skip="0" id="s1-s4-s1" name="TC 01 Querying Tax Relief Service AgeVariance">TaxReliefProject.OppenheimerUS4.TC 01 Querying Tax Relief Service AgeVariance</stat>
<stat pass="1" fail="0" skip="0" id="s1-s4-s2" name="TC 02 Querying Tax Relief Service Gender">TaxReliefProject.OppenheimerUS4.TC 02 Querying Tax Relief Service Gender</stat>
<stat pass="1" fail="0" skip="0" id="s1-s4-s3" name="TC 03 Querying Tax Relief Service Below50Relief">TaxReliefProject.OppenheimerUS4.TC 03 Querying Tax Relief Service Below50Relief</stat>
<stat pass="0" fail="1" skip="0" id="s1-s4-s4" name="TC 04 Querying Tax Relief Service DecimalsRounding">TaxReliefProject.OppenheimerUS4.TC 04 Querying Tax Relief Service DecimalsRounding</stat>
<stat pass="3" fail="0" skip="0" id="s1-s5" name="OppenheimerUS5">TaxReliefProject.OppenheimerUS5</stat>
<stat pass="1" fail="0" skip="0" id="s1-s5-s1" name="TS 01 Dispense Button Chrome">TaxReliefProject.OppenheimerUS5.TS 01 Dispense Button Chrome</stat>
<stat pass="1" fail="0" skip="0" id="s1-s5-s2" name="TS 02 Dispense Button Firefox">TaxReliefProject.OppenheimerUS5.TS 02 Dispense Button Firefox</stat>
<stat pass="1" fail="0" skip="0" id="s1-s5-s3" name="TS 03 Dispense Button Edge">TaxReliefProject.OppenheimerUS5.TS 03 Dispense Button Edge</stat>
</suite>
</statistics>
<errors>
</errors>
</robot>
