<?xml version="1.0" encoding="UTF-8"?>
<robot generator="Robot 6.0 (Python 3.11.0 on win32)" generated="20221031 19:15:58.307" rpa="false" schemaversion="3">
<suite id="s1" name="Oppenheimer" source="C:\Users\lewie\PycharmProjects\Oppenheimer">
<suite id="s1-s1" name="OppenheimerUS1" source="C:\Users\lewie\PycharmProjects\Oppenheimer\OppenheimerUS1">
<suite id="s1-s1-s1" name="TC 01 Insert Single Person VALID" source="C:\Users\lewie\PycharmProjects\Oppenheimer\OppenheimerUS1\TC_01_Insert_Single_Person_VALID.robot">
<test id="s1-s1-s1-t1" name="TC_01:Insert_Single_Person_VALID" line="12">
<kw name="Create Session" library="RequestsLibrary">
<arg>session</arg>
<arg>${base_url}</arg>
<doc>Create Session: create a HTTP session to a server</doc>
<msg timestamp="20221031 19:15:58.483" level="INFO">Creating Session using : alias=session, url=http://localhost:8080, headers={},                     cookies={}, auth=None, timeout=None, proxies=None, verify=False,                     debug=0 </msg>
<status status="PASS" starttime="20221031 19:15:58.482" endtime="20221031 19:15:58.483"/>
</kw>
<kw name="Create Dictionary" library="BuiltIn">
<var>${body}</var>
<arg>birthday=17061995</arg>
<arg>gender=M</arg>
<arg>name=Lewies</arg>
<arg>natid=s9520789h</arg>
<arg>salary=4000</arg>
<arg>tax=300</arg>
<doc>Creates and returns a dictionary based on the given ``items``.</doc>
<msg timestamp="20221031 19:15:58.483" level="INFO">${body} = {'birthday': '17061995', 'gender': 'M', 'name': 'Lewies', 'natid': 's9520789h', 'salary': '4000', 'tax': '300'}</msg>
<status status="PASS" starttime="20221031 19:15:58.483" endtime="20221031 19:15:58.483"/>
</kw>
<kw name="Create Dictionary" library="BuiltIn">
<var>${header}</var>
<arg>Content-Type=application/json</arg>
<doc>Creates and returns a dictionary based on the given ``items``.</doc>
<msg timestamp="20221031 19:15:58.484" level="INFO">${header} = {'Content-Type': 'application/json'}</msg>
<status status="PASS" starttime="20221031 19:15:58.483" endtime="20221031 19:15:58.484"/>
</kw>
<kw name="POST On Session" library="RequestsLibrary">
<var>${response}</var>
<arg>session</arg>
<arg>/calculator/insert</arg>
<arg>json=${body}</arg>
<arg>headers=${header}</arg>
<doc>Sends a POST request on a previously created HTTP Session.</doc>
<msg timestamp="20221031 19:15:58.497" level="INFO">POST Request : url=http://localhost:8080/calculator/insert 
 path_url=/calculator/insert 
 headers={'User-Agent': 'python-requests/2.28.1', 'Accept-Encoding': 'gzip, deflate', 'Accept': '*/*', 'Connection': 'keep-alive', 'Content-Type': 'application/json', 'Content-Length': '111'} 
 body=b'{"birthday": "17061995", "gender": "M", "name": "Lewies", "natid": "s9520789h", "salary": "4000", "tax": "300"}' 
 </msg>
<msg timestamp="20221031 19:15:58.497" level="INFO">POST Response : url=http://localhost:8080/calculator/insert 
 status=202, reason= 
 headers={'Content-Type': 'text/plain;charset=UTF-8', 'Content-Length': '7', 'Date': 'Mon, 31 Oct 2022 11:15:58 GMT'} 
 body=Alright 
 </msg>
<msg timestamp="20221031 19:15:58.497" level="INFO">${response} = &lt;Response [202]&gt;</msg>
<status status="PASS" starttime="20221031 19:15:58.484" endtime="20221031 19:15:58.497"/>
</kw>
<kw name="Convert To String" library="BuiltIn">
<var>${status_code}</var>
<arg>${response.status_code}</arg>
<doc>Converts the given item to a Unicode string.</doc>
<msg timestamp="20221031 19:15:58.498" level="INFO">${status_code} = 202</msg>
<status status="PASS" starttime="20221031 19:15:58.497" endtime="20221031 19:15:58.498"/>
</kw>
<kw name="Convert To String" library="BuiltIn">
<var>${res_body}</var>
<arg>${response.content}</arg>
<doc>Converts the given item to a Unicode string.</doc>
<msg timestamp="20221031 19:15:58.498" level="INFO">${res_body} = Alright</msg>
<status status="PASS" starttime="20221031 19:15:58.498" endtime="20221031 19:15:58.498"/>
</kw>
<kw name="Should Contain" library="BuiltIn">
<arg>${res_body}</arg>
<arg>Alright</arg>
<doc>Fails if ``container`` does not contain ``item`` one or more times.</doc>
<status status="PASS" starttime="20221031 19:15:58.498" endtime="20221031 19:15:58.499"/>
</kw>
<kw name="Should Be Equal" library="BuiltIn">
<arg>${status_code}</arg>
<arg>202</arg>
<doc>Fails if the given objects are unequal.</doc>
<status status="PASS" starttime="20221031 19:15:58.499" endtime="20221031 19:15:58.499"/>
</kw>
<kw name="POST On Session" library="RequestsLibrary" type="TEARDOWN">
<arg>session</arg>
<arg>/calculator/rakeDatabase</arg>
<doc>Sends a POST request on a previously created HTTP Session.</doc>
<msg timestamp="20221031 19:15:58.505" level="INFO">POST Request : url=http://localhost:8080/calculator/rakeDatabase 
 path_url=/calculator/rakeDatabase 
 headers={'User-Agent': 'python-requests/2.28.1', 'Accept-Encoding': 'gzip, deflate', 'Accept': '*/*', 'Connection': 'keep-alive', 'Content-Length': '0'} 
 body=None 
 </msg>
<msg timestamp="20221031 19:15:58.506" level="INFO">POST Response : url=http://localhost:8080/calculator/rakeDatabase 
 status=200, reason= 
 headers={'Content-Type': 'text/plain;charset=UTF-8', 'Content-Length': '21', 'Date': 'Mon, 31 Oct 2022 11:15:58 GMT'} 
 body=Successfully raked DB 
 </msg>
<status status="PASS" starttime="20221031 19:15:58.499" endtime="20221031 19:15:58.506"/>
</kw>
<doc>The tests in this directory are for testing the POST request http://localhost:8080/calculator/insert for both valid and invalid input data</doc>
<tag>Functional</tag>
<tag>Smoke</tag>
<status status="PASS" starttime="20221031 19:15:58.482" endtime="20221031 19:15:58.506"/>
</test>
<status status="PASS" starttime="20221031 19:15:58.335" endtime="20221031 19:15:58.507"/>
</suite>
<suite id="s1-s1-s2" name="TC 02 Insert Single Person INVALID NoData" source="C:\Users\lewie\PycharmProjects\Oppenheimer\OppenheimerUS1\TC_02_Insert_Single_Person_INVALID_NoData.robot">
<test id="s1-s1-s2-t1" name="TC_02:Insert_Single_Person_INVALID_NoData" line="11">
<kw name="Create Session" library="RequestsLibrary">
<arg>session</arg>
<arg>${base_url}</arg>
<doc>Create Session: create a HTTP session to a server</doc>
<msg timestamp="20221031 19:15:58.514" level="INFO">Creating Session using : alias=session, url=http://localhost:8080, headers={},                     cookies={}, auth=None, timeout=None, proxies=None, verify=False,                     debug=0 </msg>
<status status="PASS" starttime="20221031 19:15:58.514" endtime="20221031 19:15:58.514"/>
</kw>
<kw name="Create Dictionary" library="BuiltIn">
<var>${body}</var>
<doc>Creates and returns a dictionary based on the given ``items``.</doc>
<msg timestamp="20221031 19:15:58.515" level="INFO">${body} = {}</msg>
<status status="PASS" starttime="20221031 19:15:58.515" endtime="20221031 19:15:58.515"/>
</kw>
<kw name="Create Dictionary" library="BuiltIn">
<var>${header}</var>
<arg>Content-Type=application/json</arg>
<doc>Creates and returns a dictionary based on the given ``items``.</doc>
<msg timestamp="20221031 19:15:58.515" level="INFO">${header} = {'Content-Type': 'application/json'}</msg>
<status status="PASS" starttime="20221031 19:15:58.515" endtime="20221031 19:15:58.515"/>
</kw>
<kw name="POST On Session" library="RequestsLibrary">
<var>${response}</var>
<arg>session</arg>
<arg>/calculator/insert</arg>
<arg>json=${body}</arg>
<arg>headers=${header}</arg>
<arg>expected_status=500</arg>
<doc>Sends a POST request on a previously created HTTP Session.</doc>
<msg timestamp="20221031 19:15:58.538" level="INFO">POST Request : url=http://localhost:8080/calculator/insert 
 path_url=/calculator/insert 
 headers={'User-Agent': 'python-requests/2.28.1', 'Accept-Encoding': 'gzip, deflate', 'Accept': '*/*', 'Connection': 'keep-alive', 'Content-Type': 'application/json', 'Content-Length': '2'} 
 body=b'{}' 
 </msg>
<msg timestamp="20221031 19:15:58.538" level="INFO">POST Response : url=http://localhost:8080/calculator/insert 
 status=500, reason= 
 headers={'Content-Type': 'application/json;charset=UTF-8', 'Transfer-Encoding': 'chunked', 'Date': 'Mon, 31 Oct 2022 11:15:58 GMT', 'Connection': 'close'} 
 body={"timestamp":"2022-10-31T11:15:58.528+0000","status":500,"error":"Internal Server Error","message":"text","path":"/calculator/insert"} 
 </msg>
<msg timestamp="20221031 19:15:58.538" level="INFO">${response} = &lt;Response [500]&gt;</msg>
<status status="PASS" starttime="20221031 19:15:58.515" endtime="20221031 19:15:58.539"/>
</kw>
<kw name="Convert To String" library="BuiltIn">
<var>${status_code}</var>
<arg>${response.status_code}</arg>
<doc>Converts the given item to a Unicode string.</doc>
<msg timestamp="20221031 19:15:58.539" level="INFO">${status_code} = 500</msg>
<status status="PASS" starttime="20221031 19:15:58.539" endtime="20221031 19:15:58.539"/>
</kw>
<kw name="Should Be Equal" library="BuiltIn">
<arg>${status_code}</arg>
<arg>500</arg>
<doc>Fails if the given objects are unequal.</doc>
<status status="PASS" starttime="20221031 19:15:58.540" endtime="20221031 19:15:58.540"/>
</kw>
<kw name="POST On Session" library="RequestsLibrary" type="TEARDOWN">
<arg>session</arg>
<arg>/calculator/rakeDatabase</arg>
<doc>Sends a POST request on a previously created HTTP Session.</doc>
<msg timestamp="20221031 19:15:58.546" level="INFO">POST Request : url=http://localhost:8080/calculator/rakeDatabase 
 path_url=/calculator/rakeDatabase 
 headers={'User-Agent': 'python-requests/2.28.1', 'Accept-Encoding': 'gzip, deflate', 'Accept': '*/*', 'Connection': 'keep-alive', 'Content-Length': '0'} 
 body=None 
 </msg>
<msg timestamp="20221031 19:15:58.546" level="INFO">POST Response : url=http://localhost:8080/calculator/rakeDatabase 
 status=200, reason= 
 headers={'Content-Type': 'text/plain;charset=UTF-8', 'Content-Length': '21', 'Date': 'Mon, 31 Oct 2022 11:15:58 GMT'} 
 body=Successfully raked DB 
 </msg>
<status status="PASS" starttime="20221031 19:15:58.540" endtime="20221031 19:15:58.547"/>
</kw>
<tag>Functional</tag>
<status status="PASS" starttime="20221031 19:15:58.514" endtime="20221031 19:15:58.547"/>
</test>
<status status="PASS" starttime="20221031 19:15:58.509" endtime="20221031 19:15:58.547"/>
</suite>
<suite id="s1-s1-s3" name="TC 03 Insert Single Person INVALID InvalidDataEnum" source="C:\Users\lewie\PycharmProjects\Oppenheimer\OppenheimerUS1\TC_03_Insert_Single_Person_INVALID_InvalidDataEnum.robot">
<test id="s1-s1-s3-t1" name="TC_03:Insert_Single_Person_INVALID_InvalidDataEnum" line="12">
<kw name="Create Session" library="RequestsLibrary">
<arg>session</arg>
<arg>${base_url}</arg>
<doc>Create Session: create a HTTP session to a server</doc>
<msg timestamp="20221031 19:15:58.552" level="INFO">Creating Session using : alias=session, url=http://localhost:8080, headers={},                     cookies={}, auth=None, timeout=None, proxies=None, verify=False,                     debug=0 </msg>
<status status="PASS" starttime="20221031 19:15:58.552" endtime="20221031 19:15:58.552"/>
</kw>
<kw name="Create Dictionary" library="BuiltIn">
<var>${body}</var>
<arg>birthday=17061995</arg>
<arg>gender=Male</arg>
<arg>name=Lewies</arg>
<arg>natid=s9520789h</arg>
<arg>salary=4000</arg>
<arg>tax=300</arg>
<doc>Creates and returns a dictionary based on the given ``items``.</doc>
<msg timestamp="20221031 19:15:58.552" level="INFO">${body} = {'birthday': '17061995', 'gender': 'Male', 'name': 'Lewies', 'natid': 's9520789h', 'salary': '4000', 'tax': '300'}</msg>
<status status="PASS" starttime="20221031 19:15:58.552" endtime="20221031 19:15:58.552"/>
</kw>
<kw name="Create Dictionary" library="BuiltIn">
<var>${header}</var>
<arg>Content-Type=application/json</arg>
<doc>Creates and returns a dictionary based on the given ``items``.</doc>
<msg timestamp="20221031 19:15:58.552" level="INFO">${header} = {'Content-Type': 'application/json'}</msg>
<status status="PASS" starttime="20221031 19:15:58.552" endtime="20221031 19:15:58.552"/>
</kw>
<kw name="POST On Session" library="RequestsLibrary">
<var>${response}</var>
<arg>session</arg>
<arg>/calculator/insert</arg>
<arg>json=${body}</arg>
<arg>headers=${header}</arg>
<arg>expected_status=500</arg>
<doc>Sends a POST request on a previously created HTTP Session.</doc>
<msg timestamp="20221031 19:15:58.567" level="INFO">POST Request : url=http://localhost:8080/calculator/insert 
 path_url=/calculator/insert 
 headers={'User-Agent': 'python-requests/2.28.1', 'Accept-Encoding': 'gzip, deflate', 'Accept': '*/*', 'Connection': 'keep-alive', 'Content-Type': 'application/json', 'Content-Length': '114'} 
 body=b'{"birthday": "17061995", "gender": "Male", "name": "Lewies", "natid": "s9520789h", "salary": "4000", "tax": "300"}' 
 </msg>
<msg timestamp="20221031 19:15:58.567" level="INFO">POST Response : url=http://localhost:8080/calculator/insert 
 status=500, reason= 
 headers={'Content-Type': 'application/json;charset=UTF-8', 'Transfer-Encoding': 'chunked', 'Date': 'Mon, 31 Oct 2022 11:15:58 GMT', 'Connection': 'close'} 
 body={"timestamp":"2022-10-31T11:15:58.566+0000","status":500,"error":"Internal Server Error","message":"could not execute statement; SQL [n/a]; nested exception is org.hibernate.exception.DataException: could not execute statement","path":"/calculator/insert"} 
 </msg>
<msg timestamp="20221031 19:15:58.567" level="INFO">${response} = &lt;Response [500]&gt;</msg>
<status status="PASS" starttime="20221031 19:15:58.553" endtime="20221031 19:15:58.567"/>
</kw>
<kw name="Convert To String" library="BuiltIn">
<var>${status_code}</var>
<arg>${response.status_code}</arg>
<doc>Converts the given item to a Unicode string.</doc>
<msg timestamp="20221031 19:15:58.568" level="INFO">${status_code} = 500</msg>
<status status="PASS" starttime="20221031 19:15:58.568" endtime="20221031 19:15:58.568"/>
</kw>
<kw name="Should Be Equal" library="BuiltIn">
<arg>${status_code}</arg>
<arg>500</arg>
<doc>Fails if the given objects are unequal.</doc>
<status status="PASS" starttime="20221031 19:15:58.569" endtime="20221031 19:15:58.569"/>
</kw>
<kw name="POST On Session" library="RequestsLibrary" type="TEARDOWN">
<arg>session</arg>
<arg>/calculator/rakeDatabase</arg>
<doc>Sends a POST request on a previously created HTTP Session.</doc>
<msg timestamp="20221031 19:15:58.573" level="INFO">POST Request : url=http://localhost:8080/calculator/rakeDatabase 
 path_url=/calculator/rakeDatabase 
 headers={'User-Agent': 'python-requests/2.28.1', 'Accept-Encoding': 'gzip, deflate', 'Accept': '*/*', 'Connection': 'keep-alive', 'Content-Length': '0'} 
 body=None 
 </msg>
<msg timestamp="20221031 19:15:58.574" level="INFO">POST Response : url=http://localhost:8080/calculator/rakeDatabase 
 status=200, reason= 
 headers={'Content-Type': 'text/plain;charset=UTF-8', 'Content-Length': '21', 'Date': 'Mon, 31 Oct 2022 11:15:58 GMT'} 
 body=Successfully raked DB 
 </msg>
<status status="PASS" starttime="20221031 19:15:58.569" endtime="20221031 19:15:58.574"/>
</kw>
<tag>Functional</tag>
<status status="PASS" starttime="20221031 19:15:58.551" endtime="20221031 19:15:58.574"/>
</test>
<status status="PASS" starttime="20221031 19:15:58.548" endtime="20221031 19:15:58.575"/>
</suite>
<suite id="s1-s1-s4" name="TC 04 Insert Single Person INVALID AdditionalField" source="C:\Users\lewie\PycharmProjects\Oppenheimer\OppenheimerUS1\TC_04_Insert_Single_Person_INVALID_AdditionalField.robot">
<test id="s1-s1-s4-t1" name="TC_04:Insert_Single_Person_INVALID_AdditionalField" line="12">
<kw name="Create Session" library="RequestsLibrary">
<arg>session</arg>
<arg>${base_url}</arg>
<doc>Create Session: create a HTTP session to a server</doc>
<msg timestamp="20221031 19:15:58.581" level="INFO">Creating Session using : alias=session, url=http://localhost:8080, headers={},                     cookies={}, auth=None, timeout=None, proxies=None, verify=False,                     debug=0 </msg>
<status status="PASS" starttime="20221031 19:15:58.581" endtime="20221031 19:15:58.581"/>
</kw>
<kw name="Create Dictionary" library="BuiltIn">
<var>${body}</var>
<arg>birthday=17061995</arg>
<arg>gender=M</arg>
<arg>name=Lewies</arg>
<arg>natid=s9520789h</arg>
<arg>salary=4000</arg>
<arg>tax=300</arg>
<arg>extrafield=extra</arg>
<doc>Creates and returns a dictionary based on the given ``items``.</doc>
<msg timestamp="20221031 19:15:58.582" level="INFO">${body} = {'birthday': '17061995', 'gender': 'M', 'name': 'Lewies', 'natid': 's9520789h', 'salary': '4000', 'tax': '300', 'extrafield': 'extra'}</msg>
<status status="PASS" starttime="20221031 19:15:58.581" endtime="20221031 19:15:58.582"/>
</kw>
<kw name="Create Dictionary" library="BuiltIn">
<var>${header}</var>
<arg>Content-Type=application/json</arg>
<doc>Creates and returns a dictionary based on the given ``items``.</doc>
<msg timestamp="20221031 19:15:58.582" level="INFO">${header} = {'Content-Type': 'application/json'}</msg>
<status status="PASS" starttime="20221031 19:15:58.582" endtime="20221031 19:15:58.582"/>
</kw>
<kw name="POST On Session" library="RequestsLibrary">
<var>${response}</var>
<arg>session</arg>
<arg>/calculator/insert</arg>
<arg>json=${body}</arg>
<arg>headers=${header}</arg>
<arg>expected_status=500</arg>
<doc>Sends a POST request on a previously created HTTP Session.</doc>
<msg timestamp="20221031 19:15:58.587" level="INFO">POST Request : url=http://localhost:8080/calculator/insert 
 path_url=/calculator/insert 
 headers={'User-Agent': 'python-requests/2.28.1', 'Accept-Encoding': 'gzip, deflate', 'Accept': '*/*', 'Connection': 'keep-alive', 'Content-Type': 'application/json', 'Content-Length': '134'} 
 body=b'{"birthday": "17061995", "gender": "M", "name": "Lewies", "natid": "s9520789h", "salary": "4000", "tax": "300", "extrafield": "extra"}' 
 </msg>
<msg timestamp="20221031 19:15:58.587" level="INFO">POST Response : url=http://localhost:8080/calculator/insert 
 status=202, reason= 
 headers={'Content-Type': 'text/plain;charset=UTF-8', 'Content-Length': '7', 'Date': 'Mon, 31 Oct 2022 11:15:58 GMT'} 
 body=Alright 
 </msg>
<msg timestamp="20221031 19:15:58.587" level="FAIL">Url: http://localhost:8080/calculator/insert Expected status: 202 != 500</msg>
<status status="FAIL" starttime="20221031 19:15:58.582" endtime="20221031 19:15:58.613"/>
</kw>
<kw name="Convert To String" library="BuiltIn">
<var>${status_code}</var>
<arg>${response.status_code}</arg>
<doc>Converts the given item to a Unicode string.</doc>
<status status="NOT RUN" starttime="20221031 19:15:58.613" endtime="20221031 19:15:58.613"/>
</kw>
<kw name="Should Be Equal" library="BuiltIn">
<arg>${status_code}</arg>
<arg>500</arg>
<doc>Fails if the given objects are unequal.</doc>
<status status="NOT RUN" starttime="20221031 19:15:58.613" endtime="20221031 19:15:58.613"/>
</kw>
<kw name="POST On Session" library="RequestsLibrary" type="TEARDOWN">
<arg>session</arg>
<arg>/calculator/rakeDatabase</arg>
<doc>Sends a POST request on a previously created HTTP Session.</doc>
<msg timestamp="20221031 19:15:58.618" level="INFO">POST Request : url=http://localhost:8080/calculator/rakeDatabase 
 path_url=/calculator/rakeDatabase 
 headers={'User-Agent': 'python-requests/2.28.1', 'Accept-Encoding': 'gzip, deflate', 'Accept': '*/*', 'Connection': 'keep-alive', 'Content-Length': '0'} 
 body=None 
 </msg>
<msg timestamp="20221031 19:15:58.618" level="INFO">POST Response : url=http://localhost:8080/calculator/rakeDatabase 
 status=200, reason= 
 headers={'Content-Type': 'text/plain;charset=UTF-8', 'Content-Length': '21', 'Date': 'Mon, 31 Oct 2022 11:15:58 GMT'} 
 body=Successfully raked DB 
 </msg>
<status status="PASS" starttime="20221031 19:15:58.614" endtime="20221031 19:15:58.618"/>
</kw>
<tag>Functional</tag>
<status status="FAIL" starttime="20221031 19:15:58.580" endtime="20221031 19:15:58.618">Url: http://localhost:8080/calculator/insert Expected status: 202 != 500</status>
</test>
<status status="FAIL" starttime="20221031 19:15:58.576" endtime="20221031 19:15:58.618"/>
</suite>
<suite id="s1-s1-s5" name="TC 05 Insert Single Person INVALID MissingDataBirthday" source="C:\Users\lewie\PycharmProjects\Oppenheimer\OppenheimerUS1\TC_05_Insert_Single_Person_INVALID_MissingDataBirthday.robot">
<test id="s1-s1-s5-t1" name="TC_05:Insert_Single_Person_INVALID_MissingDataBirthday" line="12">
<kw name="Create Session" library="RequestsLibrary">
<arg>session</arg>
<arg>${base_url}</arg>
<doc>Create Session: create a HTTP session to a server</doc>
<msg timestamp="20221031 19:15:58.623" level="INFO">Creating Session using : alias=session, url=http://localhost:8080, headers={},                     cookies={}, auth=None, timeout=None, proxies=None, verify=False,                     debug=0 </msg>
<status status="PASS" starttime="20221031 19:15:58.623" endtime="20221031 19:15:58.623"/>
</kw>
<kw name="Create Dictionary" library="BuiltIn">
<var>${body}</var>
<arg>gender=M</arg>
<arg>name=Lewies</arg>
<arg>natid=s9520789h</arg>
<arg>salary=4000</arg>
<arg>tax=300</arg>
<doc>Creates and returns a dictionary based on the given ``items``.</doc>
<msg timestamp="20221031 19:15:58.623" level="INFO">${body} = {'gender': 'M', 'name': 'Lewies', 'natid': 's9520789h', 'salary': '4000', 'tax': '300'}</msg>
<status status="PASS" starttime="20221031 19:15:58.623" endtime="20221031 19:15:58.623"/>
</kw>
<kw name="Create Dictionary" library="BuiltIn">
<var>${header}</var>
<arg>Content-Type=application/json</arg>
<doc>Creates and returns a dictionary based on the given ``items``.</doc>
<msg timestamp="20221031 19:15:58.623" level="INFO">${header} = {'Content-Type': 'application/json'}</msg>
<status status="PASS" starttime="20221031 19:15:58.623" endtime="20221031 19:15:58.624"/>
</kw>
<kw name="POST On Session" library="RequestsLibrary">
<var>${response}</var>
<arg>session</arg>
<arg>/calculator/insert</arg>
<arg>json=${body}</arg>
<arg>headers=${header}</arg>
<arg>expected_status=500</arg>
<doc>Sends a POST request on a previously created HTTP Session.</doc>
<msg timestamp="20221031 19:15:58.631" level="INFO">POST Request : url=http://localhost:8080/calculator/insert 
 path_url=/calculator/insert 
 headers={'User-Agent': 'python-requests/2.28.1', 'Accept-Encoding': 'gzip, deflate', 'Accept': '*/*', 'Connection': 'keep-alive', 'Content-Type': 'application/json', 'Content-Length': '87'} 
 body=b'{"gender": "M", "name": "Lewies", "natid": "s9520789h", "salary": "4000", "tax": "300"}' 
 </msg>
<msg timestamp="20221031 19:15:58.631" level="INFO">POST Response : url=http://localhost:8080/calculator/insert 
 status=500, reason= 
 headers={'Content-Type': 'application/json;charset=UTF-8', 'Transfer-Encoding': 'chunked', 'Date': 'Mon, 31 Oct 2022 11:15:58 GMT', 'Connection': 'close'} 
 body={"timestamp":"2022-10-31T11:15:58.630+0000","status":500,"error":"Internal Server Error","message":"text","path":"/calculator/insert"} 
 </msg>
<msg timestamp="20221031 19:15:58.631" level="INFO">${response} = &lt;Response [500]&gt;</msg>
<status status="PASS" starttime="20221031 19:15:58.624" endtime="20221031 19:15:58.631"/>
</kw>
<kw name="Convert To String" library="BuiltIn">
<var>${status_code}</var>
<arg>${response.status_code}</arg>
<doc>Converts the given item to a Unicode string.</doc>
<msg timestamp="20221031 19:15:58.632" level="INFO">${status_code} = 500</msg>
<status status="PASS" starttime="20221031 19:15:58.631" endtime="20221031 19:15:58.632"/>
</kw>
<kw name="Should Be Equal" library="BuiltIn">
<arg>${status_code}</arg>
<arg>500</arg>
<doc>Fails if the given objects are unequal.</doc>
<status status="PASS" starttime="20221031 19:15:58.632" endtime="20221031 19:15:58.632"/>
</kw>
<kw name="POST On Session" library="RequestsLibrary" type="TEARDOWN">
<arg>session</arg>
<arg>/calculator/rakeDatabase</arg>
<doc>Sends a POST request on a previously created HTTP Session.</doc>
<msg timestamp="20221031 19:15:58.636" level="INFO">POST Request : url=http://localhost:8080/calculator/rakeDatabase 
 path_url=/calculator/rakeDatabase 
 headers={'User-Agent': 'python-requests/2.28.1', 'Accept-Encoding': 'gzip, deflate', 'Accept': '*/*', 'Connection': 'keep-alive', 'Content-Length': '0'} 
 body=None 
 </msg>
<msg timestamp="20221031 19:15:58.637" level="INFO">POST Response : url=http://localhost:8080/calculator/rakeDatabase 
 status=200, reason= 
 headers={'Content-Type': 'text/plain;charset=UTF-8', 'Content-Length': '21', 'Date': 'Mon, 31 Oct 2022 11:15:58 GMT'} 
 body=Successfully raked DB 
 </msg>
<status status="PASS" starttime="20221031 19:15:58.632" endtime="20221031 19:15:58.637"/>
</kw>
<tag>Functional</tag>
<status status="PASS" starttime="20221031 19:15:58.622" endtime="20221031 19:15:58.637"/>
</test>
<status status="PASS" starttime="20221031 19:15:58.619" endtime="20221031 19:15:58.637"/>
</suite>
<suite id="s1-s1-s6" name="TC 06 Insert Single Person INVALID MissingDataGender" source="C:\Users\lewie\PycharmProjects\Oppenheimer\OppenheimerUS1\TC_06_Insert_Single_Person_INVALID_MissingDataGender.robot">
<test id="s1-s1-s6-t1" name="TC_06:Insert_Single_Person_INVALID_MissingDataGender" line="12">
<kw name="Create Session" library="RequestsLibrary">
<arg>session</arg>
<arg>${base_url}</arg>
<doc>Create Session: create a HTTP session to a server</doc>
<msg timestamp="20221031 19:15:58.644" level="INFO">Creating Session using : alias=session, url=http://localhost:8080, headers={},                     cookies={}, auth=None, timeout=None, proxies=None, verify=False,                     debug=0 </msg>
<status status="PASS" starttime="20221031 19:15:58.643" endtime="20221031 19:15:58.644"/>
</kw>
<kw name="Create Dictionary" library="BuiltIn">
<var>${body}</var>
<arg>birthday=17061995</arg>
<arg>name=Lewies</arg>
<arg>natid=s9520789h</arg>
<arg>salary=4000</arg>
<arg>tax=300</arg>
<doc>Creates and returns a dictionary based on the given ``items``.</doc>
<msg timestamp="20221031 19:15:58.644" level="INFO">${body} = {'birthday': '17061995', 'name': 'Lewies', 'natid': 's9520789h', 'salary': '4000', 'tax': '300'}</msg>
<status status="PASS" starttime="20221031 19:15:58.644" endtime="20221031 19:15:58.644"/>
</kw>
<kw name="Create Dictionary" library="BuiltIn">
<var>${header}</var>
<arg>Content-Type=application/json</arg>
<doc>Creates and returns a dictionary based on the given ``items``.</doc>
<msg timestamp="20221031 19:15:58.645" level="INFO">${header} = {'Content-Type': 'application/json'}</msg>
<status status="PASS" starttime="20221031 19:15:58.644" endtime="20221031 19:15:58.645"/>
</kw>
<kw name="POST On Session" library="RequestsLibrary">
<var>${response}</var>
<arg>session</arg>
<arg>/calculator/insert</arg>
<arg>json=${body}</arg>
<arg>headers=${header}</arg>
<arg>expected_status=500</arg>
<doc>Sends a POST request on a previously created HTTP Session.</doc>
<msg timestamp="20221031 19:15:58.650" level="INFO">POST Request : url=http://localhost:8080/calculator/insert 
 path_url=/calculator/insert 
 headers={'User-Agent': 'python-requests/2.28.1', 'Accept-Encoding': 'gzip, deflate', 'Accept': '*/*', 'Connection': 'keep-alive', 'Content-Type': 'application/json', 'Content-Length': '96'} 
 body=b'{"birthday": "17061995", "name": "Lewies", "natid": "s9520789h", "salary": "4000", "tax": "300"}' 
 </msg>
<msg timestamp="20221031 19:15:58.650" level="INFO">POST Response : url=http://localhost:8080/calculator/insert 
 status=202, reason= 
 headers={'Content-Type': 'text/plain;charset=UTF-8', 'Content-Length': '7', 'Date': 'Mon, 31 Oct 2022 11:15:58 GMT'} 
 body=Alright 
 </msg>
<msg timestamp="20221031 19:15:58.650" level="FAIL">Url: http://localhost:8080/calculator/insert Expected status: 202 != 500</msg>
<status status="FAIL" starttime="20221031 19:15:58.645" endtime="20221031 19:15:58.650"/>
</kw>
<kw name="Convert To String" library="BuiltIn">
<var>${status_code}</var>
<arg>${response.status_code}</arg>
<doc>Converts the given item to a Unicode string.</doc>
<status status="NOT RUN" starttime="20221031 19:15:58.651" endtime="20221031 19:15:58.651"/>
</kw>
<kw name="Should Be Equal" library="BuiltIn">
<arg>${status_code}</arg>
<arg>500</arg>
<doc>Fails if the given objects are unequal.</doc>
<status status="NOT RUN" starttime="20221031 19:15:58.651" endtime="20221031 19:15:58.651"/>
</kw>
<kw name="POST On Session" library="RequestsLibrary" type="TEARDOWN">
<arg>session</arg>
<arg>/calculator/rakeDatabase</arg>
<doc>Sends a POST request on a previously created HTTP Session.</doc>
<msg timestamp="20221031 19:15:58.655" level="INFO">POST Request : url=http://localhost:8080/calculator/rakeDatabase 
 path_url=/calculator/rakeDatabase 
 headers={'User-Agent': 'python-requests/2.28.1', 'Accept-Encoding': 'gzip, deflate', 'Accept': '*/*', 'Connection': 'keep-alive', 'Content-Length': '0'} 
 body=None 
 </msg>
<msg timestamp="20221031 19:15:58.655" level="INFO">POST Response : url=http://localhost:8080/calculator/rakeDatabase 
 status=200, reason= 
 headers={'Content-Type': 'text/plain;charset=UTF-8', 'Content-Length': '21', 'Date': 'Mon, 31 Oct 2022 11:15:58 GMT'} 
 body=Successfully raked DB 
 </msg>
<status status="PASS" starttime="20221031 19:15:58.651" endtime="20221031 19:15:58.655"/>
</kw>
<tag>Functional</tag>
<status status="FAIL" starttime="20221031 19:15:58.643" endtime="20221031 19:15:58.655">Url: http://localhost:8080/calculator/insert Expected status: 202 != 500</status>
</test>
<status status="FAIL" starttime="20221031 19:15:58.638" endtime="20221031 19:15:58.656"/>
</suite>
<suite id="s1-s1-s7" name="TC 07 Insert Single Person INVALID MissingDataName" source="C:\Users\lewie\PycharmProjects\Oppenheimer\OppenheimerUS1\TC_07_Insert_Single_Person_INVALID_MissingDataName.robot">
<test id="s1-s1-s7-t1" name="TC_07:Insert_Single_Person_INVALID_MissingDataName" line="12">
<kw name="Create Session" library="RequestsLibrary">
<arg>session</arg>
<arg>${base_url}</arg>
<doc>Create Session: create a HTTP session to a server</doc>
<msg timestamp="20221031 19:15:58.660" level="INFO">Creating Session using : alias=session, url=http://localhost:8080, headers={},                     cookies={}, auth=None, timeout=None, proxies=None, verify=False,                     debug=0 </msg>
<status status="PASS" starttime="20221031 19:15:58.660" endtime="20221031 19:15:58.660"/>
</kw>
<kw name="Create Dictionary" library="BuiltIn">
<var>${body}</var>
<arg>birthday=17061995</arg>
<arg>gender=M</arg>
<arg>natid=s9520789h</arg>
<arg>salary=4000</arg>
<arg>tax=300</arg>
<doc>Creates and returns a dictionary based on the given ``items``.</doc>
<msg timestamp="20221031 19:15:58.660" level="INFO">${body} = {'birthday': '17061995', 'gender': 'M', 'natid': 's9520789h', 'salary': '4000', 'tax': '300'}</msg>
<status status="PASS" starttime="20221031 19:15:58.660" endtime="20221031 19:15:58.660"/>
</kw>
<kw name="Create Dictionary" library="BuiltIn">
<var>${header}</var>
<arg>Content-Type=application/json</arg>
<doc>Creates and returns a dictionary based on the given ``items``.</doc>
<msg timestamp="20221031 19:15:58.661" level="INFO">${header} = {'Content-Type': 'application/json'}</msg>
<status status="PASS" starttime="20221031 19:15:58.661" endtime="20221031 19:15:58.661"/>
</kw>
<kw name="POST On Session" library="RequestsLibrary">
<var>${response}</var>
<arg>session</arg>
<arg>/calculator/insert</arg>
<arg>json=${body}</arg>
<arg>headers=${header}</arg>
<arg>expected_status=500</arg>
<doc>Sends a POST request on a previously created HTTP Session.</doc>
<msg timestamp="20221031 19:15:58.672" level="INFO">POST Request : url=http://localhost:8080/calculator/insert 
 path_url=/calculator/insert 
 headers={'User-Agent': 'python-requests/2.28.1', 'Accept-Encoding': 'gzip, deflate', 'Accept': '*/*', 'Connection': 'keep-alive', 'Content-Type': 'application/json', 'Content-Length': '93'} 
 body=b'{"birthday": "17061995", "gender": "M", "natid": "s9520789h", "salary": "4000", "tax": "300"}' 
 </msg>
<msg timestamp="20221031 19:15:58.672" level="INFO">POST Response : url=http://localhost:8080/calculator/insert 
 status=500, reason= 
 headers={'Content-Type': 'application/json;charset=UTF-8', 'Transfer-Encoding': 'chunked', 'Date': 'Mon, 31 Oct 2022 11:15:58 GMT', 'Connection': 'close'} 
 body={"timestamp":"2022-10-31T11:15:58.670+0000","status":500,"error":"Internal Server Error","message":"could not execute statement; SQL [n/a]; constraint [null]; nested exception is org.hibernate.exception.ConstraintViolationException: could not execute statement","path":"/calculator/insert"} 
 </msg>
<msg timestamp="20221031 19:15:58.672" level="INFO">${response} = &lt;Response [500]&gt;</msg>
<status status="PASS" starttime="20221031 19:15:58.661" endtime="20221031 19:15:58.672"/>
</kw>
<kw name="Convert To String" library="BuiltIn">
<var>${status_code}</var>
<arg>${response.status_code}</arg>
<doc>Converts the given item to a Unicode string.</doc>
<msg timestamp="20221031 19:15:58.672" level="INFO">${status_code} = 500</msg>
<status status="PASS" starttime="20221031 19:15:58.672" endtime="20221031 19:15:58.673"/>
</kw>
<kw name="Should Be Equal" library="BuiltIn">
<arg>${status_code}</arg>
<arg>500</arg>
<doc>Fails if the given objects are unequal.</doc>
<status status="PASS" starttime="20221031 19:15:58.674" endtime="20221031 19:15:58.674"/>
</kw>
<kw name="POST On Session" library="RequestsLibrary" type="TEARDOWN">
<arg>session</arg>
<arg>/calculator/rakeDatabase</arg>
<doc>Sends a POST request on a previously created HTTP Session.</doc>
<msg timestamp="20221031 19:15:58.679" level="INFO">POST Request : url=http://localhost:8080/calculator/rakeDatabase 
 path_url=/calculator/rakeDatabase 
 headers={'User-Agent': 'python-requests/2.28.1', 'Accept-Encoding': 'gzip, deflate', 'Accept': '*/*', 'Connection': 'keep-alive', 'Content-Length': '0'} 
 body=None 
 </msg>
<msg timestamp="20221031 19:15:58.679" level="INFO">POST Response : url=http://localhost:8080/calculator/rakeDatabase 
 status=200, reason= 
 headers={'Content-Type': 'text/plain;charset=UTF-8', 'Content-Length': '21', 'Date': 'Mon, 31 Oct 2022 11:15:58 GMT'} 
 body=Successfully raked DB 
 </msg>
<status status="PASS" starttime="20221031 19:15:58.674" endtime="20221031 19:15:58.679"/>
</kw>
<tag>Functional</tag>
<status status="PASS" starttime="20221031 19:15:58.660" endtime="20221031 19:15:58.680"/>
</test>
<status status="PASS" starttime="20221031 19:15:58.657" endtime="20221031 19:15:58.680"/>
</suite>
<suite id="s1-s1-s8" name="TC 08 Insert Single Person INVALID MissingDataNatid" source="C:\Users\lewie\PycharmProjects\Oppenheimer\OppenheimerUS1\TC_08_Insert_Single_Person_INVALID_MissingDataNatid.robot">
<test id="s1-s1-s8-t1" name="TC_08:Insert_Single_Person_INVALID_MissingDataNatid" line="12">
<kw name="Create Session" library="RequestsLibrary">
<arg>session</arg>
<arg>${base_url}</arg>
<doc>Create Session: create a HTTP session to a server</doc>
<msg timestamp="20221031 19:15:58.685" level="INFO">Creating Session using : alias=session, url=http://localhost:8080, headers={},                     cookies={}, auth=None, timeout=None, proxies=None, verify=False,                     debug=0 </msg>
<status status="PASS" starttime="20221031 19:15:58.684" endtime="20221031 19:15:58.685"/>
</kw>
<kw name="Create Dictionary" library="BuiltIn">
<var>${body}</var>
<arg>birthday=17061995</arg>
<arg>gender=M</arg>
<arg>name=Lewies</arg>
<arg>salary=4000</arg>
<arg>tax=300</arg>
<doc>Creates and returns a dictionary based on the given ``items``.</doc>
<msg timestamp="20221031 19:15:58.685" level="INFO">${body} = {'birthday': '17061995', 'gender': 'M', 'name': 'Lewies', 'salary': '4000', 'tax': '300'}</msg>
<status status="PASS" starttime="20221031 19:15:58.685" endtime="20221031 19:15:58.685"/>
</kw>
<kw name="Create Dictionary" library="BuiltIn">
<var>${header}</var>
<arg>Content-Type=application/json</arg>
<doc>Creates and returns a dictionary based on the given ``items``.</doc>
<msg timestamp="20221031 19:15:58.685" level="INFO">${header} = {'Content-Type': 'application/json'}</msg>
<status status="PASS" starttime="20221031 19:15:58.685" endtime="20221031 19:15:58.685"/>
</kw>
<kw name="POST On Session" library="RequestsLibrary">
<var>${response}</var>
<arg>session</arg>
<arg>/calculator/insert</arg>
<arg>json=${body}</arg>
<arg>headers=${header}</arg>
<arg>expected_status=500</arg>
<doc>Sends a POST request on a previously created HTTP Session.</doc>
<msg timestamp="20221031 19:15:58.695" level="INFO">POST Request : url=http://localhost:8080/calculator/insert 
 path_url=/calculator/insert 
 headers={'User-Agent': 'python-requests/2.28.1', 'Accept-Encoding': 'gzip, deflate', 'Accept': '*/*', 'Connection': 'keep-alive', 'Content-Type': 'application/json', 'Content-Length': '89'} 
 body=b'{"birthday": "17061995", "gender": "M", "name": "Lewies", "salary": "4000", "tax": "300"}' 
 </msg>
<msg timestamp="20221031 19:15:58.695" level="INFO">POST Response : url=http://localhost:8080/calculator/insert 
 status=500, reason= 
 headers={'Content-Type': 'application/json;charset=UTF-8', 'Transfer-Encoding': 'chunked', 'Date': 'Mon, 31 Oct 2022 11:15:58 GMT', 'Connection': 'close'} 
 body={"timestamp":"2022-10-31T11:15:58.694+0000","status":500,"error":"Internal Server Error","message":"could not execute statement; SQL [n/a]; constraint [null]; nested exception is org.hibernate.exception.ConstraintViolationException: could not execute statement","path":"/calculator/insert"} 
 </msg>
<msg timestamp="20221031 19:15:58.696" level="INFO">${response} = &lt;Response [500]&gt;</msg>
<status status="PASS" starttime="20221031 19:15:58.686" endtime="20221031 19:15:58.696"/>
</kw>
<kw name="Convert To String" library="BuiltIn">
<var>${status_code}</var>
<arg>${response.status_code}</arg>
<doc>Converts the given item to a Unicode string.</doc>
<msg timestamp="20221031 19:15:58.696" level="INFO">${status_code} = 500</msg>
<status status="PASS" starttime="20221031 19:15:58.696" endtime="20221031 19:15:58.696"/>
</kw>
<kw name="Should Be Equal" library="BuiltIn">
<arg>${status_code}</arg>
<arg>500</arg>
<doc>Fails if the given objects are unequal.</doc>
<status status="PASS" starttime="20221031 19:15:58.696" endtime="20221031 19:15:58.697"/>
</kw>
<kw name="POST On Session" library="RequestsLibrary" type="TEARDOWN">
<arg>session</arg>
<arg>/calculator/rakeDatabase</arg>
<doc>Sends a POST request on a previously created HTTP Session.</doc>
<msg timestamp="20221031 19:15:58.700" level="INFO">POST Request : url=http://localhost:8080/calculator/rakeDatabase 
 path_url=/calculator/rakeDatabase 
 headers={'User-Agent': 'python-requests/2.28.1', 'Accept-Encoding': 'gzip, deflate', 'Accept': '*/*', 'Connection': 'keep-alive', 'Content-Length': '0'} 
 body=None 
 </msg>
<msg timestamp="20221031 19:15:58.700" level="INFO">POST Response : url=http://localhost:8080/calculator/rakeDatabase 
 status=200, reason= 
 headers={'Content-Type': 'text/plain;charset=UTF-8', 'Content-Length': '21', 'Date': 'Mon, 31 Oct 2022 11:15:58 GMT'} 
 body=Successfully raked DB 
 </msg>
<status status="PASS" starttime="20221031 19:15:58.697" endtime="20221031 19:15:58.700"/>
</kw>
<tag>Functional</tag>
<status status="PASS" starttime="20221031 19:15:58.684" endtime="20221031 19:15:58.700"/>
</test>
<status status="PASS" starttime="20221031 19:15:58.681" endtime="20221031 19:15:58.701"/>
</suite>
<suite id="s1-s1-s9" name="TC 09 Insert Single Person INVALID MissingDataSalary" source="C:\Users\lewie\PycharmProjects\Oppenheimer\OppenheimerUS1\TC_09_Insert_Single_Person_INVALID_MissingDataSalary.robot">
<test id="s1-s1-s9-t1" name="TC_09:Insert_Single_Person_INVALID_MissingDataSalary" line="12">
<kw name="Create Session" library="RequestsLibrary">
<arg>session</arg>
<arg>${base_url}</arg>
<doc>Create Session: create a HTTP session to a server</doc>
<msg timestamp="20221031 19:15:58.706" level="INFO">Creating Session using : alias=session, url=http://localhost:8080, headers={},                     cookies={}, auth=None, timeout=None, proxies=None, verify=False,                     debug=0 </msg>
<status status="PASS" starttime="20221031 19:15:58.706" endtime="20221031 19:15:58.706"/>
</kw>
<kw name="Create Dictionary" library="BuiltIn">
<var>${body}</var>
<arg>birthday=17061995</arg>
<arg>gender=M</arg>
<arg>name=Lewies</arg>
<arg>natid=s9520789h</arg>
<arg>tax=300</arg>
<doc>Creates and returns a dictionary based on the given ``items``.</doc>
<msg timestamp="20221031 19:15:58.706" level="INFO">${body} = {'birthday': '17061995', 'gender': 'M', 'name': 'Lewies', 'natid': 's9520789h', 'tax': '300'}</msg>
<status status="PASS" starttime="20221031 19:15:58.706" endtime="20221031 19:15:58.706"/>
</kw>
<kw name="Create Dictionary" library="BuiltIn">
<var>${header}</var>
<arg>Content-Type=application/json</arg>
<doc>Creates and returns a dictionary based on the given ``items``.</doc>
<msg timestamp="20221031 19:15:58.707" level="INFO">${header} = {'Content-Type': 'application/json'}</msg>
<status status="PASS" starttime="20221031 19:15:58.707" endtime="20221031 19:15:58.707"/>
</kw>
<kw name="POST On Session" library="RequestsLibrary">
<var>${response}</var>
<arg>session</arg>
<arg>/calculator/insert</arg>
<arg>json=${body}</arg>
<arg>headers=${header}</arg>
<arg>expected_status=500</arg>
<doc>Sends a POST request on a previously created HTTP Session.</doc>
<msg timestamp="20221031 19:15:58.716" level="INFO">POST Request : url=http://localhost:8080/calculator/insert 
 path_url=/calculator/insert 
 headers={'User-Agent': 'python-requests/2.28.1', 'Accept-Encoding': 'gzip, deflate', 'Accept': '*/*', 'Connection': 'keep-alive', 'Content-Type': 'application/json', 'Content-Length': '93'} 
 body=b'{"birthday": "17061995", "gender": "M", "name": "Lewies", "natid": "s9520789h", "tax": "300"}' 
 </msg>
<msg timestamp="20221031 19:15:58.716" level="INFO">POST Response : url=http://localhost:8080/calculator/insert 
 status=500, reason= 
 headers={'Content-Type': 'application/json;charset=UTF-8', 'Transfer-Encoding': 'chunked', 'Date': 'Mon, 31 Oct 2022 11:15:58 GMT', 'Connection': 'close'} 
 body={"timestamp":"2022-10-31T11:15:58.715+0000","status":500,"error":"Internal Server Error","message":"No message available","path":"/calculator/insert"} 
 </msg>
<msg timestamp="20221031 19:15:58.716" level="INFO">${response} = &lt;Response [500]&gt;</msg>
<status status="PASS" starttime="20221031 19:15:58.707" endtime="20221031 19:15:58.716"/>
</kw>
<kw name="Convert To String" library="BuiltIn">
<var>${status_code}</var>
<arg>${response.status_code}</arg>
<doc>Converts the given item to a Unicode string.</doc>
<msg timestamp="20221031 19:15:58.716" level="INFO">${status_code} = 500</msg>
<status status="PASS" starttime="20221031 19:15:58.716" endtime="20221031 19:15:58.716"/>
</kw>
<kw name="Should Be Equal" library="BuiltIn">
<arg>${status_code}</arg>
<arg>500</arg>
<doc>Fails if the given objects are unequal.</doc>
<status status="PASS" starttime="20221031 19:15:58.717" endtime="20221031 19:15:58.717"/>
</kw>
<kw name="POST On Session" library="RequestsLibrary" type="TEARDOWN">
<arg>session</arg>
<arg>/calculator/rakeDatabase</arg>
<doc>Sends a POST request on a previously created HTTP Session.</doc>
<msg timestamp="20221031 19:15:58.722" level="INFO">POST Request : url=http://localhost:8080/calculator/rakeDatabase 
 path_url=/calculator/rakeDatabase 
 headers={'User-Agent': 'python-requests/2.28.1', 'Accept-Encoding': 'gzip, deflate', 'Accept': '*/*', 'Connection': 'keep-alive', 'Content-Length': '0'} 
 body=None 
 </msg>
<msg timestamp="20221031 19:15:58.722" level="INFO">POST Response : url=http://localhost:8080/calculator/rakeDatabase 
 status=200, reason= 
 headers={'Content-Type': 'text/plain;charset=UTF-8', 'Content-Length': '21', 'Date': 'Mon, 31 Oct 2022 11:15:58 GMT'} 
 body=Successfully raked DB 
 </msg>
<status status="PASS" starttime="20221031 19:15:58.717" endtime="20221031 19:15:58.722"/>
</kw>
<tag>Functional</tag>
<status status="PASS" starttime="20221031 19:15:58.705" endtime="20221031 19:15:58.722"/>
</test>
<status status="PASS" starttime="20221031 19:15:58.702" endtime="20221031 19:15:58.722"/>
</suite>
<suite id="s1-s1-s10" name="TC 10 Insert Single Person INVALID MissingDataTax" source="C:\Users\lewie\PycharmProjects\Oppenheimer\OppenheimerUS1\TC_10_Insert_Single_Person_INVALID_MissingDataTax.robot">
<test id="s1-s1-s10-t1" name="TC_10:Insert_Single_Person_INVALID_MissingDataTax" line="12">
<kw name="Create Session" library="RequestsLibrary">
<arg>session</arg>
<arg>${base_url}</arg>
<doc>Create Session: create a HTTP session to a server</doc>
<msg timestamp="20221031 19:15:58.727" level="INFO">Creating Session using : alias=session, url=http://localhost:8080, headers={},                     cookies={}, auth=None, timeout=None, proxies=None, verify=False,                     debug=0 </msg>
<status status="PASS" starttime="20221031 19:15:58.726" endtime="20221031 19:15:58.727"/>
</kw>
<kw name="Create Dictionary" library="BuiltIn">
<var>${body}</var>
<arg>birthday=17061995</arg>
<arg>gender=M</arg>
<arg>name=Lewies</arg>
<arg>natid=s9520789h</arg>
<arg>salary=4000</arg>
<doc>Creates and returns a dictionary based on the given ``items``.</doc>
<msg timestamp="20221031 19:15:58.727" level="INFO">${body} = {'birthday': '17061995', 'gender': 'M', 'name': 'Lewies', 'natid': 's9520789h', 'salary': '4000'}</msg>
<status status="PASS" starttime="20221031 19:15:58.727" endtime="20221031 19:15:58.727"/>
</kw>
<kw name="Create Dictionary" library="BuiltIn">
<var>${header}</var>
<arg>Content-Type=application/json</arg>
<doc>Creates and returns a dictionary based on the given ``items``.</doc>
<msg timestamp="20221031 19:15:58.727" level="INFO">${header} = {'Content-Type': 'application/json'}</msg>
<status status="PASS" starttime="20221031 19:15:58.727" endtime="20221031 19:15:58.727"/>
</kw>
<kw name="POST On Session" library="RequestsLibrary">
<var>${response}</var>
<arg>session</arg>
<arg>/calculator/insert</arg>
<arg>json=${body}</arg>
<arg>headers=${header}</arg>
<arg>expected_status=500</arg>
<doc>Sends a POST request on a previously created HTTP Session.</doc>
<msg timestamp="20221031 19:15:58.733" level="INFO">POST Request : url=http://localhost:8080/calculator/insert 
 path_url=/calculator/insert 
 headers={'User-Agent': 'python-requests/2.28.1', 'Accept-Encoding': 'gzip, deflate', 'Accept': '*/*', 'Connection': 'keep-alive', 'Content-Type': 'application/json', 'Content-Length': '97'} 
 body=b'{"birthday": "17061995", "gender": "M", "name": "Lewies", "natid": "s9520789h", "salary": "4000"}' 
 </msg>
<msg timestamp="20221031 19:15:58.733" level="INFO">POST Response : url=http://localhost:8080/calculator/insert 
 status=500, reason= 
 headers={'Content-Type': 'application/json;charset=UTF-8', 'Transfer-Encoding': 'chunked', 'Date': 'Mon, 31 Oct 2022 11:15:58 GMT', 'Connection': 'close'} 
 body={"timestamp":"2022-10-31T11:15:58.733+0000","status":500,"error":"Internal Server Error","message":"No message available","path":"/calculator/insert"} 
 </msg>
<msg timestamp="20221031 19:15:58.733" level="INFO">${response} = &lt;Response [500]&gt;</msg>
<status status="PASS" starttime="20221031 19:15:58.727" endtime="20221031 19:15:58.733"/>
</kw>
<kw name="Convert To String" library="BuiltIn">
<var>${status_code}</var>
<arg>${response.status_code}</arg>
<doc>Converts the given item to a Unicode string.</doc>
<msg timestamp="20221031 19:15:58.734" level="INFO">${status_code} = 500</msg>
<status status="PASS" starttime="20221031 19:15:58.734" endtime="20221031 19:15:58.734"/>
</kw>
<kw name="Should Be Equal" library="BuiltIn">
<arg>${status_code}</arg>
<arg>500</arg>
<doc>Fails if the given objects are unequal.</doc>
<status status="PASS" starttime="20221031 19:15:58.735" endtime="20221031 19:15:58.735"/>
</kw>
<kw name="POST On Session" library="RequestsLibrary" type="TEARDOWN">
<arg>session</arg>
<arg>/calculator/rakeDatabase</arg>
<doc>Sends a POST request on a previously created HTTP Session.</doc>
<msg timestamp="20221031 19:15:58.739" level="INFO">POST Request : url=http://localhost:8080/calculator/rakeDatabase 
 path_url=/calculator/rakeDatabase 
 headers={'User-Agent': 'python-requests/2.28.1', 'Accept-Encoding': 'gzip, deflate', 'Accept': '*/*', 'Connection': 'keep-alive', 'Content-Length': '0'} 
 body=None 
 </msg>
<msg timestamp="20221031 19:15:58.739" level="INFO">POST Response : url=http://localhost:8080/calculator/rakeDatabase 
 status=200, reason= 
 headers={'Content-Type': 'text/plain;charset=UTF-8', 'Content-Length': '21', 'Date': 'Mon, 31 Oct 2022 11:15:58 GMT'} 
 body=Successfully raked DB 
 </msg>
<status status="PASS" starttime="20221031 19:15:58.735" endtime="20221031 19:15:58.739"/>
</kw>
<tag>Functional</tag>
<status status="PASS" starttime="20221031 19:15:58.726" endtime="20221031 19:15:58.739"/>
</test>
<status status="PASS" starttime="20221031 19:15:58.723" endtime="20221031 19:15:58.739"/>
</suite>
<suite id="s1-s1-s11" name="TC 11 Insert Single Person INVALID InvalidHeaderType" source="C:\Users\lewie\PycharmProjects\Oppenheimer\OppenheimerUS1\TC_11_Insert_Single_Person_INVALID_InvalidHeaderType.robot">
<test id="s1-s1-s11-t1" name="TC_11:Insert_Single_Person_INVALID_InvalidHeaderType" line="12">
<kw name="Create Session" library="RequestsLibrary">
<arg>session</arg>
<arg>${base_url}</arg>
<doc>Create Session: create a HTTP session to a server</doc>
<msg timestamp="20221031 19:15:58.746" level="INFO">Creating Session using : alias=session, url=http://localhost:8080, headers={},                     cookies={}, auth=None, timeout=None, proxies=None, verify=False,                     debug=0 </msg>
<status status="PASS" starttime="20221031 19:15:58.745" endtime="20221031 19:15:58.746"/>
</kw>
<kw name="Create Dictionary" library="BuiltIn">
<var>${body}</var>
<arg>birthday=17061995</arg>
<arg>gender=M</arg>
<arg>name=Lewies</arg>
<arg>natid=s9520789h</arg>
<arg>salary=4000</arg>
<arg>tax=300</arg>
<doc>Creates and returns a dictionary based on the given ``items``.</doc>
<msg timestamp="20221031 19:15:58.746" level="INFO">${body} = {'birthday': '17061995', 'gender': 'M', 'name': 'Lewies', 'natid': 's9520789h', 'salary': '4000', 'tax': '300'}</msg>
<status status="PASS" starttime="20221031 19:15:58.746" endtime="20221031 19:15:58.746"/>
</kw>
<kw name="Create Dictionary" library="BuiltIn">
<var>${header}</var>
<arg>Content-Type=application/xml</arg>
<doc>Creates and returns a dictionary based on the given ``items``.</doc>
<msg timestamp="20221031 19:15:58.746" level="INFO">${header} = {'Content-Type': 'application/xml'}</msg>
<status status="PASS" starttime="20221031 19:15:58.746" endtime="20221031 19:15:58.746"/>
</kw>
<kw name="POST On Session" library="RequestsLibrary">
<var>${response}</var>
<arg>session</arg>
<arg>/calculator/insert</arg>
<arg>json=${body}</arg>
<arg>headers=${header}</arg>
<arg>expected_status=415</arg>
<doc>Sends a POST request on a previously created HTTP Session.</doc>
<msg timestamp="20221031 19:15:58.752" level="INFO">POST Request : url=http://localhost:8080/calculator/insert 
 path_url=/calculator/insert 
 headers={'User-Agent': 'python-requests/2.28.1', 'Accept-Encoding': 'gzip, deflate', 'Accept': '*/*', 'Connection': 'keep-alive', 'Content-Type': 'application/xml', 'Content-Length': '111'} 
 body=b'{"birthday": "17061995", "gender": "M", "name": "Lewies", "natid": "s9520789h", "salary": "4000", "tax": "300"}' 
 </msg>
<msg timestamp="20221031 19:15:58.752" level="INFO">POST Response : url=http://localhost:8080/calculator/insert 
 status=415, reason= 
 headers={'Content-Type': 'application/json;charset=UTF-8', 'Transfer-Encoding': 'chunked', 'Date': 'Mon, 31 Oct 2022 11:15:58 GMT'} 
 body={"timestamp":"2022-10-31T11:15:58.751+0000","status":415,"error":"Unsupported Media Type","message":"Content type 'application/xml;charset=UTF-8' not supported","path":"/calculator/insert"} 
 </msg>
<msg timestamp="20221031 19:15:58.752" level="INFO">${response} = &lt;Response [415]&gt;</msg>
<status status="PASS" starttime="20221031 19:15:58.747" endtime="20221031 19:15:58.752"/>
</kw>
<kw name="Convert To String" library="BuiltIn">
<var>${status_code}</var>
<arg>${response.status_code}</arg>
<doc>Converts the given item to a Unicode string.</doc>
<msg timestamp="20221031 19:15:58.753" level="INFO">${status_code} = 415</msg>
<status status="PASS" starttime="20221031 19:15:58.752" endtime="20221031 19:15:58.753"/>
</kw>
<kw name="Should Be Equal" library="BuiltIn">
<arg>${status_code}</arg>
<arg>415</arg>
<doc>Fails if the given objects are unequal.</doc>
<status status="PASS" starttime="20221031 19:15:58.753" endtime="20221031 19:15:58.753"/>
</kw>
<kw name="POST On Session" library="RequestsLibrary" type="TEARDOWN">
<arg>session</arg>
<arg>/calculator/rakeDatabase</arg>
<doc>Sends a POST request on a previously created HTTP Session.</doc>
<msg timestamp="20221031 19:15:58.757" level="INFO">POST Request : url=http://localhost:8080/calculator/rakeDatabase 
 path_url=/calculator/rakeDatabase 
 headers={'User-Agent': 'python-requests/2.28.1', 'Accept-Encoding': 'gzip, deflate', 'Accept': '*/*', 'Connection': 'keep-alive', 'Content-Length': '0'} 
 body=None 
 </msg>
<msg timestamp="20221031 19:15:58.757" level="INFO">POST Response : url=http://localhost:8080/calculator/rakeDatabase 
 status=200, reason= 
 headers={'Content-Type': 'text/plain;charset=UTF-8', 'Content-Length': '21', 'Date': 'Mon, 31 Oct 2022 11:15:58 GMT'} 
 body=Successfully raked DB 
 </msg>
<status status="PASS" starttime="20221031 19:15:58.753" endtime="20221031 19:15:58.757"/>
</kw>
<tag>Functional</tag>
<status status="PASS" starttime="20221031 19:15:58.745" endtime="20221031 19:15:58.757"/>
</test>
<status status="PASS" starttime="20221031 19:15:58.741" endtime="20221031 19:15:58.757"/>
</suite>
<suite id="s1-s1-s12" name="TC 12 Insert Single Person INVALID LogicalErrorTaxHigherThanSalary" source="C:\Users\lewie\PycharmProjects\Oppenheimer\OppenheimerUS1\TC_12_Insert_Single_Person_INVALID_LogicalErrorTaxHigherThanSalary.robot">
<test id="s1-s1-s12-t1" name="TC_12:Insert_Single_Person_INVALID_LogicalErrorTaxHigherThanSalary" line="12">
<kw name="Create Session" library="RequestsLibrary">
<arg>session</arg>
<arg>${base_url}</arg>
<doc>Create Session: create a HTTP session to a server</doc>
<msg timestamp="20221031 19:15:58.762" level="INFO">Creating Session using : alias=session, url=http://localhost:8080, headers={},                     cookies={}, auth=None, timeout=None, proxies=None, verify=False,                     debug=0 </msg>
<status status="PASS" starttime="20221031 19:15:58.762" endtime="20221031 19:15:58.762"/>
</kw>
<kw name="Create Dictionary" library="BuiltIn">
<var>${body}</var>
<arg>birthday=17061995</arg>
<arg>gender=M</arg>
<arg>name=Lewies</arg>
<arg>natid=s9520789h</arg>
<arg>salary=4000</arg>
<arg>tax=40000</arg>
<doc>Creates and returns a dictionary based on the given ``items``.</doc>
<msg timestamp="20221031 19:15:58.762" level="INFO">${body} = {'birthday': '17061995', 'gender': 'M', 'name': 'Lewies', 'natid': 's9520789h', 'salary': '4000', 'tax': '40000'}</msg>
<status status="PASS" starttime="20221031 19:15:58.762" endtime="20221031 19:15:58.762"/>
</kw>
<kw name="Create Dictionary" library="BuiltIn">
<var>${header}</var>
<arg>Content-Type=application/json</arg>
<doc>Creates and returns a dictionary based on the given ``items``.</doc>
<msg timestamp="20221031 19:15:58.763" level="INFO">${header} = {'Content-Type': 'application/json'}</msg>
<status status="PASS" starttime="20221031 19:15:58.763" endtime="20221031 19:15:58.763"/>
</kw>
<kw name="POST On Session" library="RequestsLibrary">
<var>${response}</var>
<arg>session</arg>
<arg>/calculator/insert</arg>
<arg>json=${body}</arg>
<arg>headers=${header}</arg>
<arg>expected_status=500</arg>
<doc>Sends a POST request on a previously created HTTP Session.</doc>
<msg timestamp="20221031 19:15:58.768" level="INFO">POST Request : url=http://localhost:8080/calculator/insert 
 path_url=/calculator/insert 
 headers={'User-Agent': 'python-requests/2.28.1', 'Accept-Encoding': 'gzip, deflate', 'Accept': '*/*', 'Connection': 'keep-alive', 'Content-Type': 'application/json', 'Content-Length': '113'} 
 body=b'{"birthday": "17061995", "gender": "M", "name": "Lewies", "natid": "s9520789h", "salary": "4000", "tax": "40000"}' 
 </msg>
<msg timestamp="20221031 19:15:58.768" level="INFO">POST Response : url=http://localhost:8080/calculator/insert 
 status=202, reason= 
 headers={'Content-Type': 'text/plain;charset=UTF-8', 'Content-Length': '7', 'Date': 'Mon, 31 Oct 2022 11:15:58 GMT'} 
 body=Alright 
 </msg>
<msg timestamp="20221031 19:15:58.768" level="FAIL">Url: http://localhost:8080/calculator/insert Expected status: 202 != 500</msg>
<status status="FAIL" starttime="20221031 19:15:58.763" endtime="20221031 19:15:58.769"/>
</kw>
<kw name="Convert To String" library="BuiltIn">
<var>${status_code}</var>
<arg>${response.status_code}</arg>
<doc>Converts the given item to a Unicode string.</doc>
<status status="NOT RUN" starttime="20221031 19:15:58.769" endtime="20221031 19:15:58.769"/>
</kw>
<kw name="Should Be Equal" library="BuiltIn">
<arg>${status_code}</arg>
<arg>500</arg>
<doc>Fails if the given objects are unequal.</doc>
<status status="NOT RUN" starttime="20221031 19:15:58.769" endtime="20221031 19:15:58.769"/>
</kw>
<kw name="POST On Session" library="RequestsLibrary" type="TEARDOWN">
<arg>session</arg>
<arg>/calculator/rakeDatabase</arg>
<doc>Sends a POST request on a previously created HTTP Session.</doc>
<msg timestamp="20221031 19:15:58.774" level="INFO">POST Request : url=http://localhost:8080/calculator/rakeDatabase 
 path_url=/calculator/rakeDatabase 
 headers={'User-Agent': 'python-requests/2.28.1', 'Accept-Encoding': 'gzip, deflate', 'Accept': '*/*', 'Connection': 'keep-alive', 'Content-Length': '0'} 
 body=None 
 </msg>
<msg timestamp="20221031 19:15:58.774" level="INFO">POST Response : url=http://localhost:8080/calculator/rakeDatabase 
 status=200, reason= 
 headers={'Content-Type': 'text/plain;charset=UTF-8', 'Content-Length': '21', 'Date': 'Mon, 31 Oct 2022 11:15:58 GMT'} 
 body=Successfully raked DB 
 </msg>
<status status="PASS" starttime="20221031 19:15:58.769" endtime="20221031 19:15:58.774"/>
</kw>
<doc>The REST request should be able to identify an anomalous data in that the tax a person paid should not be higher than salary earned</doc>
<tag>Functional</tag>
<tag>Logical</tag>
<status status="FAIL" starttime="20221031 19:15:58.761" endtime="20221031 19:15:58.774">Url: http://localhost:8080/calculator/insert Expected status: 202 != 500</status>
</test>
<status status="FAIL" starttime="20221031 19:15:58.758" endtime="20221031 19:15:58.776"/>
</suite>
<suite id="s1-s1-s13" name="TC 13 Insert Single Person INVALID InvalidDataFormatDate" source="C:\Users\lewie\PycharmProjects\Oppenheimer\OppenheimerUS1\TC_13_Insert_Single_Person_INVALID_InvalidDataFormatDate.robot">
<test id="s1-s1-s13-t1" name="TC_13:Insert_Single_Person_INVALID_InvalidDataFormatDate" line="12">
<kw name="Create Session" library="RequestsLibrary">
<arg>session</arg>
<arg>${base_url}</arg>
<doc>Create Session: create a HTTP session to a server</doc>
<msg timestamp="20221031 19:15:58.782" level="INFO">Creating Session using : alias=session, url=http://localhost:8080, headers={},                     cookies={}, auth=None, timeout=None, proxies=None, verify=False,                     debug=0 </msg>
<status status="PASS" starttime="20221031 19:15:58.782" endtime="20221031 19:15:58.782"/>
</kw>
<kw name="Create Dictionary" library="BuiltIn">
<var>${body}</var>
<arg>birthday=19950617</arg>
<arg>gender=M</arg>
<arg>name=Lewies</arg>
<arg>natid=s9520789h</arg>
<arg>salary=4000</arg>
<arg>tax=300</arg>
<doc>Creates and returns a dictionary based on the given ``items``.</doc>
<msg timestamp="20221031 19:15:58.782" level="INFO">${body} = {'birthday': '19950617', 'gender': 'M', 'name': 'Lewies', 'natid': 's9520789h', 'salary': '4000', 'tax': '300'}</msg>
<status status="PASS" starttime="20221031 19:15:58.782" endtime="20221031 19:15:58.782"/>
</kw>
<kw name="Create Dictionary" library="BuiltIn">
<var>${header}</var>
<arg>Content-Type=application/json</arg>
<doc>Creates and returns a dictionary based on the given ``items``.</doc>
<msg timestamp="20221031 19:15:58.783" level="INFO">${header} = {'Content-Type': 'application/json'}</msg>
<status status="PASS" starttime="20221031 19:15:58.783" endtime="20221031 19:15:58.783"/>
</kw>
<kw name="POST On Session" library="RequestsLibrary">
<var>${response}</var>
<arg>session</arg>
<arg>/calculator/insert</arg>
<arg>json=${body}</arg>
<arg>headers=${header}</arg>
<arg>expected_status=500</arg>
<doc>Sends a POST request on a previously created HTTP Session.</doc>
<msg timestamp="20221031 19:15:58.790" level="INFO">POST Request : url=http://localhost:8080/calculator/insert 
 path_url=/calculator/insert 
 headers={'User-Agent': 'python-requests/2.28.1', 'Accept-Encoding': 'gzip, deflate', 'Accept': '*/*', 'Connection': 'keep-alive', 'Content-Type': 'application/json', 'Content-Length': '111'} 
 body=b'{"birthday": "19950617", "gender": "M", "name": "Lewies", "natid": "s9520789h", "salary": "4000", "tax": "300"}' 
 </msg>
<msg timestamp="20221031 19:15:58.790" level="INFO">POST Response : url=http://localhost:8080/calculator/insert 
 status=500, reason= 
 headers={'Content-Type': 'application/json;charset=UTF-8', 'Transfer-Encoding': 'chunked', 'Date': 'Mon, 31 Oct 2022 11:15:58 GMT', 'Connection': 'close'} 
 body={"timestamp":"2022-10-31T11:15:58.789+0000","status":500,"error":"Internal Server Error","message":"Text '19950617' could not be parsed: Invalid value for MonthOfYear (valid values 1 - 12): 95","path":"/calculator/insert"} 
 </msg>
<msg timestamp="20221031 19:15:58.790" level="INFO">${response} = &lt;Response [500]&gt;</msg>
<status status="PASS" starttime="20221031 19:15:58.783" endtime="20221031 19:15:58.790"/>
</kw>
<kw name="Convert To String" library="BuiltIn">
<var>${status_code}</var>
<arg>${response.status_code}</arg>
<doc>Converts the given item to a Unicode string.</doc>
<msg timestamp="20221031 19:15:58.790" level="INFO">${status_code} = 500</msg>
<status status="PASS" starttime="20221031 19:15:58.790" endtime="20221031 19:15:58.791"/>
</kw>
<kw name="Should Be Equal" library="BuiltIn">
<arg>${status_code}</arg>
<arg>500</arg>
<doc>Fails if the given objects are unequal.</doc>
<status status="PASS" starttime="20221031 19:15:58.791" endtime="20221031 19:15:58.791"/>
</kw>
<kw name="POST On Session" library="RequestsLibrary" type="TEARDOWN">
<arg>session</arg>
<arg>/calculator/rakeDatabase</arg>
<doc>Sends a POST request on a previously created HTTP Session.</doc>
<msg timestamp="20221031 19:15:58.794" level="INFO">POST Request : url=http://localhost:8080/calculator/rakeDatabase 
 path_url=/calculator/rakeDatabase 
 headers={'User-Agent': 'python-requests/2.28.1', 'Accept-Encoding': 'gzip, deflate', 'Accept': '*/*', 'Connection': 'keep-alive', 'Content-Length': '0'} 
 body=None 
 </msg>
<msg timestamp="20221031 19:15:58.794" level="INFO">POST Response : url=http://localhost:8080/calculator/rakeDatabase 
 status=200, reason= 
 headers={'Content-Type': 'text/plain;charset=UTF-8', 'Content-Length': '21', 'Date': 'Mon, 31 Oct 2022 11:15:58 GMT'} 
 body=Successfully raked DB 
 </msg>
<status status="PASS" starttime="20221031 19:15:58.791" endtime="20221031 19:15:58.794"/>
</kw>
<tag>Functional</tag>
<status status="PASS" starttime="20221031 19:15:58.781" endtime="20221031 19:15:58.794"/>
</test>
<status status="PASS" starttime="20221031 19:15:58.777" endtime="20221031 19:15:58.795"/>
</suite>
<suite id="s1-s1-s14" name="TC 14 Insert Single Person INVALID LogicalErrorNatidAlreadyExists" source="C:\Users\lewie\PycharmProjects\Oppenheimer\OppenheimerUS1\TC_14_Insert_Single_Person_INVALID_LogicalErrorNatidAlreadyExists.robot">
<test id="s1-s1-s14-t1" name="TC_14:Insert_Single_Person_INVALID_LogicalErrorNatidAlreadyExists" line="12">
<kw name="Create Session" library="RequestsLibrary">
<arg>session</arg>
<arg>${base_url}</arg>
<doc>Create Session: create a HTTP session to a server</doc>
<msg timestamp="20221031 19:15:58.799" level="INFO">Creating Session using : alias=session, url=http://localhost:8080, headers={},                     cookies={}, auth=None, timeout=None, proxies=None, verify=False,                     debug=0 </msg>
<status status="PASS" starttime="20221031 19:15:58.799" endtime="20221031 19:15:58.799"/>
</kw>
<kw name="Create Dictionary" library="BuiltIn">
<var>${body}</var>
<arg>birthday=17061995</arg>
<arg>gender=M</arg>
<arg>name=Lewies</arg>
<arg>natid=s9520789h</arg>
<arg>salary=4000</arg>
<arg>tax=300</arg>
<doc>Creates and returns a dictionary based on the given ``items``.</doc>
<msg timestamp="20221031 19:15:58.800" level="INFO">${body} = {'birthday': '17061995', 'gender': 'M', 'name': 'Lewies', 'natid': 's9520789h', 'salary': '4000', 'tax': '300'}</msg>
<status status="PASS" starttime="20221031 19:15:58.800" endtime="20221031 19:15:58.800"/>
</kw>
<kw name="Create Dictionary" library="BuiltIn">
<var>${header}</var>
<arg>Content-Type=application/json</arg>
<doc>Creates and returns a dictionary based on the given ``items``.</doc>
<msg timestamp="20221031 19:15:58.801" level="INFO">${header} = {'Content-Type': 'application/json'}</msg>
<status status="PASS" starttime="20221031 19:15:58.800" endtime="20221031 19:15:58.801"/>
</kw>
<kw name="POST On Session" library="RequestsLibrary">
<var>${response}</var>
<arg>session</arg>
<arg>/calculator/insert</arg>
<arg>json=${body}</arg>
<arg>headers=${header}</arg>
<doc>Sends a POST request on a previously created HTTP Session.</doc>
<msg timestamp="20221031 19:15:58.805" level="INFO">POST Request : url=http://localhost:8080/calculator/insert 
 path_url=/calculator/insert 
 headers={'User-Agent': 'python-requests/2.28.1', 'Accept-Encoding': 'gzip, deflate', 'Accept': '*/*', 'Connection': 'keep-alive', 'Content-Type': 'application/json', 'Content-Length': '111'} 
 body=b'{"birthday": "17061995", "gender": "M", "name": "Lewies", "natid": "s9520789h", "salary": "4000", "tax": "300"}' 
 </msg>
<msg timestamp="20221031 19:15:58.805" level="INFO">POST Response : url=http://localhost:8080/calculator/insert 
 status=202, reason= 
 headers={'Content-Type': 'text/plain;charset=UTF-8', 'Content-Length': '7', 'Date': 'Mon, 31 Oct 2022 11:15:58 GMT'} 
 body=Alright 
 </msg>
<msg timestamp="20221031 19:15:58.806" level="INFO">${response} = &lt;Response [202]&gt;</msg>
<status status="PASS" starttime="20221031 19:15:58.801" endtime="20221031 19:15:58.806"/>
</kw>
<kw name="POST On Session" library="RequestsLibrary">
<var>${response2}</var>
<arg>session</arg>
<arg>/calculator/insert</arg>
<arg>json=${body}</arg>
<arg>headers=${header}</arg>
<doc>Sends a POST request on a previously created HTTP Session.</doc>
<msg timestamp="20221031 19:15:58.812" level="INFO">POST Request : url=http://localhost:8080/calculator/insert 
 path_url=/calculator/insert 
 headers={'User-Agent': 'python-requests/2.28.1', 'Accept-Encoding': 'gzip, deflate', 'Accept': '*/*', 'Connection': 'keep-alive', 'Content-Type': 'application/json', 'Content-Length': '111'} 
 body=b'{"birthday": "17061995", "gender": "M", "name": "Lewies", "natid": "s9520789h", "salary": "4000", "tax": "300"}' 
 </msg>
<msg timestamp="20221031 19:15:58.812" level="INFO">POST Response : url=http://localhost:8080/calculator/insert 
 status=202, reason= 
 headers={'Content-Type': 'text/plain;charset=UTF-8', 'Content-Length': '7', 'Date': 'Mon, 31 Oct 2022 11:15:58 GMT'} 
 body=Alright 
 </msg>
<msg timestamp="20221031 19:15:58.812" level="INFO">${response2} = &lt;Response [202]&gt;</msg>
<status status="PASS" starttime="20221031 19:15:58.806" endtime="20221031 19:15:58.812"/>
</kw>
<kw name="Convert To String" library="BuiltIn">
<var>${status_code}</var>
<arg>${response.status_code}</arg>
<doc>Converts the given item to a Unicode string.</doc>
<msg timestamp="20221031 19:15:58.813" level="INFO">${status_code} = 202</msg>
<status status="PASS" starttime="20221031 19:15:58.812" endtime="20221031 19:15:58.813"/>
</kw>
<kw name="Should Be Equal" library="BuiltIn">
<arg>${status_code}</arg>
<arg>500</arg>
<doc>Fails if the given objects are unequal.</doc>
<msg timestamp="20221031 19:15:58.813" level="FAIL">202 != 500</msg>
<status status="FAIL" starttime="20221031 19:15:58.813" endtime="20221031 19:15:58.813"/>
</kw>
<kw name="POST On Session" library="RequestsLibrary" type="TEARDOWN">
<arg>session</arg>
<arg>/calculator/rakeDatabase</arg>
<doc>Sends a POST request on a previously created HTTP Session.</doc>
<msg timestamp="20221031 19:15:58.817" level="INFO">POST Request : url=http://localhost:8080/calculator/rakeDatabase 
 path_url=/calculator/rakeDatabase 
 headers={'User-Agent': 'python-requests/2.28.1', 'Accept-Encoding': 'gzip, deflate', 'Accept': '*/*', 'Connection': 'keep-alive', 'Content-Length': '0'} 
 body=None 
 </msg>
<msg timestamp="20221031 19:15:58.817" level="INFO">POST Response : url=http://localhost:8080/calculator/rakeDatabase 
 status=200, reason= 
 headers={'Content-Type': 'text/plain;charset=UTF-8', 'Content-Length': '21', 'Date': 'Mon, 31 Oct 2022 11:15:58 GMT'} 
 body=Successfully raked DB 
 </msg>
<status status="PASS" starttime="20221031 19:15:58.814" endtime="20221031 19:15:58.817"/>
</kw>
<doc>The REST request should be able to identify that a particular record already exists in the table, ideally using natid. It should then throw a warning or refuse the request</doc>
<tag>Functional</tag>
<tag>Logical</tag>
<status status="FAIL" starttime="20221031 19:15:58.799" endtime="20221031 19:15:58.818">202 != 500</status>
</test>
<status status="FAIL" starttime="20221031 19:15:58.796" endtime="20221031 19:15:58.818"/>
</suite>
<suite id="s1-s1-s15" name="TC 15 Insert Single Person INVALID LogicalErrorBirthdateInFuture" source="C:\Users\lewie\PycharmProjects\Oppenheimer\OppenheimerUS1\TC_15_Insert_Single_Person_INVALID_LogicalErrorBirthdateInFuture.robot">
<test id="s1-s1-s15-t1" name="TC_15:Insert_Single_Person_INVALID_LogicalErrorBirthdateInFuture" line="12">
<kw name="Create Session" library="RequestsLibrary">
<arg>session</arg>
<arg>${base_url}</arg>
<doc>Create Session: create a HTTP session to a server</doc>
<msg timestamp="20221031 19:15:58.822" level="INFO">Creating Session using : alias=session, url=http://localhost:8080, headers={},                     cookies={}, auth=None, timeout=None, proxies=None, verify=False,                     debug=0 </msg>
<status status="PASS" starttime="20221031 19:15:58.822" endtime="20221031 19:15:58.823"/>
</kw>
<kw name="Create Dictionary" library="BuiltIn">
<var>${body}</var>
<arg>birthday=17062030</arg>
<arg>gender=M</arg>
<arg>name=Lewies</arg>
<arg>natid=s9520789h</arg>
<arg>salary=4000</arg>
<arg>tax=300</arg>
<doc>Creates and returns a dictionary based on the given ``items``.</doc>
<msg timestamp="20221031 19:15:58.823" level="INFO">${body} = {'birthday': '17062030', 'gender': 'M', 'name': 'Lewies', 'natid': 's9520789h', 'salary': '4000', 'tax': '300'}</msg>
<status status="PASS" starttime="20221031 19:15:58.823" endtime="20221031 19:15:58.824"/>
</kw>
<kw name="Create Dictionary" library="BuiltIn">
<var>${header}</var>
<arg>Content-Type=application/json</arg>
<doc>Creates and returns a dictionary based on the given ``items``.</doc>
<msg timestamp="20221031 19:15:58.824" level="INFO">${header} = {'Content-Type': 'application/json'}</msg>
<status status="PASS" starttime="20221031 19:15:58.824" endtime="20221031 19:15:58.824"/>
</kw>
<kw name="POST On Session" library="RequestsLibrary">
<var>${response}</var>
<arg>session</arg>
<arg>/calculator/insert</arg>
<arg>json=${body}</arg>
<arg>headers=${header}</arg>
<doc>Sends a POST request on a previously created HTTP Session.</doc>
<msg timestamp="20221031 19:15:58.828" level="INFO">POST Request : url=http://localhost:8080/calculator/insert 
 path_url=/calculator/insert 
 headers={'User-Agent': 'python-requests/2.28.1', 'Accept-Encoding': 'gzip, deflate', 'Accept': '*/*', 'Connection': 'keep-alive', 'Content-Type': 'application/json', 'Content-Length': '111'} 
 body=b'{"birthday": "17062030", "gender": "M", "name": "Lewies", "natid": "s9520789h", "salary": "4000", "tax": "300"}' 
 </msg>
<msg timestamp="20221031 19:15:58.828" level="INFO">POST Response : url=http://localhost:8080/calculator/insert 
 status=202, reason= 
 headers={'Content-Type': 'text/plain;charset=UTF-8', 'Content-Length': '7', 'Date': 'Mon, 31 Oct 2022 11:15:58 GMT'} 
 body=Alright 
 </msg>
<msg timestamp="20221031 19:15:58.828" level="INFO">${response} = &lt;Response [202]&gt;</msg>
<status status="PASS" starttime="20221031 19:15:58.824" endtime="20221031 19:15:58.828"/>
</kw>
<kw name="Convert To String" library="BuiltIn">
<var>${status_code}</var>
<arg>${response.status_code}</arg>
<doc>Converts the given item to a Unicode string.</doc>
<msg timestamp="20221031 19:15:58.829" level="INFO">${status_code} = 202</msg>
<status status="PASS" starttime="20221031 19:15:58.829" endtime="20221031 19:15:58.829"/>
</kw>
<kw name="Should Be Equal" library="BuiltIn">
<arg>${status_code}</arg>
<arg>500</arg>
<doc>Fails if the given objects are unequal.</doc>
<msg timestamp="20221031 19:15:58.829" level="FAIL">202 != 500</msg>
<status status="FAIL" starttime="20221031 19:15:58.829" endtime="20221031 19:15:58.829"/>
</kw>
<kw name="POST On Session" library="RequestsLibrary" type="TEARDOWN">
<arg>session</arg>
<arg>/calculator/rakeDatabase</arg>
<doc>Sends a POST request on a previously created HTTP Session.</doc>
<msg timestamp="20221031 19:15:58.834" level="INFO">POST Request : url=http://localhost:8080/calculator/rakeDatabase 
 path_url=/calculator/rakeDatabase 
 headers={'User-Agent': 'python-requests/2.28.1', 'Accept-Encoding': 'gzip, deflate', 'Accept': '*/*', 'Connection': 'keep-alive', 'Content-Length': '0'} 
 body=None 
 </msg>
<msg timestamp="20221031 19:15:58.834" level="INFO">POST Response : url=http://localhost:8080/calculator/rakeDatabase 
 status=200, reason= 
 headers={'Content-Type': 'text/plain;charset=UTF-8', 'Content-Length': '21', 'Date': 'Mon, 31 Oct 2022 11:15:58 GMT'} 
 body=Successfully raked DB 
 </msg>
<status status="PASS" starttime="20221031 19:15:58.830" endtime="20221031 19:15:58.834"/>
</kw>
<doc>The REST request should be able to identify invalid birthdates such as those in the future or in very recent years</doc>
<tag>Functional</tag>
<tag>Logical</tag>
<status status="FAIL" starttime="20221031 19:15:58.822" endtime="20221031 19:15:58.834">202 != 500</status>
</test>
<status status="FAIL" starttime="20221031 19:15:58.819" endtime="20221031 19:15:58.835"/>
</suite>
<status status="FAIL" starttime="20221031 19:15:58.333" endtime="20221031 19:15:58.836"/>
</suite>
<suite id="s1-s2" name="OppenheimerUS2" source="C:\Users\lewie\PycharmProjects\Oppenheimer\OppenheimerUS2">
<suite id="s1-s2-s1" name="TC 01 Insert Multiple Persons VALID" source="C:\Users\lewie\PycharmProjects\Oppenheimer\OppenheimerUS2\TC_01_Insert_Multiple_Persons_VALID.robot">
<test id="s1-s2-s1-t1" name="TC_01:Insert_Multiple_Persons_VALID" line="12">
<kw name="Create Session" library="RequestsLibrary">
<arg>session</arg>
<arg>${base_url}</arg>
<doc>Create Session: create a HTTP session to a server</doc>
<msg timestamp="20221031 19:15:58.844" level="INFO">Creating Session using : alias=session, url=http://localhost:8080, headers={},                     cookies={}, auth=None, timeout=None, proxies=None, verify=False,                     debug=0 </msg>
<status status="PASS" starttime="20221031 19:15:58.844" endtime="20221031 19:15:58.844"/>
</kw>
<kw name="Create List" library="BuiltIn">
<var>${list}</var>
<doc>Returns a list containing given items.</doc>
<msg timestamp="20221031 19:15:58.844" level="INFO">${list} = []</msg>
<status status="PASS" starttime="20221031 19:15:58.844" endtime="20221031 19:15:58.844"/>
</kw>
<kw name="Create Dictionary" library="BuiltIn">
<var>${body1}</var>
<arg>birthday=17061995</arg>
<arg>gender=M</arg>
<arg>name=Lewies</arg>
<arg>natid=s12345678h</arg>
<arg>salary=4000</arg>
<arg>tax=400</arg>
<doc>Creates and returns a dictionary based on the given ``items``.</doc>
<msg timestamp="20221031 19:15:58.845" level="INFO">${body1} = {'birthday': '17061995', 'gender': 'M', 'name': 'Lewies', 'natid': 's12345678h', 'salary': '4000', 'tax': '400'}</msg>
<status status="PASS" starttime="20221031 19:15:58.844" endtime="20221031 19:15:58.845"/>
</kw>
<kw name="Append To List" library="Collections">
<arg>${list}</arg>
<arg>${body1}</arg>
<doc>Adds ``values`` to the end of ``list``.</doc>
<status status="PASS" starttime="20221031 19:15:58.845" endtime="20221031 19:15:58.845"/>
</kw>
<kw name="Create Dictionary" library="BuiltIn">
<var>${body2}</var>
<arg>birthday=04071997</arg>
<arg>gender=F</arg>
<arg>name=TesterB</arg>
<arg>natid=s87654321a</arg>
<arg>salary=3000</arg>
<arg>tax=250</arg>
<doc>Creates and returns a dictionary based on the given ``items``.</doc>
<msg timestamp="20221031 19:15:58.845" level="INFO">${body2} = {'birthday': '04071997', 'gender': 'F', 'name': 'TesterB', 'natid': 's87654321a', 'salary': '3000', 'tax': '250'}</msg>
<status status="PASS" starttime="20221031 19:15:58.845" endtime="20221031 19:15:58.845"/>
</kw>
<kw name="Append To List" library="Collections">
<arg>${list}</arg>
<arg>${body2}</arg>
<doc>Adds ``values`` to the end of ``list``.</doc>
<status status="PASS" starttime="20221031 19:15:58.846" endtime="20221031 19:15:58.846"/>
</kw>
<kw name="Create Dictionary" library="BuiltIn">
<var>${body3}</var>
<arg>birthday=01011960</arg>
<arg>gender=F</arg>
<arg>name=TesterC</arg>
<arg>natid=s11223344d</arg>
<arg>salary=8000</arg>
<arg>tax=2000</arg>
<doc>Creates and returns a dictionary based on the given ``items``.</doc>
<msg timestamp="20221031 19:15:58.846" level="INFO">${body3} = {'birthday': '01011960', 'gender': 'F', 'name': 'TesterC', 'natid': 's11223344d', 'salary': '8000', 'tax': '2000'}</msg>
<status status="PASS" starttime="20221031 19:15:58.846" endtime="20221031 19:15:58.846"/>
</kw>
<kw name="Append To List" library="Collections">
<arg>${list}</arg>
<arg>${body3}</arg>
<doc>Adds ``values`` to the end of ``list``.</doc>
<status status="PASS" starttime="20221031 19:15:58.846" endtime="20221031 19:15:58.846"/>
</kw>
<kw name="Create Dictionary" library="BuiltIn">
<var>${header}</var>
<arg>Content-Type=application/json</arg>
<doc>Creates and returns a dictionary based on the given ``items``.</doc>
<msg timestamp="20221031 19:15:58.847" level="INFO">${header} = {'Content-Type': 'application/json'}</msg>
<status status="PASS" starttime="20221031 19:15:58.847" endtime="20221031 19:15:58.847"/>
</kw>
<kw name="POST On Session" library="RequestsLibrary">
<var>${response}</var>
<arg>session</arg>
<arg>/calculator/insertMultiple</arg>
<arg>json=${list}</arg>
<arg>headers=${header}</arg>
<doc>Sends a POST request on a previously created HTTP Session.</doc>
<msg timestamp="20221031 19:15:58.852" level="INFO">POST Request : url=http://localhost:8080/calculator/insertMultiple 
 path_url=/calculator/insertMultiple 
 headers={'User-Agent': 'python-requests/2.28.1', 'Accept-Encoding': 'gzip, deflate', 'Accept': '*/*', 'Connection': 'keep-alive', 'Content-Type': 'application/json', 'Content-Length': '345'} 
 body=b'[{"birthday": "17061995", "gender": "M", "name": "Lewies", "natid": "s12345678h", "salary": "4000", "tax": "400"}, {"birthday": "04071997", "gender": "F", "name": "TesterB", "natid": "s87654321a", "salary": "3000", "tax": "250"}, {"birthday": "01011960", "gender": "F", "name": "TesterC", "natid": "s11223344d", "salary": "8000", "tax": "2000"}]' 
 </msg>
<msg timestamp="20221031 19:15:58.852" level="INFO">POST Response : url=http://localhost:8080/calculator/insertMultiple 
 status=202, reason= 
 headers={'Content-Type': 'text/plain;charset=UTF-8', 'Content-Length': '7', 'Date': 'Mon, 31 Oct 2022 11:15:58 GMT'} 
 body=Alright 
 </msg>
<msg timestamp="20221031 19:15:58.852" level="INFO">${response} = &lt;Response [202]&gt;</msg>
[...]
<status status="PASS" starttime="20221031 19:20:38.795" endtime="20221031 19:20:40.394"/>
</kw>
<kw name="Wait Until Element Is Visible" library="SeleniumLibrary">
<arg>xpath:/html/body/div/div[2]/div/a[2]</arg>
<arg>timeout=5</arg>
<doc>Waits until the element ``locator`` is visible.</doc>
<status status="PASS" starttime="20221031 19:20:40.394" endtime="20221031 19:20:40.414"/>
</kw>
<kw name="Get WebElement" library="SeleniumLibrary">
<var>${button_element}</var>
<arg>xpath=/html/body/div/div[2]/div/a[2]</arg>
<doc>Returns the first WebElement matching the given ``locator``.</doc>
<msg timestamp="20221031 19:20:40.420" level="INFO">${button_element} = &lt;selenium.webdriver.remote.webelement.WebElement (session="b74b52c332d3da95993ef78d80d7b52c", element="d4195b26-720d-4921-9acd-fe37e912d075")&gt;</msg>
<status status="PASS" starttime="20221031 19:20:40.414" endtime="20221031 19:20:40.420"/>
</kw>
<kw name="Set Variable" library="BuiltIn">
<var>${button_element_text}</var>
<arg>${button_element.text}</arg>
<doc>Returns the given values which can then be assigned to a variables.</doc>
<msg timestamp="20221031 19:20:40.429" level="INFO">${button_element_text} = Dispense Now</msg>
<status status="PASS" starttime="20221031 19:20:40.420" endtime="20221031 19:20:40.429"/>
</kw>
<kw name="Should Be Equal" library="BuiltIn">
<arg>${button_element_text}</arg>
<arg>Dispense Now</arg>
<doc>Fails if the given objects are unequal.</doc>
<status status="PASS" starttime="20221031 19:20:40.430" endtime="20221031 19:20:40.430"/>
</kw>
<kw name="Run Keyword" library="BuiltIn" type="TEARDOWN">
<arg>Teardown</arg>
<doc>Executes the given keyword with the given arguments.</doc>
<kw name="Teardown">
<kw name="POST On Session" library="RequestsLibrary">
<arg>session</arg>
<arg>/calculator/rakeDatabase</arg>
<doc>Sends a POST request on a previously created HTTP Session.</doc>
<msg timestamp="20221031 19:20:40.434" level="INFO">POST Request : url=http://localhost:8080/calculator/rakeDatabase 
 path_url=/calculator/rakeDatabase 
 headers={'User-Agent': 'python-requests/2.28.1', 'Accept-Encoding': 'gzip, deflate', 'Accept': '*/*', 'Connection': 'keep-alive', 'Content-Length': '0'} 
 body=None 
 </msg>
<msg timestamp="20221031 19:20:40.434" level="INFO">POST Response : url=http://localhost:8080/calculator/rakeDatabase 
 status=200, reason= 
 headers={'Content-Type': 'text/plain;charset=UTF-8', 'Content-Length': '21', 'Date': 'Mon, 31 Oct 2022 11:20:39 GMT'} 
 body=Successfully raked DB 
 </msg>
<status status="PASS" starttime="20221031 19:20:40.430" endtime="20221031 19:20:40.434"/>
</kw>
<kw name="Close Browser" library="SeleniumLibrary">
<doc>Closes the current browser.</doc>
<status status="PASS" starttime="20221031 19:20:40.434" endtime="20221031 19:20:42.545"/>
</kw>
<status status="PASS" starttime="20221031 19:20:40.430" endtime="20221031 19:20:42.545"/>
</kw>
<status status="PASS" starttime="20221031 19:20:40.430" endtime="20221031 19:20:42.545"/>
</kw>
<tag>Functional</tag>
<tag>Portability-E</tag>
<tag>Smoke</tag>
<status status="PASS" starttime="20221031 19:20:38.794" endtime="20221031 19:20:42.545"/>
</test>
<test id="s1-s5-s3-t3" name="TC_03_03:Dispense_Button_ClickAndDivertEdge" line="46">
<kw name="Create Session" library="RequestsLibrary">
<arg>session</arg>
<arg>${base_url}</arg>
<doc>Create Session: create a HTTP session to a server</doc>
<msg timestamp="20221031 19:20:42.547" level="INFO">Creating Session using : alias=session, url=http://localhost:8080, headers={},                     cookies={}, auth=None, timeout=None, proxies=None, verify=False,                     debug=0 </msg>
<status status="PASS" starttime="20221031 19:20:42.546" endtime="20221031 19:20:42.547"/>
</kw>
<kw name="Open Browser" library="SeleniumLibrary">
<arg>http://localhost:8080/</arg>
<arg>edge</arg>
<doc>Opens a new browser instance to the optional ``url``.</doc>
<msg timestamp="20221031 19:20:42.547" level="INFO">Opening browser 'edge' to base url 'http://localhost:8080/'.</msg>
<status status="PASS" starttime="20221031 19:20:42.547" endtime="20221031 19:20:44.138"/>
</kw>
<kw name="Wait Until Element Is Visible" library="SeleniumLibrary">
<arg>xpath:/html/body/div/div[2]/div/a[2]</arg>
<arg>timeout=5</arg>
<doc>Waits until the element ``locator`` is visible.</doc>
<status status="PASS" starttime="20221031 19:20:44.138" endtime="20221031 19:20:44.164"/>
</kw>
<kw name="Click Element" library="SeleniumLibrary">
<arg>xpath:/html/body/div/div[2]/div/a[2]</arg>
<doc>Click the element identified by ``locator``.</doc>
<msg timestamp="20221031 19:20:44.164" level="INFO">Clicking element 'xpath:/html/body/div/div[2]/div/a[2]'.</msg>
<status status="PASS" starttime="20221031 19:20:44.164" endtime="20221031 19:20:44.399"/>
</kw>
<kw name="Wait Until Element Is Visible" library="SeleniumLibrary">
<arg>xpath:/html/body/div/div/div/main/div/div/div</arg>
<arg>timeout=5</arg>
<doc>Waits until the element ``locator`` is visible.</doc>
<status status="PASS" starttime="20221031 19:20:44.400" endtime="20221031 19:20:44.418"/>
</kw>
<kw name="Get WebElement" library="SeleniumLibrary">
<var>${text_element}</var>
<arg>xpath:/html/body/div/div/div/main/div/div/div</arg>
<doc>Returns the first WebElement matching the given ``locator``.</doc>
<msg timestamp="20221031 19:20:44.429" level="INFO">${text_element} = &lt;selenium.webdriver.remote.webelement.WebElement (session="f5bd648fc658517cdf3ad137c95945c6", element="9c2325d2-3d88-4797-a95e-ef1c399d91be")&gt;</msg>
<status status="PASS" starttime="20221031 19:20:44.420" endtime="20221031 19:20:44.429"/>
</kw>
<kw name="Set Variable" library="BuiltIn">
<var>${text_element_text}</var>
<arg>${text_element.text}</arg>
<doc>Returns the given values which can then be assigned to a variables.</doc>
<msg timestamp="20221031 19:20:44.442" level="INFO">${text_element_text} = Cash dispensed</msg>
<status status="PASS" starttime="20221031 19:20:44.429" endtime="20221031 19:20:44.442"/>
</kw>
<kw name="Should Be Equal" library="BuiltIn">
<arg>${text_element_text}</arg>
<arg>Cash dispensed</arg>
<doc>Fails if the given objects are unequal.</doc>
<status status="PASS" starttime="20221031 19:20:44.442" endtime="20221031 19:20:44.442"/>
</kw>
<kw name="Run Keyword" library="BuiltIn" type="TEARDOWN">
<arg>Teardown</arg>
<doc>Executes the given keyword with the given arguments.</doc>
<kw name="Teardown">
<kw name="POST On Session" library="RequestsLibrary">
<arg>session</arg>
<arg>/calculator/rakeDatabase</arg>
<doc>Sends a POST request on a previously created HTTP Session.</doc>
<msg timestamp="20221031 19:20:44.449" level="INFO">POST Request : url=http://localhost:8080/calculator/rakeDatabase 
 path_url=/calculator/rakeDatabase 
 headers={'User-Agent': 'python-requests/2.28.1', 'Accept-Encoding': 'gzip, deflate', 'Accept': '*/*', 'Connection': 'keep-alive', 'Content-Length': '0'} 
 body=None 
 </msg>
<msg timestamp="20221031 19:20:44.449" level="INFO">POST Response : url=http://localhost:8080/calculator/rakeDatabase 
 status=200, reason= 
 headers={'Content-Type': 'text/plain;charset=UTF-8', 'Content-Length': '21', 'Date': 'Mon, 31 Oct 2022 11:20:43 GMT'} 
 body=Successfully raked DB 
 </msg>
<status status="PASS" starttime="20221031 19:20:44.443" endtime="20221031 19:20:44.449"/>
</kw>
<kw name="Close Browser" library="SeleniumLibrary">
<doc>Closes the current browser.</doc>
<status status="PASS" starttime="20221031 19:20:44.449" endtime="20221031 19:20:46.544"/>
</kw>
<status status="PASS" starttime="20221031 19:20:44.443" endtime="20221031 19:20:46.544"/>
</kw>
<status status="PASS" starttime="20221031 19:20:44.443" endtime="20221031 19:20:46.544"/>
</kw>
<tag>Functional</tag>
<tag>Portability-E</tag>
<tag>Smoke</tag>
<status status="PASS" starttime="20221031 19:20:42.546" endtime="20221031 19:20:46.545"/>
</test>
<status status="PASS" starttime="20221031 19:20:34.989" endtime="20221031 19:20:46.545"/>
</suite>
<status status="PASS" starttime="20221031 19:20:03.695" endtime="20221031 19:20:46.546"/>
</suite>
<status status="FAIL" starttime="20221031 19:15:58.310" endtime="20221031 19:20:46.548"/>
</suite>
<statistics>
<total>
<stat pass="73" fail="27" skip="0">All Tests</stat>
</total>
<tag>
<stat pass="73" fail="27" skip="0">Functional</stat>
<stat pass="0" fail="15" skip="0">Logical</stat>
<stat pass="15" fail="5" skip="0">Portability-C</stat>
<stat pass="15" fail="5" skip="0">Portability-E</stat>
<stat pass="15" fail="5" skip="0">Portability-FF</stat>
<stat pass="21" fail="1" skip="0">Smoke</stat>
</tag>
<suite>
<stat pass="73" fail="27" skip="0" id="s1" name="Oppenheimer">Oppenheimer</stat>
<stat pass="10" fail="5" skip="0" id="s1-s1" name="OppenheimerUS1">Oppenheimer.OppenheimerUS1</stat>
<stat pass="1" fail="0" skip="0" id="s1-s1-s1" name="TC 01 Insert Single Person VALID">Oppenheimer.OppenheimerUS1.TC 01 Insert Single Person VALID</stat>
<stat pass="1" fail="0" skip="0" id="s1-s1-s2" name="TC 02 Insert Single Person INVALID NoData">Oppenheimer.OppenheimerUS1.TC 02 Insert Single Person INVALID NoData</stat>
<stat pass="1" fail="0" skip="0" id="s1-s1-s3" name="TC 03 Insert Single Person INVALID InvalidDataEnum">Oppenheimer.OppenheimerUS1.TC 03 Insert Single Person INVALID InvalidDataEnum</stat>
<stat pass="0" fail="1" skip="0" id="s1-s1-s4" name="TC 04 Insert Single Person INVALID AdditionalField">Oppenheimer.OppenheimerUS1.TC 04 Insert Single Person INVALID AdditionalField</stat>
<stat pass="1" fail="0" skip="0" id="s1-s1-s5" name="TC 05 Insert Single Person INVALID MissingDataBirthday">Oppenheimer.OppenheimerUS1.TC 05 Insert Single Person INVALID MissingDataBirthday</stat>
<stat pass="0" fail="1" skip="0" id="s1-s1-s6" name="TC 06 Insert Single Person INVALID MissingDataGender">Oppenheimer.OppenheimerUS1.TC 06 Insert Single Person INVALID MissingDataGender</stat>
<stat pass="1" fail="0" skip="0" id="s1-s1-s7" name="TC 07 Insert Single Person INVALID MissingDataName">Oppenheimer.OppenheimerUS1.TC 07 Insert Single Person INVALID MissingDataName</stat>
<stat pass="1" fail="0" skip="0" id="s1-s1-s8" name="TC 08 Insert Single Person INVALID MissingDataNatid">Oppenheimer.OppenheimerUS1.TC 08 Insert Single Person INVALID MissingDataNatid</stat>
<stat pass="1" fail="0" skip="0" id="s1-s1-s9" name="TC 09 Insert Single Person INVALID MissingDataSalary">Oppenheimer.OppenheimerUS1.TC 09 Insert Single Person INVALID MissingDataSalary</stat>
<stat pass="1" fail="0" skip="0" id="s1-s1-s10" name="TC 10 Insert Single Person INVALID MissingDataTax">Oppenheimer.OppenheimerUS1.TC 10 Insert Single Person INVALID MissingDataTax</stat>
<stat pass="1" fail="0" skip="0" id="s1-s1-s11" name="TC 11 Insert Single Person INVALID InvalidHeaderType">Oppenheimer.OppenheimerUS1.TC 11 Insert Single Person INVALID InvalidHeaderType</stat>
<stat pass="0" fail="1" skip="0" id="s1-s1-s12" name="TC 12 Insert Single Person INVALID LogicalErrorTaxHigherThanSalary">Oppenheimer.OppenheimerUS1.TC 12 Insert Single Person INVALID LogicalErrorTaxHigherThanSalary</stat>
<stat pass="1" fail="0" skip="0" id="s1-s1-s13" name="TC 13 Insert Single Person INVALID InvalidDataFormatDate">Oppenheimer.OppenheimerUS1.TC 13 Insert Single Person INVALID InvalidDataFormatDate</stat>
<stat pass="0" fail="1" skip="0" id="s1-s1-s14" name="TC 14 Insert Single Person INVALID LogicalErrorNatidAlreadyExists">Oppenheimer.OppenheimerUS1.TC 14 Insert Single Person INVALID LogicalErrorNatidAlreadyExists</stat>
<stat pass="0" fail="1" skip="0" id="s1-s1-s15" name="TC 15 Insert Single Person INVALID LogicalErrorBirthdateInFuture">Oppenheimer.OppenheimerUS1.TC 15 Insert Single Person INVALID LogicalErrorBirthdateInFuture</stat>
<stat pass="11" fail="6" skip="0" id="s1-s2" name="OppenheimerUS2">Oppenheimer.OppenheimerUS2</stat>
<stat pass="1" fail="0" skip="0" id="s1-s2-s1" name="TC 01 Insert Multiple Persons VALID">Oppenheimer.OppenheimerUS2.TC 01 Insert Multiple Persons VALID</stat>
<stat pass="0" fail="1" skip="0" id="s1-s2-s2" name="TC 02 Insert Multiple Persons INVALID EmptyList">Oppenheimer.OppenheimerUS2.TC 02 Insert Multiple Persons INVALID EmptyList</stat>
<stat pass="1" fail="0" skip="0" id="s1-s2-s3" name="TC 03 Insert Multiple Persons INVALID EmptyJSON">Oppenheimer.OppenheimerUS2.TC 03 Insert Multiple Persons INVALID EmptyJSON</stat>
<stat pass="1" fail="0" skip="0" id="s1-s2-s4" name="TC 04 Insert Multiple Persons INVALID ListWithValidAndEmptyJSON">Oppenheimer.OppenheimerUS2.TC 04 Insert Multiple Persons INVALID ListWithValidAndEmptyJSON</stat>
<stat pass="1" fail="0" skip="0" id="s1-s2-s5" name="TC 05 Insert Multiple Persons INVALID InvalidDataEnum">Oppenheimer.OppenheimerUS2.TC 05 Insert Multiple Persons INVALID InvalidDataEnum</stat>
<stat pass="1" fail="0" skip="0" id="s1-s2-s6" name="TC 06 Insert Multiple Persons INVALID InvalidDataFormat">Oppenheimer.OppenheimerUS2.TC 06 Insert Multiple Persons INVALID InvalidDataFormat</stat>
<stat pass="0" fail="1" skip="0" id="s1-s2-s7" name="TC 07 Insert Multiple Persons INVALID AdditionalField">Oppenheimer.OppenheimerUS2.TC 07 Insert Multiple Persons INVALID AdditionalField</stat>
<stat pass="1" fail="0" skip="0" id="s1-s2-s8" name="TC 08 Insert Multiple Persons INVALID MissingFieldBirthday">Oppenheimer.OppenheimerUS2.TC 08 Insert Multiple Persons INVALID MissingFieldBirthday</stat>
<stat pass="0" fail="1" skip="0" id="s1-s2-s9" name="TC 09 Insert Multiple Persons INVALID MissingFieldGender">Oppenheimer.OppenheimerUS2.TC 09 Insert Multiple Persons INVALID MissingFieldGender</stat>
<stat pass="1" fail="0" skip="0" id="s1-s2-s10" name="TC 10 Insert Multiple Persons INVALID MissingFieldName">Oppenheimer.OppenheimerUS2.TC 10 Insert Multiple Persons INVALID MissingFieldName</stat>
<stat pass="1" fail="0" skip="0" id="s1-s2-s11" name="TC 11 Insert Multiple Persons INVALID MissingFieldNatid">Oppenheimer.OppenheimerUS2.TC 11 Insert Multiple Persons INVALID MissingFieldNatid</stat>
<stat pass="1" fail="0" skip="0" id="s1-s2-s12" name="TC 12 Insert Multiple Persons INVALID MissingFieldSalary">Oppenheimer.OppenheimerUS2.TC 12 Insert Multiple Persons INVALID MissingFieldSalary</stat>
<stat pass="1" fail="0" skip="0" id="s1-s2-s13" name="TC 13 Insert Multiple Persons INVALID MissingFieldTax">Oppenheimer.OppenheimerUS2.TC 13 Insert Multiple Persons INVALID MissingFieldTax</stat>
<stat pass="1" fail="0" skip="0" id="s1-s2-s14" name="TC 14 Insert Multiple Persons INVALID InvalidHeaderType">Oppenheimer.OppenheimerUS2.TC 14 Insert Multiple Persons INVALID InvalidHeaderType</stat>
<stat pass="0" fail="1" skip="0" id="s1-s2-s15" name="TC 15 Insert Multiple Persons INVALID LogicalErrorTaxHigherThanSalary">Oppenheimer.OppenheimerUS2.TC 15 Insert Multiple Persons INVALID LogicalErrorTaxHigherThanSalary</stat>
<stat pass="0" fail="1" skip="0" id="s1-s2-s16" name="TC 16 Insert Multiple Persons INVALID LogicalErrorNatidAlreadyExists">Oppenheimer.OppenheimerUS2.TC 16 Insert Multiple Persons INVALID LogicalErrorNatidAlreadyExists</stat>
<stat pass="0" fail="1" skip="0" id="s1-s2-s17" name="TC 17 Insert Multiple Persons INVALID LogicalErrorBirthdateInFuture">Oppenheimer.OppenheimerUS2.TC 17 Insert Multiple Persons INVALID LogicalErrorBirthdateInFuture</stat>
<stat pass="36" fail="15" skip="0" id="s1-s3" name="OppenheimerUS3">Oppenheimer.OppenheimerUS3</stat>
<stat pass="1" fail="0" skip="0" id="s1-s3-s1" name="TC 01 Insert CSV File Chrome">Oppenheimer.OppenheimerUS3.TC 01 Insert CSV File Chrome</stat>
<stat pass="1" fail="0" skip="0" id="s1-s3-s2" name="TC 02 Insert CSV File Firefox">Oppenheimer.OppenheimerUS3.TC 02 Insert CSV File Firefox</stat>
<stat pass="1" fail="0" skip="0" id="s1-s3-s3" name="TC 03 Insert CSV File Edge">Oppenheimer.OppenheimerUS3.TC 03 Insert CSV File Edge</stat>
<stat pass="3" fail="0" skip="0" id="s1-s3-s4" name="TS 04 Insert CSV File INVALID EmptyRows">Oppenheimer.OppenheimerUS3.TS 04 Insert CSV File INVALID EmptyRows</stat>
<stat pass="3" fail="0" skip="0" id="s1-s3-s5" name="TS 05 Insert CSV File INVALID EmptyFile">Oppenheimer.OppenheimerUS3.TS 05 Insert CSV File INVALID EmptyFile</stat>
<stat pass="0" fail="3" skip="0" id="s1-s3-s6" name="TS 06 Insert CSV File INVALID PdfFormat">Oppenheimer.OppenheimerUS3.TS 06 Insert CSV File INVALID PdfFormat</stat>
<stat pass="0" fail="3" skip="0" id="s1-s3-s7" name="TS 07 Insert CSV File INVALID XlsFormat">Oppenheimer.OppenheimerUS3.TS 07 Insert CSV File INVALID XlsFormat</stat>
<stat pass="3" fail="0" skip="0" id="s1-s3-s8" name="TS 08 Insert CSV File INVALID MissingData">Oppenheimer.OppenheimerUS3.TS 08 Insert CSV File INVALID MissingData</stat>
<stat pass="3" fail="0" skip="0" id="s1-s3-s9" name="TS 09 Insert CSV File INVALID MissingNatid">Oppenheimer.OppenheimerUS3.TS 09 Insert CSV File INVALID MissingNatid</stat>
<stat pass="3" fail="0" skip="0" id="s1-s3-s10" name="TS 10 Insert CSV File INVALID MissingName">Oppenheimer.OppenheimerUS3.TS 10 Insert CSV File INVALID MissingName</stat>
<stat pass="3" fail="0" skip="0" id="s1-s3-s11" name="TS 11 Insert CSV File INVALID MissingGender">Oppenheimer.OppenheimerUS3.TS 11 Insert CSV File INVALID MissingGender</stat>
<stat pass="3" fail="0" skip="0" id="s1-s3-s12" name="TS 12 Insert CSV File INVALID MissingBirthday">Oppenheimer.OppenheimerUS3.TS 12 Insert CSV File INVALID MissingBirthday</stat>
<stat pass="3" fail="0" skip="0" id="s1-s3-s13" name="TS 13 Insert CSV File INVALID MissingSalary">Oppenheimer.OppenheimerUS3.TS 13 Insert CSV File INVALID MissingSalary</stat>
<stat pass="3" fail="0" skip="0" id="s1-s3-s14" name="TS 14 Insert CSV File INVALID MissingTax">Oppenheimer.OppenheimerUS3.TS 14 Insert CSV File INVALID MissingTax</stat>
<stat pass="3" fail="0" skip="0" id="s1-s3-s15" name="TS 15 Insert CSV File INVALID ExtraColumn">Oppenheimer.OppenheimerUS3.TS 15 Insert CSV File INVALID ExtraColumn</stat>
<stat pass="3" fail="0" skip="0" id="s1-s3-s16" name="TS 16 Insert CSV File INVALID DateInvalidFormat">Oppenheimer.OppenheimerUS3.TS 16 Insert CSV File INVALID DateInvalidFormat</stat>
<stat pass="0" fail="3" skip="0" id="s1-s3-s17" name="TS 17 Insert CSV File INVALID TaxGreaterThanSalary">Oppenheimer.OppenheimerUS3.TS 17 Insert CSV File INVALID TaxGreaterThanSalary</stat>
<stat pass="0" fail="3" skip="0" id="s1-s3-s18" name="TS 18 Insert CSV File INVALID IllogicalBirthdate">Oppenheimer.OppenheimerUS3.TS 18 Insert CSV File INVALID IllogicalBirthdate</stat>
<stat pass="0" fail="3" skip="0" id="s1-s3-s19" name="TS 19 Insert CSV File INVALID RecordAlreadyExists">Oppenheimer.OppenheimerUS3.TS 19 Insert CSV File INVALID RecordAlreadyExists</stat>
<stat pass="7" fail="1" skip="0" id="s1-s4" name="OppenheimerUS4">Oppenheimer.OppenheimerUS4</stat>
<stat pass="5" fail="0" skip="0" id="s1-s4-s1" name="TC 01 Querying Tax Relief Service AgeVariance">Oppenheimer.OppenheimerUS4.TC 01 Querying Tax Relief Service AgeVariance</stat>
<stat pass="1" fail="0" skip="0" id="s1-s4-s2" name="TC 02 Querying Tax Relief Service Gender">Oppenheimer.OppenheimerUS4.TC 02 Querying Tax Relief Service Gender</stat>
<stat pass="1" fail="0" skip="0" id="s1-s4-s3" name="TC 03 Querying Tax Relief Service Below50Relief">Oppenheimer.OppenheimerUS4.TC 03 Querying Tax Relief Service Below50Relief</stat>
<stat pass="0" fail="1" skip="0" id="s1-s4-s4" name="TC 04 Querying Tax Relief Service DecimalsRounding">Oppenheimer.OppenheimerUS4.TC 04 Querying Tax Relief Service DecimalsRounding</stat>
<stat pass="9" fail="0" skip="0" id="s1-s5" name="OppenheimerUS5">Oppenheimer.OppenheimerUS5</stat>
<stat pass="3" fail="0" skip="0" id="s1-s5-s1" name="TS 01 Dispense Button Chrome">Oppenheimer.OppenheimerUS5.TS 01 Dispense Button Chrome</stat>
<stat pass="3" fail="0" skip="0" id="s1-s5-s2" name="TS 02 Dispense Button Firefox">Oppenheimer.OppenheimerUS5.TS 02 Dispense Button Firefox</stat>
<stat pass="3" fail="0" skip="0" id="s1-s5-s3" name="TS 03 Dispense Button Edge">Oppenheimer.OppenheimerUS5.TS 03 Dispense Button Edge</stat>
</suite>
</statistics>
<errors>
</errors>
</robot>
