<?xml version="1.0" encoding="UTF-8"?>
<robot generator="Robot 6.0 (Python 3.11.0 on win32)" generated="20221028 11:50:28.306" rpa="false" schemaversion="3">
<suite id="s1" name="TS1 Insert Single Person Record" source="C:\Users\lewie\PycharmProjects\OppenheimerUS1\OppenheimerUS1\TS1_Insert_Single_Person_Record.robot">
<test id="s1-t1" name="TC_13:Insert_Single_Person_INVALID_InvalidDataFormatDate" line="132">
<kw name="Create Session" library="RequestsLibrary">
<arg>session</arg>
<arg>${base_url}</arg>
<doc>Create Session: create a HTTP session to a server</doc>
<msg timestamp="20221028 11:50:28.482" level="INFO">Creating Session using : alias=session, url=http://localhost:8080, headers={},                     cookies={}, auth=None, timeout=None, proxies=None, verify=False,                     debug=0 </msg>
<status status="PASS" starttime="20221028 11:50:28.482" endtime="20221028 11:50:28.491"/>
</kw>
<kw name="Create Dictionary" library="BuiltIn">
<var>${body}</var>
<arg>birthday=19950617</arg>
<arg>gender=M</arg>
<arg>name=Lewies</arg>
<arg>natid=s9520789h</arg>
<arg>salary=4000</arg>
<arg>tax=300</arg>
<doc>Creates and returns a dictionary based on the given ``items``.</doc>
<msg timestamp="20221028 11:50:28.491" level="INFO">${body} = {'birthday': '19950617', 'gender': 'M', 'name': 'Lewies', 'natid': 's9520789h', 'salary': '4000', 'tax': '300'}</msg>
<status status="PASS" starttime="20221028 11:50:28.491" endtime="20221028 11:50:28.491"/>
</kw>
<kw name="Create Dictionary" library="BuiltIn">
<var>${header}</var>
<arg>Content-Type=application/json</arg>
<doc>Creates and returns a dictionary based on the given ``items``.</doc>
<msg timestamp="20221028 11:50:28.492" level="INFO">${header} = {'Content-Type': 'application/json'}</msg>
<status status="PASS" starttime="20221028 11:50:28.492" endtime="20221028 11:50:28.492"/>
</kw>
<kw name="POST On Session" library="RequestsLibrary">
<var>${response}</var>
<arg>session</arg>
<arg>/calculator/insert</arg>
<arg>json=${body}</arg>
<arg>headers=${header}</arg>
<arg>expected_status=500</arg>
<doc>Sends a POST request on a previously created HTTP Session.</doc>
<msg timestamp="20221028 11:50:28.514" level="INFO">POST Request : url=http://localhost:8080/calculator/insert 
 path_url=/calculator/insert 
 headers={'User-Agent': 'python-requests/2.28.1', 'Accept-Encoding': 'gzip, deflate', 'Accept': '*/*', 'Connection': 'keep-alive', 'Content-Type': 'application/json', 'Content-Length': '111'} 
 body=b'{"birthday": "19950617", "gender": "M", "name": "Lewies", "natid": "s9520789h", "salary": "4000", "tax": "300"}' 
 </msg>
<msg timestamp="20221028 11:50:28.514" level="INFO">POST Response : url=http://localhost:8080/calculator/insert 
 status=500, reason= 
 headers={'Content-Type': 'application/json;charset=UTF-8', 'Transfer-Encoding': 'chunked', 'Date': 'Fri, 28 Oct 2022 03:50:28 GMT', 'Connection': 'close'} 
 body={"timestamp":"2022-10-28T03:50:28.511+0000","status":500,"error":"Internal Server Error","message":"Text '19950617' could not be parsed: Invalid value for MonthOfYear (valid values 1 - 12): 95","path":"/calculator/insert"} 
 </msg>
<msg timestamp="20221028 11:50:28.514" level="INFO">${response} = &lt;Response [500]&gt;</msg>
<status status="PASS" starttime="20221028 11:50:28.492" endtime="20221028 11:50:28.514"/>
</kw>
<kw name="Convert To String" library="BuiltIn">
<var>${status_code}</var>
<arg>${response.status_code}</arg>
<doc>Converts the given item to a Unicode string.</doc>
<msg timestamp="20221028 11:50:28.515" level="INFO">${status_code} = 500</msg>
<status status="PASS" starttime="20221028 11:50:28.514" endtime="20221028 11:50:28.515"/>
</kw>
<kw name="Should Be Equal" library="BuiltIn">
<arg>${status_code}</arg>
<arg>500</arg>
<doc>Fails if the given objects are unequal.</doc>
<status status="PASS" starttime="20221028 11:50:28.515" endtime="20221028 11:50:28.515"/>
</kw>
<status status="PASS" starttime="20221028 11:50:28.481" endtime="20221028 11:50:28.516"/>
</test>
<status status="PASS" starttime="20221028 11:50:28.308" endtime="20221028 11:50:28.516"/>
</suite>
<statistics>
<total>
<stat pass="1" fail="0" skip="0">All Tests</stat>
</total>
<tag>
</tag>
<suite>
<stat pass="1" fail="0" skip="0" id="s1" name="TS1 Insert Single Person Record">TS1 Insert Single Person Record</stat>
</suite>
</statistics>
<errors>
</errors>
</robot>
